This is pdfTeX, Version 3.141592653-2.6-1.40.22 (MiKTeX 21.3) (preloaded format=pdflatex 2021.4.29)  7 JUN 2023 20:34
entering extended mode
**./presentation_V2.tex
(presentation_V2.tex
LaTeX2e <2020-10-01> patch level 4
L3 programming layer <2021-02-18>
(D:\Program Files\MikTex\tex/latex/beamer\beamer.cls
Document Class: beamer 2021/05/26 v3.63 A class for typesetting presentations
(D:\Program Files\MikTex\tex/latex/beamer\beamerbasemodes.sty
(D:\Program Files\MikTex\tex/latex/etoolbox\etoolbox.sty
Package: etoolbox 2020/10/05 v2.5k e-TeX tools for LaTeX (JAW)
\etb@tempcnta=\count179
)
\beamer@tempbox=\box47
\beamer@tempcount=\count180
\c@beamerpauses=\count181

(D:\Program Files\MikTex\tex/latex/beamer\beamerbasedecode.sty
\beamer@slideinframe=\count182
\beamer@minimum=\count183
\beamer@decode@box=\box48
)
\beamer@commentbox=\box49
\beamer@modecount=\count184
)
(D:\Program Files\MikTex\tex/generic/iftex\ifpdf.sty
Package: ifpdf 2019/10/25 v3.4 ifpdf legacy package. Use iftex instead.

(D:\Program Files\MikTex\tex/generic/iftex\iftex.sty
Package: iftex 2020/03/06 v1.0d TeX engine tests
))
\headdp=\dimen138
\footheight=\dimen139
\sidebarheight=\dimen140
\beamer@tempdim=\dimen141
\beamer@finalheight=\dimen142
\beamer@animht=\dimen143
\beamer@animdp=\dimen144
\beamer@animwd=\dimen145
\beamer@leftmargin=\dimen146
\beamer@rightmargin=\dimen147
\beamer@leftsidebar=\dimen148
\beamer@rightsidebar=\dimen149
\beamer@boxsize=\dimen150
\beamer@vboxoffset=\dimen151
\beamer@descdefault=\dimen152
\beamer@descriptionwidth=\dimen153
\beamer@lastskip=\skip47
\beamer@areabox=\box50
\beamer@animcurrent=\box51
\beamer@animshowbox=\box52
\beamer@sectionbox=\box53
\beamer@logobox=\box54
\beamer@linebox=\box55
\beamer@sectioncount=\count185
\beamer@subsubsectionmax=\count186
\beamer@subsectionmax=\count187
\beamer@sectionmax=\count188
\beamer@totalheads=\count189
\beamer@headcounter=\count190
\beamer@partstartpage=\count191
\beamer@sectionstartpage=\count192
\beamer@subsectionstartpage=\count193
\beamer@animationtempa=\count194
\beamer@animationtempb=\count195
\beamer@xpos=\count196
\beamer@ypos=\count197
\beamer@ypos@offset=\count198
\beamer@showpartnumber=\count199
\beamer@currentsubsection=\count266
\beamer@coveringdepth=\count267
\beamer@sectionadjust=\count268
\beamer@toclastsection=\count269
\beamer@tocsectionnumber=\count270

(D:\Program Files\MikTex\tex/latex/beamer\beamerbaseoptions.sty
(D:\Program Files\MikTex\tex/latex/graphics\keyval.sty
Package: keyval 2014/10/28 v1.15 key=value parser (DPC)
\KV@toks@=\toks15
))
\beamer@paperwidth=\skip48
\beamer@paperheight=\skip49

(D:\Program Files\MikTex\tex/latex/geometry\geometry.sty
Package: geometry 2020/01/02 v5.9 Page Geometry

(D:\Program Files\MikTex\tex/generic/iftex\ifvtex.sty
Package: ifvtex 2019/10/25 v1.7 ifvtex legacy package. Use iftex instead.
)
\Gm@cnth=\count271
\Gm@cntv=\count272
\c@Gm@tempcnt=\count273
\Gm@bindingoffset=\dimen154
\Gm@wd@mp=\dimen155
\Gm@odd@mp=\dimen156
\Gm@even@mp=\dimen157
\Gm@layoutwidth=\dimen158
\Gm@layoutheight=\dimen159
\Gm@layouthoffset=\dimen160
\Gm@layoutvoffset=\dimen161
\Gm@dimlist=\toks16

(D:\Program Files\MikTex\tex/latex/geometry\geometry.cfg))
(D:\Program Files\MikTex\tex/latex/base\size10.clo
File: size10.clo 2020/04/10 v1.4m Standard LaTeX file (size option)
)
(D:\Program Files\MikTex\tex/latex/pgf/basiclayer\pgfcore.sty
(D:\Program Files\MikTex\tex/latex/graphics\graphicx.sty
Package: graphicx 2020/09/09 v1.2b Enhanced LaTeX Graphics (DPC,SPQR)

(D:\Program Files\MikTex\tex/latex/graphics\graphics.sty
Package: graphics 2020/08/30 v1.4c Standard LaTeX Graphics (DPC,SPQR)

(D:\Program Files\MikTex\tex/latex/graphics\trig.sty
Package: trig 2016/01/03 v1.10 sin cos tan (DPC)
)
(D:\Program Files\MikTex\tex/latex/graphics-cfg\graphics.cfg
File: graphics.cfg 2016/06/04 v1.11 sample graphics configuration
)
Package graphics Info: Driver file: pdftex.def on input line 105.

(D:\Program Files\MikTex\tex/latex/graphics-def\pdftex.def
File: pdftex.def 2020/10/05 v1.2a Graphics/color driver for pdftex
))
\Gin@req@height=\dimen162
\Gin@req@width=\dimen163
)
(D:\Program Files\MikTex\tex/latex/pgf/systemlayer\pgfsys.sty
(D:\Program Files\MikTex\tex/latex/pgf/utilities\pgfrcs.sty
(D:\Program Files\MikTex\tex/generic/pgf/utilities\pgfutil-common.tex
\pgfutil@everybye=\toks17
\pgfutil@tempdima=\dimen164
\pgfutil@tempdimb=\dimen165

(D:\Program Files\MikTex\tex/generic/pgf/utilities\pgfutil-common-lists.tex))
(D:\Program Files\MikTex\tex/generic/pgf/utilities\pgfutil-latex.def
\pgfutil@abb=\box56
)
(D:\Program Files\MikTex\tex/generic/pgf/utilities\pgfrcs.code.tex
(D:\Program Files\MikTex\tex/generic/pgf\pgf.revision.tex)
Package: pgfrcs 2020/12/27 v3.1.8b (3.1.8b)
))
(D:\Program Files\MikTex\tex/generic/pgf/systemlayer\pgfsys.code.tex
Package: pgfsys 2020/12/27 v3.1.8b (3.1.8b)

(D:\Program Files\MikTex\tex/generic/pgf/utilities\pgfkeys.code.tex
\pgfkeys@pathtoks=\toks18
\pgfkeys@temptoks=\toks19

(D:\Program Files\MikTex\tex/generic/pgf/utilities\pgfkeysfiltered.code.tex
\pgfkeys@tmptoks=\toks20
))
\pgf@x=\dimen166
\pgf@y=\dimen167
\pgf@xa=\dimen168
\pgf@ya=\dimen169
\pgf@xb=\dimen170
\pgf@yb=\dimen171
\pgf@xc=\dimen172
\pgf@yc=\dimen173
\pgf@xd=\dimen174
\pgf@yd=\dimen175
\w@pgf@writea=\write3
\r@pgf@reada=\read2
\c@pgf@counta=\count274
\c@pgf@countb=\count275
\c@pgf@countc=\count276
\c@pgf@countd=\count277
\t@pgf@toka=\toks21
\t@pgf@tokb=\toks22
\t@pgf@tokc=\toks23
\pgf@sys@id@count=\count278

(D:\Program Files\MikTex\tex/generic/pgf/systemlayer\pgf.cfg
File: pgf.cfg 2020/12/27 v3.1.8b (3.1.8b)
)
Driver file for pgf: pgfsys-pdftex.def

(D:\Program Files\MikTex\tex/generic/pgf/systemlayer\pgfsys-pdftex.def
File: pgfsys-pdftex.def 2020/12/27 v3.1.8b (3.1.8b)

(D:\Program Files\MikTex\tex/generic/pgf/systemlayer\pgfsys-common-pdf.def
File: pgfsys-common-pdf.def 2020/12/27 v3.1.8b (3.1.8b)
)))
(D:\Program Files\MikTex\tex/generic/pgf/systemlayer\pgfsyssoftpath.code.tex
File: pgfsyssoftpath.code.tex 2020/12/27 v3.1.8b (3.1.8b)
\pgfsyssoftpath@smallbuffer@items=\count279
\pgfsyssoftpath@bigbuffer@items=\count280
)
(D:\Program Files\MikTex\tex/generic/pgf/systemlayer\pgfsysprotocol.code.tex
File: pgfsysprotocol.code.tex 2020/12/27 v3.1.8b (3.1.8b)
))
(D:\Program Files\MikTex\tex/latex/xcolor\xcolor.sty
Package: xcolor 2016/05/11 v2.12 LaTeX color extensions (UK)

(D:\Program Files\MikTex\tex/latex/graphics-cfg\color.cfg
File: color.cfg 2016/01/02 v1.6 sample color configuration
)
Package xcolor Info: Driver file: pdftex.def on input line 225.
Package xcolor Info: Model `cmy' substituted by `cmy0' on input line 1348.
Package xcolor Info: Model `hsb' substituted by `rgb' on input line 1352.
Package xcolor Info: Model `RGB' extended on input line 1364.
Package xcolor Info: Model `HTML' substituted by `rgb' on input line 1366.
Package xcolor Info: Model `Hsb' substituted by `hsb' on input line 1367.
Package xcolor Info: Model `tHsb' substituted by `hsb' on input line 1368.
Package xcolor Info: Model `HSB' substituted by `hsb' on input line 1369.
Package xcolor Info: Model `Gray' substituted by `gray' on input line 1370.
Package xcolor Info: Model `wave' substituted by `hsb' on input line 1371.
)
(D:\Program Files\MikTex\tex/generic/pgf/basiclayer\pgfcore.code.tex
Package: pgfcore 2020/12/27 v3.1.8b (3.1.8b)

(D:\Program Files\MikTex\tex/generic/pgf/math\pgfmath.code.tex
(D:\Program Files\MikTex\tex/generic/pgf/math\pgfmathcalc.code.tex
(D:\Program Files\MikTex\tex/generic/pgf/math\pgfmathutil.code.tex)
(D:\Program Files\MikTex\tex/generic/pgf/math\pgfmathparser.code.tex
\pgfmath@dimen=\dimen176
\pgfmath@count=\count281
\pgfmath@box=\box57
\pgfmath@toks=\toks24
\pgfmath@stack@operand=\toks25
\pgfmath@stack@operation=\toks26
)
(D:\Program Files\MikTex\tex/generic/pgf/math\pgfmathfunctions.code.tex
(D:\Program Files\MikTex\tex/generic/pgf/math\pgfmathfunctions.basic.code.tex)
(D:\Program Files\MikTex\tex/generic/pgf/math\pgfmathfunctions.trigonometric.co
de.tex)
(D:\Program Files\MikTex\tex/generic/pgf/math\pgfmathfunctions.random.code.tex)

(D:\Program Files\MikTex\tex/generic/pgf/math\pgfmathfunctions.comparison.code.
tex)
(D:\Program Files\MikTex\tex/generic/pgf/math\pgfmathfunctions.base.code.tex)
(D:\Program Files\MikTex\tex/generic/pgf/math\pgfmathfunctions.round.code.tex)
(D:\Program Files\MikTex\tex/generic/pgf/math\pgfmathfunctions.misc.code.tex)
(D:\Program Files\MikTex\tex/generic/pgf/math\pgfmathfunctions.integerarithmeti
cs.code.tex)))
(D:\Program Files\MikTex\tex/generic/pgf/math\pgfmathfloat.code.tex
\c@pgfmathroundto@lastzeros=\count282
))
(D:\Program Files\MikTex\tex/generic/pgf/math\pgfint.code.tex)
(D:\Program Files\MikTex\tex/generic/pgf/basiclayer\pgfcorepoints.code.tex
File: pgfcorepoints.code.tex 2020/12/27 v3.1.8b (3.1.8b)
\pgf@picminx=\dimen177
\pgf@picmaxx=\dimen178
\pgf@picminy=\dimen179
\pgf@picmaxy=\dimen180
\pgf@pathminx=\dimen181
\pgf@pathmaxx=\dimen182
\pgf@pathminy=\dimen183
\pgf@pathmaxy=\dimen184
\pgf@xx=\dimen185
\pgf@xy=\dimen186
\pgf@yx=\dimen187
\pgf@yy=\dimen188
\pgf@zx=\dimen189
\pgf@zy=\dimen190
)
(D:\Program Files\MikTex\tex/generic/pgf/basiclayer\pgfcorepathconstruct.code.t
ex
File: pgfcorepathconstruct.code.tex 2020/12/27 v3.1.8b (3.1.8b)
\pgf@path@lastx=\dimen191
\pgf@path@lasty=\dimen192
)
(D:\Program Files\MikTex\tex/generic/pgf/basiclayer\pgfcorepathusage.code.tex
File: pgfcorepathusage.code.tex 2020/12/27 v3.1.8b (3.1.8b)
\pgf@shorten@end@additional=\dimen193
\pgf@shorten@start@additional=\dimen194
)
(D:\Program Files\MikTex\tex/generic/pgf/basiclayer\pgfcorescopes.code.tex
File: pgfcorescopes.code.tex 2020/12/27 v3.1.8b (3.1.8b)
\pgfpic=\box58
\pgf@hbox=\box59
\pgf@layerbox@main=\box60
\pgf@picture@serial@count=\count283
)
(D:\Program Files\MikTex\tex/generic/pgf/basiclayer\pgfcoregraphicstate.code.te
x
File: pgfcoregraphicstate.code.tex 2020/12/27 v3.1.8b (3.1.8b)
\pgflinewidth=\dimen195
)
(D:\Program Files\MikTex\tex/generic/pgf/basiclayer\pgfcoretransformations.code
.tex
File: pgfcoretransformations.code.tex 2020/12/27 v3.1.8b (3.1.8b)
\pgf@pt@x=\dimen196
\pgf@pt@y=\dimen197
\pgf@pt@temp=\dimen198
) (D:\Program Files\MikTex\tex/generic/pgf/basiclayer\pgfcorequick.code.tex
File: pgfcorequick.code.tex 2020/12/27 v3.1.8b (3.1.8b)
) (D:\Program Files\MikTex\tex/generic/pgf/basiclayer\pgfcoreobjects.code.tex
File: pgfcoreobjects.code.tex 2020/12/27 v3.1.8b (3.1.8b)
)
(D:\Program Files\MikTex\tex/generic/pgf/basiclayer\pgfcorepathprocessing.code.
tex
File: pgfcorepathprocessing.code.tex 2020/12/27 v3.1.8b (3.1.8b)
) (D:\Program Files\MikTex\tex/generic/pgf/basiclayer\pgfcorearrows.code.tex
File: pgfcorearrows.code.tex 2020/12/27 v3.1.8b (3.1.8b)
\pgfarrowsep=\dimen199
) (D:\Program Files\MikTex\tex/generic/pgf/basiclayer\pgfcoreshade.code.tex
File: pgfcoreshade.code.tex 2020/12/27 v3.1.8b (3.1.8b)
\pgf@max=\dimen256
\pgf@sys@shading@range@num=\count284
\pgf@shadingcount=\count285
)
(D:\Program Files\MikTex\tex/generic/pgf/basiclayer\pgfcoreimage.code.tex
File: pgfcoreimage.code.tex 2020/12/27 v3.1.8b (3.1.8b)

(D:\Program Files\MikTex\tex/generic/pgf/basiclayer\pgfcoreexternal.code.tex
File: pgfcoreexternal.code.tex 2020/12/27 v3.1.8b (3.1.8b)
\pgfexternal@startupbox=\box61
))
(D:\Program Files\MikTex\tex/generic/pgf/basiclayer\pgfcorelayers.code.tex
File: pgfcorelayers.code.tex 2020/12/27 v3.1.8b (3.1.8b)
)
(D:\Program Files\MikTex\tex/generic/pgf/basiclayer\pgfcoretransparency.code.te
x
File: pgfcoretransparency.code.tex 2020/12/27 v3.1.8b (3.1.8b)
) (D:\Program Files\MikTex\tex/generic/pgf/basiclayer\pgfcorepatterns.code.tex
File: pgfcorepatterns.code.tex 2020/12/27 v3.1.8b (3.1.8b)
) (D:\Program Files\MikTex\tex/generic/pgf/basiclayer\pgfcorerdf.code.tex
File: pgfcorerdf.code.tex 2020/12/27 v3.1.8b (3.1.8b)
)))
(D:\Program Files\MikTex\tex/latex/pgf/utilities\xxcolor.sty
Package: xxcolor 2003/10/24 ver 0.1
\XC@nummixins=\count286
\XC@countmixins=\count287
)
(D:\Program Files\MikTex\tex/latex/base\atbegshi-ltx.sty
Package: atbegshi-ltx 2020/08/17 v1.0a Emulation of the original atbegshi packa
ge
with kernel methods
)
(D:\Program Files\MikTex\tex/latex/hyperref\hyperref.sty
Package: hyperref 2021-02-27 v7.00k Hypertext links for LaTeX

(D:\Program Files\MikTex\tex/generic/ltxcmds\ltxcmds.sty
Package: ltxcmds 2020-05-10 v1.25 LaTeX kernel commands for general use (HO)
)
(D:\Program Files\MikTex\tex/generic/pdftexcmds\pdftexcmds.sty
Package: pdftexcmds 2020-06-27 v0.33 Utility functions of pdfTeX for LuaTeX (HO
)

(D:\Program Files\MikTex\tex/generic/infwarerr\infwarerr.sty
Package: infwarerr 2019/12/03 v1.5 Providing info/warning/error messages (HO)
)
Package pdftexcmds Info: \pdf@primitive is available.
Package pdftexcmds Info: \pdf@ifprimitive is available.
Package pdftexcmds Info: \pdfdraftmode found.
)
(D:\Program Files\MikTex\tex/generic/kvsetkeys\kvsetkeys.sty
Package: kvsetkeys 2019/12/15 v1.18 Key value parser (HO)
)
(D:\Program Files\MikTex\tex/generic/kvdefinekeys\kvdefinekeys.sty
Package: kvdefinekeys 2019-12-19 v1.6 Define keys (HO)
)
(D:\Program Files\MikTex\tex/generic/pdfescape\pdfescape.sty
Package: pdfescape 2019/12/09 v1.15 Implements pdfTeX's escape features (HO)
)
(D:\Program Files\MikTex\tex/latex/hycolor\hycolor.sty
Package: hycolor 2020-01-27 v1.10 Color options for hyperref/bookmark (HO)
)
(D:\Program Files\MikTex\tex/latex/letltxmacro\letltxmacro.sty
Package: letltxmacro 2019/12/03 v1.6 Let assignment for LaTeX macros (HO)
)
(D:\Program Files\MikTex\tex/latex/auxhook\auxhook.sty
Package: auxhook 2019-12-17 v1.6 Hooks for auxiliary files (HO)
)
(D:\Program Files\MikTex\tex/latex/kvoptions\kvoptions.sty
Package: kvoptions 2020-10-07 v3.14 Key value format for package options (HO)
)
\@linkdim=\dimen257
\Hy@linkcounter=\count288
\Hy@pagecounter=\count289

(D:\Program Files\MikTex\tex/latex/hyperref\pd1enc.def
File: pd1enc.def 2021-02-27 v7.00k Hyperref: PDFDocEncoding definition (HO)
Now handling font encoding PD1 ...
... no UTF-8 mapping file for font encoding PD1
)
(D:\Program Files\MikTex\tex/latex/hyperref\hyperref-langpatches.def
File: hyperref-langpatches.def 2021-02-27 v7.00k Hyperref: patches for babel la
nguages
)
(D:\Program Files\MikTex\tex/generic/intcalc\intcalc.sty
Package: intcalc 2019/12/15 v1.3 Expandable calculations with integers (HO)
)
(D:\Program Files\MikTex\tex/generic/etexcmds\etexcmds.sty
Package: etexcmds 2019/12/15 v1.7 Avoid name clashes with e-TeX commands (HO)
)
\Hy@SavedSpaceFactor=\count290

(D:\Program Files\MikTex\tex/latex/hyperref\puenc.def
File: puenc.def 2021-02-27 v7.00k Hyperref: PDF Unicode definition (HO)
Now handling font encoding PU ...
... no UTF-8 mapping file for font encoding PU
)
Package hyperref Info: Option `bookmarks' set `true' on input line 4073.
Package hyperref Info: Option `bookmarksopen' set `true' on input line 4073.
Package hyperref Info: Option `implicit' set `false' on input line 4073.
Package hyperref Info: Hyper figures OFF on input line 4192.
Package hyperref Info: Link nesting OFF on input line 4197.
Package hyperref Info: Hyper index ON on input line 4200.
Package hyperref Info: Plain pages OFF on input line 4207.
Package hyperref Info: Backreferencing OFF on input line 4212.
Package hyperref Info: Implicit mode OFF; no redefinition of LaTeX internals.
Package hyperref Info: Bookmarks ON on input line 4445.
\c@Hy@tempcnt=\count291

(D:\Program Files\MikTex\tex/latex/url\url.sty
\Urlmuskip=\muskip16
Package: url 2013/09/16  ver 3.4  Verb mode for urls, etc.
)
LaTeX Info: Redefining \url on input line 4804.
\XeTeXLinkMargin=\dimen258

(D:\Program Files\MikTex\tex/generic/bitset\bitset.sty
Package: bitset 2019/12/09 v1.3 Handle bit-vector datatype (HO)

(D:\Program Files\MikTex\tex/generic/bigintcalc\bigintcalc.sty
Package: bigintcalc 2019/12/15 v1.5 Expandable calculations on big integers (HO
)
))
\Fld@menulength=\count292
\Field@Width=\dimen259
\Fld@charsize=\dimen260
Package hyperref Info: Hyper figures OFF on input line 6075.
Package hyperref Info: Link nesting OFF on input line 6080.
Package hyperref Info: Hyper index ON on input line 6083.
Package hyperref Info: backreferencing OFF on input line 6090.
Package hyperref Info: Link coloring OFF on input line 6095.
Package hyperref Info: Link coloring with OCG OFF on input line 6100.
Package hyperref Info: PDF/A mode OFF on input line 6105.
LaTeX Info: Redefining \ref on input line 6145.
LaTeX Info: Redefining \pageref on input line 6149.
\Hy@abspage=\count293


Package hyperref Message: Stopped early.

)
Package hyperref Info: Driver (autodetected): hpdftex.
 (D:\Program Files\MikTex\tex/latex/hyperref\hpdftex.def
File: hpdftex.def 2021-02-27 v7.00k Hyperref driver for pdfTeX

(D:\Program Files\MikTex\tex/latex/base\atveryend-ltx.sty
Package: atveryend-ltx 2020/08/19 v1.0a Emulation of the original atvery packag
e
with kernel methods
)
\Fld@listcount=\count294
\c@bookmark@seq@number=\count295

(D:\Program Files\MikTex\tex/latex/rerunfilecheck\rerunfilecheck.sty
Package: rerunfilecheck 2019/12/05 v1.9 Rerun checks for auxiliary files (HO)

(D:\Program Files\MikTex\tex/generic/uniquecounter\uniquecounter.sty
Package: uniquecounter 2019/12/15 v1.4 Provide unlimited unique counter (HO)
)
Package uniquecounter Info: New unique counter `rerunfilecheck' on input line 2
86.
))
(D:\Program Files\MikTex\tex/latex/beamer\beamerbaserequires.sty
(D:\Program Files\MikTex\tex/latex/beamer\beamerbasecompatibility.sty)
(D:\Program Files\MikTex\tex/latex/beamer\beamerbasefont.sty
(D:\Program Files\MikTex\tex/latex/amsfonts\amssymb.sty
Package: amssymb 2013/01/14 v3.01 AMS font symbols

(D:\Program Files\MikTex\tex/latex/amsfonts\amsfonts.sty
Package: amsfonts 2013/01/14 v3.01 Basic AMSFonts support
\@emptytoks=\toks27
\symAMSa=\mathgroup4
\symAMSb=\mathgroup5
LaTeX Font Info:    Redeclaring math symbol \hbar on input line 98.
LaTeX Font Info:    Overwriting math alphabet `\mathfrak' in version `bold'
(Font)                  U/euf/m/n --> U/euf/b/n on input line 106.
))
(D:\Program Files\MikTex\tex/latex/sansmathaccent\sansmathaccent.sty
Package: sansmathaccent 2020/01/31

(D:\Program Files\MikTex\tex/latex/koma-script\scrlfile.sty
Package: scrlfile 2021/06/25 v3.34 KOMA-Script package (file load hooks)

(D:\Program Files\MikTex\tex/latex/koma-script\scrlfile-hook.sty
Package: scrlfile-hook 2021/06/25 v3.34 KOMA-Script package (using LaTeX hooks)


LaTeX3 Info: Defining command \BeforeFile with sig. 'm' on line 75.


LaTeX3 Info: Defining command \AfterFile with sig. 'm' on line 79.


LaTeX3 Info: Defining command \BeforeClass with sig. 'm' on line 83.


LaTeX3 Info: Defining command \BeforePackage with sig. 'm' on line 87.


LaTeX3 Info: Defining command \AfterAtEndOfClass with sig. 'smo+m' on line 97.


LaTeX3 Info: Defining command \AfterAtEndOfPackage with sig. 'smo+m' on line
(LaTeX3)     107.


LaTeX3 Info: Defining command \scrlfile@AfterClass with sig. 'smo+m' on line
(LaTeX3)     187.


LaTeX3 Info: Defining command \AfterClass with sig. '' on line 188.


LaTeX3 Info: Defining command \scrlfile@AfterPackage with sig. 'smo+m' on line
(LaTeX3)     205.


LaTeX3 Info: Defining command \AfterPackage with sig. '' on line 206.


LaTeX3 Info: Defining command \ReplaceInput with sig. '' on line 207.


LaTeX3 Info: Defining command \ReplaceClass with sig. 'mm' on line 210.


LaTeX3 Info: Defining command \ReplacePackage with sig. 'mm' on line 213.


LaTeX3 Info: Defining command \UnReplaceInput with sig. '' on line 214.


LaTeX3 Info: Defining command \UnReplaceClass with sig. 'm' on line 217.


LaTeX3 Info: Defining command \UnReplacePackage with sig. 'mm' on line 220.


LaTeX3 Info: Defining command \PreventPackageFromLoading with sig. 's+om' on
(LaTeX3)     line 248.


LaTeX3 Info: Defining command \StorePreventPackageFromLoading with sig. 'm' on
(LaTeX3)     line 256.


LaTeX3 Info: Defining command \ResetPreventPackageFromLoading with sig. '' on
(LaTeX3)     line 261.


LaTeX3 Info: Defining command \UnPreventPackageFromLoading with sig. 'sm' on
(LaTeX3)     line 275.


LaTeX3 Info: Defining command \BeforeClosingMainAux with sig. 'om' on line
(LaTeX3)     288.


LaTeX3 Info: Defining command \AfterReadingMainAux with sig. 'om' on line 301.


LaTeX3 Info: Defining command \protected@immediate@write with sig. 'm+m+m' on
(LaTeX3)     line 312.


(D:\Program Files\MikTex\tex/latex/koma-script\scrlogo.sty
Package: scrlogo 2021/06/25 v3.34 KOMA-Script package (logo)
)))))
(D:\Program Files\MikTex\tex/latex/beamer\beamerbasetranslator.sty
(D:\Program Files\MikTex\tex/latex/translator\translator.sty
Package: translator 2021-05-31 v1.12d Easy translation of strings in LaTeX
))
(D:\Program Files\MikTex\tex/latex/beamer\beamerbasemisc.sty)
(D:\Program Files\MikTex\tex/latex/beamer\beamerbasetwoscreens.sty)
(D:\Program Files\MikTex\tex/latex/beamer\beamerbaseoverlay.sty
\beamer@argscount=\count296
\beamer@lastskipcover=\skip50
\beamer@trivlistdepth=\count297
)
(D:\Program Files\MikTex\tex/latex/beamer\beamerbasetitle.sty)
(D:\Program Files\MikTex\tex/latex/beamer\beamerbasesection.sty
\c@lecture=\count298
\c@part=\count299
\c@section=\count300
\c@subsection=\count301
\c@subsubsection=\count302
)
(D:\Program Files\MikTex\tex/latex/beamer\beamerbaseframe.sty
\beamer@framebox=\box62
\beamer@frametitlebox=\box63
\beamer@zoombox=\box64
\beamer@zoomcount=\count303
\beamer@zoomframecount=\count304
\beamer@frametextheight=\dimen261
\c@subsectionslide=\count305
\beamer@frametopskip=\skip51
\beamer@framebottomskip=\skip52
\beamer@frametopskipautobreak=\skip53
\beamer@framebottomskipautobreak=\skip54
\beamer@envbody=\toks28
\framewidth=\dimen262
\c@framenumber=\count306
)
(D:\Program Files\MikTex\tex/latex/beamer\beamerbaseverbatim.sty
\beamer@verbatimfileout=\write4
)
(D:\Program Files\MikTex\tex/latex/beamer\beamerbaseframesize.sty
\beamer@splitbox=\box65
\beamer@autobreakcount=\count307
\beamer@autobreaklastheight=\dimen263
\beamer@frametitletoks=\toks29
\beamer@framesubtitletoks=\toks30
)
(D:\Program Files\MikTex\tex/latex/beamer\beamerbaseframecomponents.sty
\beamer@footins=\box66
)
(D:\Program Files\MikTex\tex/latex/beamer\beamerbasecolor.sty)
(D:\Program Files\MikTex\tex/latex/beamer\beamerbasenotes.sty
\beamer@frameboxcopy=\box67
)
(D:\Program Files\MikTex\tex/latex/beamer\beamerbasetoc.sty)
(D:\Program Files\MikTex\tex/latex/beamer\beamerbasetemplates.sty
\beamer@sbttoks=\toks31

(D:\Program Files\MikTex\tex/latex/beamer\beamerbaseauxtemplates.sty
(D:\Program Files\MikTex\tex/latex/beamer\beamerbaseboxes.sty
\bmb@box=\box68
\bmb@colorbox=\box69
\bmb@boxwidth=\dimen264
\bmb@boxheight=\dimen265
\bmb@prevheight=\dimen266
\bmb@temp=\dimen267
\bmb@dima=\dimen268
\bmb@dimb=\dimen269
\bmb@prevheight=\dimen270
)
\beamer@blockheadheight=\dimen271
))
(D:\Program Files\MikTex\tex/latex/beamer\beamerbaselocalstructure.sty
(D:\Program Files\MikTex\tex/latex/latex-tools\enumerate.sty
Package: enumerate 2015/07/23 v3.00 enumerate extensions (DPC)
\@enLab=\toks32
)
\beamer@bibiconwidth=\skip55
\c@figure=\count308
\c@table=\count309
\abovecaptionskip=\skip56
\belowcaptionskip=\skip57
)
(D:\Program Files\MikTex\tex/latex/beamer\beamerbasenavigation.sty
\beamer@section@min@dim=\dimen272
)
(D:\Program Files\MikTex\tex/latex/beamer\beamerbasetheorems.sty
(D:\Program Files\MikTex\tex/latex/amsmath\amsmath.sty
Package: amsmath 2020/09/23 v2.17i AMS math features
\@mathmargin=\skip58

For additional information on amsmath, use the `?' option.
(D:\Program Files\MikTex\tex/latex/amsmath\amstext.sty
Package: amstext 2000/06/29 v2.01 AMS text

(D:\Program Files\MikTex\tex/latex/amsmath\amsgen.sty
File: amsgen.sty 1999/11/30 v2.0 generic functions
\@emptytoks=\toks33
\ex@=\dimen273
))
(D:\Program Files\MikTex\tex/latex/amsmath\amsbsy.sty
Package: amsbsy 1999/11/29 v1.2d Bold Symbols
\pmbraise@=\dimen274
)
(D:\Program Files\MikTex\tex/latex/amsmath\amsopn.sty
Package: amsopn 2016/03/08 v2.02 operator names
)
\inf@bad=\count310
LaTeX Info: Redefining \frac on input line 234.
\uproot@=\count311
\leftroot@=\count312
LaTeX Info: Redefining \overline on input line 399.
\classnum@=\count313
\DOTSCASE@=\count314
LaTeX Info: Redefining \ldots on input line 496.
LaTeX Info: Redefining \dots on input line 499.
LaTeX Info: Redefining \cdots on input line 620.
\Mathstrutbox@=\box70
\strutbox@=\box71
\big@size=\dimen275
LaTeX Font Info:    Redeclaring font encoding OML on input line 743.
LaTeX Font Info:    Redeclaring font encoding OMS on input line 744.
\macc@depth=\count315
\c@MaxMatrixCols=\count316
\dotsspace@=\muskip17
\c@parentequation=\count317
\dspbrk@lvl=\count318
\tag@help=\toks34
\row@=\count319
\column@=\count320
\maxfields@=\count321
\andhelp@=\toks35
\eqnshift@=\dimen276
\alignsep@=\dimen277
\tagshift@=\dimen278
\tagwidth@=\dimen279
\totwidth@=\dimen280
\lineht@=\dimen281
\@envbody=\toks36
\multlinegap=\skip59
\multlinetaggap=\skip60
\mathdisplay@stack=\toks37
LaTeX Info: Redefining \[ on input line 2923.
LaTeX Info: Redefining \] on input line 2924.
)
(D:\Program Files\MikTex\tex/latex/amscls\amsthm.sty
Package: amsthm 2020/05/29 v2.20.6
\thm@style=\toks38
\thm@bodyfont=\toks39
\thm@headfont=\toks40
\thm@notefont=\toks41
\thm@headpunct=\toks42
\thm@preskip=\skip61
\thm@postskip=\skip62
\thm@headsep=\skip63
\dth@everypar=\toks43
)
\c@theorem=\count322
)
(D:\Program Files\MikTex\tex/latex/beamer\beamerbasethemes.sty))
(D:\Program Files\MikTex\tex/latex/beamer\beamerthemedefault.sty
(D:\Program Files\MikTex\tex/latex/beamer\beamerfontthemedefault.sty)
(D:\Program Files\MikTex\tex/latex/beamer\beamercolorthemedefault.sty)
(D:\Program Files\MikTex\tex/latex/beamer\beamerinnerthemedefault.sty
\beamer@dima=\dimen282
\beamer@dimb=\dimen283
)
(D:\Program Files\MikTex\tex/latex/beamer\beamerouterthemedefault.sty)))
(D:\Program Files\MikTex\tex/latex/amsmath\amsxtra.sty
Package: amsxtra 1999/11/15 v1.2c AMS extra commands
LaTeX Info: Redefining \nobreakspace on input line 54.
)
(D:\Program Files\MikTex\tex/latex/base\latexsym.sty
Package: latexsym 1998/08/17 v2.2e Standard LaTeX package (lasy symbols)
\symlasy=\mathgroup6
LaTeX Font Info:    Overwriting symbol font `lasy' in version `bold'
(Font)                  U/lasy/m/n --> U/lasy/b/n on input line 52.
)
(D:\Program Files\MikTex\tex/latex/amsmath\amscd.sty
Package: amscd 2017/04/14 v2.1 AMS Commutative Diagrams
\athelp@=\toks44
\minaw@=\dimen284
\bigaw@=\dimen285
\minCDarrowwidth=\dimen286
)
(D:\Program Files\MikTex\tex/latex/latex-tools\indentfirst.sty
Package: indentfirst 1995/11/23 v1.03 Indent first paragraph (DPC)
)
(D:\Program Files\MikTex\tex/latex/amsfonts\eucal.sty
Package: eucal 2009/06/22 v3.00 Euler Script fonts
LaTeX Font Info:    Overwriting math alphabet `\EuScript' in version `bold'
(Font)                  U/eus/m/n --> U/eus/b/n on input line 33.
)
(D:\Program Files\MikTex\tex/latex/vntex\vietnam.sty
Package: vietnam 2009/07/12 v1.3 support for Vietnamese

(D:\Program Files\MikTex\tex/latex/base\ifthen.sty
Package: ifthen 2014/09/29 v1.1c Standard LaTeX ifthen package (DPC)
)
(D:\Program Files\MikTex\tex/latex/base\fontenc.sty
Package: fontenc 2020/08/10 v2.0s Standard LaTeX package

(D:\Program Files\MikTex\tex/latex/vntex\t5enc.def
File: t5enc.def 2006/11/21 v1.4 Vietnamese T5 encoding
Now handling font encoding T5 ...
... processing UTF-8 mapping file for font encoding T5

(D:\Program Files\MikTex\tex/latex/vntex\t5enc.dfu
File: t5enc.dfu 2006/08/19 v1.1 UTF8 support for Vietnamese
   defining Unicode char U+00AB (decimal 171)
   defining Unicode char U+00BB (decimal 187)
   defining Unicode char U+00C0 (decimal 192)
   defining Unicode char U+00C1 (decimal 193)
   defining Unicode char U+00C2 (decimal 194)
   defining Unicode char U+00C3 (decimal 195)
   defining Unicode char U+00C8 (decimal 200)
   defining Unicode char U+00C9 (decimal 201)
   defining Unicode char U+00CA (decimal 202)
   defining Unicode char U+00CC (decimal 204)
   defining Unicode char U+00CD (decimal 205)
   defining Unicode char U+00D2 (decimal 210)
   defining Unicode char U+00D3 (decimal 211)
   defining Unicode char U+00D4 (decimal 212)
   defining Unicode char U+00D5 (decimal 213)
   defining Unicode char U+00D9 (decimal 217)
   defining Unicode char U+00DA (decimal 218)
   defining Unicode char U+00DD (decimal 221)
   defining Unicode char U+00E0 (decimal 224)
   defining Unicode char U+00E1 (decimal 225)
   defining Unicode char U+00E2 (decimal 226)
   defining Unicode char U+00E3 (decimal 227)
   defining Unicode char U+00E8 (decimal 232)
   defining Unicode char U+00E9 (decimal 233)
   defining Unicode char U+00EA (decimal 234)
   defining Unicode char U+00EC (decimal 236)
   defining Unicode char U+00ED (decimal 237)
   defining Unicode char U+00F2 (decimal 242)
   defining Unicode char U+00F3 (decimal 243)
   defining Unicode char U+00F4 (decimal 244)
   defining Unicode char U+00F5 (decimal 245)
   defining Unicode char U+00F9 (decimal 249)
   defining Unicode char U+00FA (decimal 250)
   defining Unicode char U+00FD (decimal 253)
   defining Unicode char U+0102 (decimal 258)
   defining Unicode char U+0103 (decimal 259)
   defining Unicode char U+0110 (decimal 272)
   defining Unicode char U+0111 (decimal 273)
   defining Unicode char U+0128 (decimal 296)
   defining Unicode char U+0129 (decimal 297)
   defining Unicode char U+0131 (decimal 305)
   defining Unicode char U+0168 (decimal 360)
   defining Unicode char U+0169 (decimal 361)
   defining Unicode char U+01A0 (decimal 416)
   defining Unicode char U+01A1 (decimal 417)
   defining Unicode char U+01AF (decimal 431)
   defining Unicode char U+01B0 (decimal 432)
   defining Unicode char U+1EA0 (decimal 7840)
   defining Unicode char U+1EA1 (decimal 7841)
   defining Unicode char U+1EA2 (decimal 7842)
   defining Unicode char U+1EA3 (decimal 7843)
   defining Unicode char U+1EA4 (decimal 7844)
   defining Unicode char U+1EA5 (decimal 7845)
   defining Unicode char U+1EA6 (decimal 7846)
   defining Unicode char U+1EA7 (decimal 7847)
   defining Unicode char U+1EA8 (decimal 7848)
   defining Unicode char U+1EA9 (decimal 7849)
   defining Unicode char U+1EAA (decimal 7850)
   defining Unicode char U+1EAB (decimal 7851)
   defining Unicode char U+1EAC (decimal 7852)
   defining Unicode char U+1EAD (decimal 7853)
   defining Unicode char U+1EAE (decimal 7854)
   defining Unicode char U+1EAF (decimal 7855)
   defining Unicode char U+1EB0 (decimal 7856)
   defining Unicode char U+1EB1 (decimal 7857)
   defining Unicode char U+1EB2 (decimal 7858)
   defining Unicode char U+1EB3 (decimal 7859)
   defining Unicode char U+1EB4 (decimal 7860)
   defining Unicode char U+1EB5 (decimal 7861)
   defining Unicode char U+1EB6 (decimal 7862)
   defining Unicode char U+1EB7 (decimal 7863)
   defining Unicode char U+1EB8 (decimal 7864)
   defining Unicode char U+1EB9 (decimal 7865)
   defining Unicode char U+1EBA (decimal 7866)
   defining Unicode char U+1EBB (decimal 7867)
   defining Unicode char U+1EBC (decimal 7868)
   defining Unicode char U+1EBD (decimal 7869)
   defining Unicode char U+1EBE (decimal 7870)
   defining Unicode char U+1EBF (decimal 7871)
   defining Unicode char U+1EC0 (decimal 7872)
   defining Unicode char U+1EC1 (decimal 7873)
   defining Unicode char U+1EC2 (decimal 7874)
   defining Unicode char U+1EC3 (decimal 7875)
   defining Unicode char U+1EC4 (decimal 7876)
   defining Unicode char U+1EC5 (decimal 7877)
   defining Unicode char U+1EC6 (decimal 7878)
   defining Unicode char U+1EC7 (decimal 7879)
   defining Unicode char U+1EC8 (decimal 7880)
   defining Unicode char U+1EC9 (decimal 7881)
   defining Unicode char U+1ECA (decimal 7882)
   defining Unicode char U+1ECB (decimal 7883)
   defining Unicode char U+1ECC (decimal 7884)
   defining Unicode char U+1ECD (decimal 7885)
   defining Unicode char U+1ECE (decimal 7886)
   defining Unicode char U+1ECF (decimal 7887)
   defining Unicode char U+1ED0 (decimal 7888)
   defining Unicode char U+1ED1 (decimal 7889)
   defining Unicode char U+1ED2 (decimal 7890)
   defining Unicode char U+1ED3 (decimal 7891)
   defining Unicode char U+1ED4 (decimal 7892)
   defining Unicode char U+1ED5 (decimal 7893)
   defining Unicode char U+1ED6 (decimal 7894)
   defining Unicode char U+1ED7 (decimal 7895)
   defining Unicode char U+1ED8 (decimal 7896)
   defining Unicode char U+1ED9 (decimal 7897)
   defining Unicode char U+1EDA (decimal 7898)
   defining Unicode char U+1EDB (decimal 7899)
   defining Unicode char U+1EDC (decimal 7900)
   defining Unicode char U+1EDD (decimal 7901)
   defining Unicode char U+1EDE (decimal 7902)
   defining Unicode char U+1EDF (decimal 7903)
   defining Unicode char U+1EE0 (decimal 7904)
   defining Unicode char U+1EE1 (decimal 7905)
   defining Unicode char U+1EE2 (decimal 7906)
   defining Unicode char U+1EE3 (decimal 7907)
   defining Unicode char U+1EE4 (decimal 7908)
   defining Unicode char U+1EE5 (decimal 7909)
   defining Unicode char U+1EE6 (decimal 7910)
   defining Unicode char U+1EE7 (decimal 7911)
   defining Unicode char U+1EE8 (decimal 7912)
   defining Unicode char U+1EE9 (decimal 7913)
   defining Unicode char U+1EEA (decimal 7914)
   defining Unicode char U+1EEB (decimal 7915)
   defining Unicode char U+1EEC (decimal 7916)
   defining Unicode char U+1EED (decimal 7917)
   defining Unicode char U+1EEE (decimal 7918)
   defining Unicode char U+1EEF (decimal 7919)
   defining Unicode char U+1EF0 (decimal 7920)
   defining Unicode char U+1EF1 (decimal 7921)
   defining Unicode char U+1EF2 (decimal 7922)
   defining Unicode char U+1EF3 (decimal 7923)
   defining Unicode char U+1EF4 (decimal 7924)
   defining Unicode char U+1EF5 (decimal 7925)
   defining Unicode char U+1EF6 (decimal 7926)
   defining Unicode char U+1EF7 (decimal 7927)
   defining Unicode char U+1EF8 (decimal 7928)
   defining Unicode char U+1EF9 (decimal 7929)
   defining Unicode char U+200C (decimal 8204)
   defining Unicode char U+2013 (decimal 8211)
   defining Unicode char U+2014 (decimal 8212)
   defining Unicode char U+2018 (decimal 8216)
   defining Unicode char U+2019 (decimal 8217)
   defining Unicode char U+201A (decimal 8218)
   defining Unicode char U+201C (decimal 8220)
   defining Unicode char U+201D (decimal 8221)
   defining Unicode char U+201E (decimal 8222)
   defining Unicode char U+2030 (decimal 8240)
   defining Unicode char U+2031 (decimal 8241)
   defining Unicode char U+2039 (decimal 8249)
   defining Unicode char U+203A (decimal 8250)
   defining Unicode char U+2423 (decimal 9251)
))
LaTeX Font Info:    Trying to load font information for T5+cmss on input line 1
12.

(D:\Program Files\MikTex\tex/latex/vntex\t5cmss.fd
File: t5cmss.fd 1999/05/25 v2.5h Standard LaTeX font definitions
))
(D:\Program Files\MikTex\tex/latex/base\inputenc.sty
Package: inputenc 2020/08/01 v1.3d Input encoding file
\inpenc@prehook=\toks45
\inpenc@posthook=\toks46
)
(D:\Program Files\MikTex\tex/latex/vntex\vncaps.tex
File: vncaps.tex 2006/06/07 v1.1 Captions in Vietnamese
))
(D:\Program Files\MikTex\tex/latex/picinpar\picinpar.sty
Pictures in Paragraphs. Version 1.2a, July 13, 1993
\br=\count323
\bl=\count324
\na=\count325
\nb=\count326
\tcdsav=\count327
\tcl=\count328
\tcd=\count329
\tcn=\count330
\cumtcl=\count331
\cumpartcl=\count332
\lftside=\dimen287
\rtside=\dimen288
\hpic=\dimen289
\vpic=\dimen290
\strutilg=\dimen291
\picwd=\dimen292
\topheight=\dimen293
\ilg=\dimen294
\lpic=\dimen295
\lwindowsep=\dimen296
\rwindowsep=\dimen297
\cumpar=\dimen298
\twa=\toks47
\la=\toks48
\ra=\toks49
\ha=\toks50
\pictoc=\toks51
\rawtext=\box72
\holder=\box73
\windowbox=\box74
\wartext=\box75
\finaltext=\box76
\aslice=\box77
\bslice=\box78
\wbox=\box79
\wstrutbox=\box80
\picbox=\box81
\waslice=\box82
\wbslice=\box83
\fslice=\box84
) (D:\Program Files\MikTex\tex/latex/floatflt\floatflt.sty
Package: floatflt 1997/07/16 v. 1.31
\c@OptionTest=\count333
\figbox=\box85
\tabbox=\box86
\pagebox=\box87
\ffigcount=\count334
\ftabcount=\count335
\fftest=\count336
\hangcount=\count337
\nosuccesstryfig=\count338
\nosuccesstrytab=\count339
\figgutter=\dimen299
\tabgutter=\dimen300
\htdone=\dimen301
\pageht=\dimen302
\startpageht=\dimen303
\tabbredd=\dimen304
\floatfltwidth=\dimen305
\fltitemwidth=\dimen306
\outputpretest=\toks52
)
(D:\Program Files\MikTex\tex/latex/commath\commath.sty)
(D:\Program Files\MikTex\tex/latex/base\makeidx.sty
Package: makeidx 2014/09/29 v1.0m Standard LaTeX package
)
(D:\Program Files\MikTex\tex/latex/latex-tools\longtable.sty
Package: longtable 2020/01/07 v4.13 Multi-page Table package (DPC)
\LTleft=\skip64
\LTright=\skip65
\LTpre=\skip66
\LTpost=\skip67
\LTchunksize=\count340
\LTcapwidth=\dimen307
\LT@head=\box88
\LT@firsthead=\box89
\LT@foot=\box90
\LT@lastfoot=\box91
\LT@cols=\count341
\LT@rows=\count342
\c@LT@tables=\count343
\c@LT@chunks=\count344
\LT@p@ftn=\toks53
)
(D:\Program Files\MikTex\tex/latex/latex-tools\multicol.sty
Package: multicol 2019/12/09 v1.8y multicolumn formatting (FMi)
\c@tracingmulticols=\count345
\mult@box=\box92
\multicol@leftmargin=\dimen308
\c@unbalance=\count346
\c@collectmore=\count347
\doublecol@number=\count348
\multicoltolerance=\count349
\multicolpretolerance=\count350
\full@width=\dimen309
\page@free=\dimen310
\premulticols=\dimen311
\postmulticols=\dimen312
\multicolsep=\skip68
\multicolbaselineskip=\skip69
\partial@page=\box93
\last@line=\box94
\maxbalancingoverflow=\dimen313
\mult@rightbox=\box95
\mult@grightbox=\box96
\mult@gfirstbox=\box97
\mult@firstbox=\box98
\@tempa=\box99
\@tempa=\box100
\@tempa=\box101
\@tempa=\box102
\@tempa=\box103
\@tempa=\box104
\@tempa=\box105
\@tempa=\box106
\@tempa=\box107
\@tempa=\box108
\@tempa=\box109
\@tempa=\box110
\@tempa=\box111
\@tempa=\box112
\@tempa=\box113
\@tempa=\box114
\@tempa=\box115
\@tempa=\box116
\@tempa=\box117
\@tempa=\box118
\@tempa=\box119
\@tempa=\box120
\@tempa=\box121
\@tempa=\box122
\@tempa=\box123
\@tempa=\box124
\@tempa=\box125
\@tempa=\box126
\@tempa=\box127
\@tempa=\box128
\@tempa=\box129
\@tempa=\box130
\@tempa=\box131
\@tempa=\box132
\@tempa=\box133
\@tempa=\box134
\@tempa=\box135
\c@minrows=\count351
\c@columnbadness=\count352
\c@finalcolumnbadness=\count353
\last@try=\dimen314
\multicolovershoot=\dimen315
\multicolundershoot=\dimen316
\mult@nat@firstbox=\box136
\colbreak@box=\box137
\mc@col@check@num=\count354
)
(D:\Program Files\MikTex\tex/latex/listings\listings.sty
\lst@mode=\count355
\lst@gtempboxa=\box138
\lst@token=\toks54
\lst@length=\count356
\lst@currlwidth=\dimen317
\lst@column=\count357
\lst@pos=\count358
\lst@lostspace=\dimen318
\lst@width=\dimen319
\lst@newlines=\count359
\lst@lineno=\count360
\lst@maxwidth=\dimen320

(D:\Program Files\MikTex\tex/latex/listings\lstmisc.sty
File: lstmisc.sty 2020/03/24 1.8d (Carsten Heinz)
\c@lstnumber=\count361
\lst@skipnumbers=\count362
\lst@framebox=\box139
)
(D:\Program Files\MikTex\tex/latex/listings\listings.cfg
File: listings.cfg 2020/03/24 1.8d listings configuration
))
Package: listings 2020/03/24 1.8d (Carsten Heinz)

(D:\Program Files\MikTex\tex/latex/algorithm2e\algorithm2e.sty
Package: algorithm2e 2017/07/18 v5.2 algorithms environments
\c@AlgoLine=\count363
\algocf@hangindent=\skip70

(D:\Program Files\MikTex\tex/latex/ifoddpage\ifoddpage.sty
Package: ifoddpage 2016/04/23 v1.1 Conditionals for odd/even page detection
\c@checkoddpage=\count364
)
(D:\Program Files\MikTex\tex/latex/latex-tools\xspace.sty
Package: xspace 2014/10/28 v1.13 Space after command names (DPC,MH)
)
(D:\Program Files\MikTex\tex/latex/relsize\relsize.sty
Package: relsize 2013/03/29 ver 4.1
)
\skiptotal=\skip71
\skiplinenumber=\skip72
\skiprule=\skip73
\skiphlne=\skip74
\skiptext=\skip75
\skiplength=\skip76
\algomargin=\skip77
\skipalgocfslide=\skip78
\algowidth=\dimen321
\inoutsize=\dimen322
\inoutindent=\dimen323
\interspacetitleruled=\dimen324
\interspacealgoruled=\dimen325
\interspacetitleboxruled=\dimen326
\algocf@ruledwidth=\skip79
\algocf@inoutbox=\box140
\algocf@inputbox=\box141
\AlCapSkip=\skip80
\AlCapHSkip=\skip81
\algoskipindent=\skip82
\algocf@nlbox=\box142
\algocf@hangingbox=\box143
\algocf@untilbox=\box144
\algocf@skipuntil=\skip83
\algocf@capbox=\box145
\algocf@lcaptionbox=\skip84
\algoheightruledefault=\skip85
\algoheightrule=\skip86
\algotitleheightruledefault=\skip87
\algotitleheightrule=\skip88
\c@algocfline=\count365
\c@algocfproc=\count366
\c@algocf=\count367
\algocf@algoframe=\box146
\algocf@algobox=\box147
)
(D:\Program Files\MikTex\tex/latex/biblatex\biblatex.sty
Package: biblatex 2020/12/31 v3.16 programmable bibliographies (PK/MW)

(D:\Program Files\MikTex\tex/latex/logreq\logreq.sty
Package: logreq 2010/08/04 v1.0 xml request logger
\lrq@indent=\count368

(D:\Program Files\MikTex\tex/latex/logreq\logreq.def
File: logreq.def 2010/08/04 v1.0 logreq spec v1.0
))
\c@tabx@nest=\count369
\c@listtotal=\count370
\c@listcount=\count371
\c@liststart=\count372
\c@liststop=\count373
\c@citecount=\count374
\c@citetotal=\count375
\c@multicitecount=\count376
\c@multicitetotal=\count377
\c@instcount=\count378
\c@maxnames=\count379
\c@minnames=\count380
\c@maxitems=\count381
\c@minitems=\count382
\c@citecounter=\count383
\c@maxcitecounter=\count384
\c@savedcitecounter=\count385
\c@uniquelist=\count386
\c@uniquename=\count387
\c@refsection=\count388
\c@refsegment=\count389
\c@maxextratitle=\count390
\c@maxextratitleyear=\count391
\c@maxextraname=\count392
\c@maxextradate=\count393
\c@maxextraalpha=\count394
\c@abbrvpenalty=\count395
\c@highnamepenalty=\count396
\c@lownamepenalty=\count397
\c@maxparens=\count398
\c@parenlevel=\count399
\blx@tempcnta=\count400
\blx@tempcntb=\count401
\blx@tempcntc=\count402
\blx@maxsection=\count403
\blx@maxsegment@0=\count404
\blx@notetype=\count405
\blx@parenlevel@text=\count406
\blx@parenlevel@foot=\count407
\blx@sectionciteorder@0=\count408
\blx@entrysetcounter=\count409
\blx@biblioinstance=\count410
\labelnumberwidth=\skip89
\labelalphawidth=\skip90
\biblabelsep=\skip91
\bibitemsep=\skip92
\bibnamesep=\skip93
\bibinitsep=\skip94
\bibparsep=\skip95
\bibhang=\skip96
\blx@bcfin=\read3
\blx@bcfout=\write5
\blx@langwohyphens=\language79
\c@mincomprange=\count411
\c@maxcomprange=\count412
\c@mincompwidth=\count413
Package biblatex Info: Trying to load biblatex default data model...
Package biblatex Info: ... file 'blx-dm.def' found.

(D:\Program Files\MikTex\tex/latex/biblatex\blx-dm.def
File: blx-dm.def 2020/12/31 v3.16 biblatex localization (PK/MW)
)
Package biblatex Info: Trying to load biblatex style data model...
Package biblatex Info: ... file 'numeric.dbx' not found.
Package biblatex Info: Trying to load biblatex custom data model...
Package biblatex Info: ... file 'biblatex-dm.cfg' not found.
\c@afterword=\count414
\c@savedafterword=\count415
\c@annotator=\count416
\c@savedannotator=\count417
\c@author=\count418
\c@savedauthor=\count419
\c@bookauthor=\count420
\c@savedbookauthor=\count421
\c@commentator=\count422
\c@savedcommentator=\count423
\c@editor=\count424
\c@savededitor=\count425
\c@editora=\count426
\c@savededitora=\count427
\c@editorb=\count428
\c@savededitorb=\count429
\c@editorc=\count430
\c@savededitorc=\count431
\c@foreword=\count432
\c@savedforeword=\count433
\c@holder=\count434
\c@savedholder=\count435
\c@introduction=\count436
\c@savedintroduction=\count437
\c@namea=\count438
\c@savednamea=\count439
\c@nameb=\count440
\c@savednameb=\count441
\c@namec=\count442
\c@savednamec=\count443
\c@translator=\count444
\c@savedtranslator=\count445
\c@shortauthor=\count446
\c@savedshortauthor=\count447
\c@shorteditor=\count448
\c@savedshorteditor=\count449
\c@labelname=\count450
\c@savedlabelname=\count451
\c@institution=\count452
\c@savedinstitution=\count453
\c@lista=\count454
\c@savedlista=\count455
\c@listb=\count456
\c@savedlistb=\count457
\c@listc=\count458
\c@savedlistc=\count459
\c@listd=\count460
\c@savedlistd=\count461
\c@liste=\count462
\c@savedliste=\count463
\c@listf=\count464
\c@savedlistf=\count465
\c@location=\count466
\c@savedlocation=\count467
\c@organization=\count468
\c@savedorganization=\count469
\c@origlocation=\count470
\c@savedoriglocation=\count471
\c@origpublisher=\count472
\c@savedorigpublisher=\count473
\c@publisher=\count474
\c@savedpublisher=\count475
\c@language=\count476
\c@savedlanguage=\count477
\c@origlanguage=\count478
\c@savedoriglanguage=\count479
\c@pageref=\count480
\c@savedpageref=\count481
\shorthandwidth=\skip97
\shortjournalwidth=\skip98
\shortserieswidth=\skip99
\shorttitlewidth=\skip100
\shortauthorwidth=\skip101
\shorteditorwidth=\skip102
\locallabelnumberwidth=\skip103
\locallabelalphawidth=\skip104
\localshorthandwidth=\skip105
\localshortjournalwidth=\skip106
\localshortserieswidth=\skip107
\localshorttitlewidth=\skip108
\localshortauthorwidth=\skip109
\localshorteditorwidth=\skip110
Package biblatex Info: Trying to load compatibility code...
Package biblatex Info: ... file 'blx-compat.def' found.

(D:\Program Files\MikTex\tex/latex/biblatex\blx-compat.def
File: blx-compat.def 2020/12/31 v3.16 biblatex compatibility (PK/MW)
)
Package biblatex Info: Trying to load generic definitions...
Package biblatex Info: ... file 'biblatex.def' found.

(D:\Program Files\MikTex\tex/latex/biblatex\biblatex.def
File: biblatex.def 2020/12/31 v3.16 biblatex compatibility (PK/MW)
\c@textcitecount=\count482
\c@textcitetotal=\count483
\c@textcitemaxnames=\count484
\c@biburlbigbreakpenalty=\count485
\c@biburlbreakpenalty=\count486
\c@biburlnumpenalty=\count487
\c@biburlucpenalty=\count488
\c@biburllcpenalty=\count489
\biburlbigskip=\muskip18
\biburlnumskip=\muskip19
\biburlucskip=\muskip20
\biburllcskip=\muskip21
\c@smartand=\count490
)
Package biblatex Info: Trying to load bibliography style 'numeric'...
Package biblatex Info: ... file 'numeric.bbx' found.

(D:\Program Files\MikTex\tex/latex/biblatex/bbx\numeric.bbx
File: numeric.bbx 2020/12/31 v3.16 biblatex bibliography style (PK/MW)
Package biblatex Info: Trying to load bibliography style 'standard'...
Package biblatex Info: ... file 'standard.bbx' found.

(D:\Program Files\MikTex\tex/latex/biblatex/bbx\standard.bbx
File: standard.bbx 2020/12/31 v3.16 biblatex bibliography style (PK/MW)
\c@bbx:relatedcount=\count491
\c@bbx:relatedtotal=\count492
))
Package biblatex Info: Trying to load citation style 'numeric'...
Package biblatex Info: ... file 'numeric.cbx' found.

(D:\Program Files\MikTex\tex/latex/biblatex/cbx\numeric.cbx
File: numeric.cbx 2020/12/31 v3.16 biblatex citation style (PK/MW)
Package biblatex Info: Redefining '\cite'.
Package biblatex Info: Redefining '\parencite'.
Package biblatex Info: Redefining '\footcite'.
Package biblatex Info: Redefining '\footcitetext'.
Package biblatex Info: Redefining '\smartcite'.
Package biblatex Info: Redefining '\supercite'.
Package biblatex Info: Redefining '\textcite'.
Package biblatex Info: Redefining '\textcites'.
Package biblatex Info: Redefining '\cites'.
Package biblatex Info: Redefining '\parencites'.
Package biblatex Info: Redefining '\smartcites'.
)
Package biblatex Info: Trying to load configuration file...
Package biblatex Info: ... file 'biblatex.cfg' found.

(D:\Program Files\MikTex\tex/latex/biblatex\biblatex.cfg
File: biblatex.cfg 
))
\@input{command.aux}
\openout2 = `command.aux'.

(command.tex)
   defining Unicode char U+2212 (decimal 8722)
 (D:\Program Files\MikTex\tex/latex/filecontents\filecontents.sty
Package: filecontents 2019/09/20 v1.5 Create an external file from within a LaT
eX document


Package filecontents Warning: This package is obsolete. Disabling it and
(filecontents)                passing control to the filecontents environment
(filecontents)                defined by the LaTeX kernel.

)
(D:\Program Files\MikTex\tex/latex/beamertheme-metropolis\beamerthememetropolis
.sty
Package: beamerthememetropolis 2017/01/23 v1.2 Metropolis Beamer theme
 (D:\Program Files\MikTex\tex/latex/pgfopts\pgfopts.sty
Package: pgfopts 2014/07/10 v2.1a LaTeX package options with pgfkeys

(D:\Program Files\MikTex\tex/latex/pgf/utilities\pgfkeys.sty
(D:\Program Files\MikTex\tex/generic/pgf/utilities\pgfkeys.code.tex))
\pgfopts@list@add@a@toks=\toks55
\pgfopts@list@add@b@toks=\toks56
)
(D:\Program Files\MikTex\tex/latex/beamertheme-metropolis\beamerinnerthememetro
polis.sty
Package: beamerinnerthememetropolis 2017/01/23 Metropolis inner theme
 (D:\Program Files\MikTex\tex/latex/latex-tools\calc.sty
Package: calc 2017/05/25 v4.3 Infix arithmetic (KKT,FJ)
\calc@Acount=\count493
\calc@Bcount=\count494
\calc@Adimen=\dimen327
\calc@Bdimen=\dimen328
\calc@Askip=\skip111
\calc@Bskip=\skip112
LaTeX Info: Redefining \setlength on input line 80.
LaTeX Info: Redefining \addtolength on input line 81.
\calc@Ccount=\count495
\calc@Cskip=\skip113
)
(D:\Program Files\MikTex\tex/latex/pgf/frontendlayer\tikz.sty
(D:\Program Files\MikTex\tex/latex/pgf/basiclayer\pgf.sty
Package: pgf 2020/12/27 v3.1.8b (3.1.8b)

(D:\Program Files\MikTex\tex/generic/pgf/modules\pgfmoduleshapes.code.tex
File: pgfmoduleshapes.code.tex 2020/12/27 v3.1.8b (3.1.8b)
\pgfnodeparttextbox=\box148
)
(D:\Program Files\MikTex\tex/generic/pgf/modules\pgfmoduleplot.code.tex
File: pgfmoduleplot.code.tex 2020/12/27 v3.1.8b (3.1.8b)
)
(D:\Program Files\MikTex\tex/latex/pgf/compatibility\pgfcomp-version-0-65.sty
Package: pgfcomp-version-0-65 2020/12/27 v3.1.8b (3.1.8b)
\pgf@nodesepstart=\dimen329
\pgf@nodesepend=\dimen330
)
(D:\Program Files\MikTex\tex/latex/pgf/compatibility\pgfcomp-version-1-18.sty
Package: pgfcomp-version-1-18 2020/12/27 v3.1.8b (3.1.8b)
)) (D:\Program Files\MikTex\tex/latex/pgf/utilities\pgffor.sty
(D:\Program Files\MikTex\tex/latex/pgf/math\pgfmath.sty
(D:\Program Files\MikTex\tex/generic/pgf/math\pgfmath.code.tex))
(D:\Program Files\MikTex\tex/generic/pgf/utilities\pgffor.code.tex
Package: pgffor 2020/12/27 v3.1.8b (3.1.8b)

(D:\Program Files\MikTex\tex/generic/pgf/math\pgfmath.code.tex)
\pgffor@iter=\dimen331
\pgffor@skip=\dimen332
\pgffor@stack=\toks57
\pgffor@toks=\toks58
))
(D:\Program Files\MikTex\tex/generic/pgf/frontendlayer/tikz\tikz.code.tex
Package: tikz 2020/12/27 v3.1.8b (3.1.8b)

(D:\Program Files\MikTex\tex/generic/pgf/libraries\pgflibraryplothandlers.code.
tex
File: pgflibraryplothandlers.code.tex 2020/12/27 v3.1.8b (3.1.8b)
\pgf@plot@mark@count=\count496
\pgfplotmarksize=\dimen333
)
\tikz@lastx=\dimen334
\tikz@lasty=\dimen335
\tikz@lastxsaved=\dimen336
\tikz@lastysaved=\dimen337
\tikz@lastmovetox=\dimen338
\tikz@lastmovetoy=\dimen339
\tikzleveldistance=\dimen340
\tikzsiblingdistance=\dimen341
\tikz@figbox=\box149
\tikz@figbox@bg=\box150
\tikz@tempbox=\box151
\tikz@tempbox@bg=\box152
\tikztreelevel=\count497
\tikznumberofchildren=\count498
\tikznumberofcurrentchild=\count499
\tikz@fig@count=\count500
 (D:\Program Files\MikTex\tex/generic/pgf/modules\pgfmodulematrix.code.tex
File: pgfmodulematrix.code.tex 2020/12/27 v3.1.8b (3.1.8b)
\pgfmatrixcurrentrow=\count501
\pgfmatrixcurrentcolumn=\count502
\pgf@matrix@numberofcolumns=\count503
)
\tikz@expandcount=\count504

(D:\Program Files\MikTex\tex/generic/pgf/frontendlayer/tikz/libraries\tikzlibra
rytopaths.code.tex
File: tikzlibrarytopaths.code.tex 2020/12/27 v3.1.8b (3.1.8b)
)))
\metropolis@titleseparator@linewidth=\skip114
\metropolis@progressonsectionpage=\skip115
\metropolis@progressonsectionpage@linewidth=\skip116
\metropolis@blocksep=\skip117
\metropolis@blockadjust=\skip118
\metropolis@parskip=\skip119
)
(D:\Program Files\MikTex\tex/latex/beamertheme-metropolis\beamerouterthememetro
polis.sty
Package: beamerouterthememetropolis 2017/01/23 Metropolis outer theme
\metropolis@frametitle@padding=\skip120
\metropolis@progressinheadfoot=\skip121
\metropolis@progressinheadfoot@linewidth=\skip122
)
(D:\Program Files\MikTex\tex/latex/beamertheme-metropolis\beamercolorthememetro
polis.sty
Package: beamercolorthememetropolis 2017/01/23 Metropolis color theme
)
(D:\Program Files\MikTex\tex/latex/beamertheme-metropolis\beamerfontthememetrop
olis.sty
Package: beamerfontthememetropolis 2017/01/23 Metropolis font theme
 (D:\Program Files\MikTex\tex/generic/iftex\ifxetex.sty
Package: ifxetex 2019/10/25 v0.7 ifxetex legacy package. Use iftex instead.
)
(D:\Program Files\MikTex\tex/generic/iftex\ifluatex.sty
Package: ifluatex 2019/10/25 v1.5 ifluatex legacy package. Use iftex instead.
)

Package beamerthememetropolis Warning: You need to compile with XeLaTeX or LuaL
aTeX to use the Fira fonts on input line 95.

)) (D:\Program Files\MikTex\tex/latex/booktabs\booktabs.sty
Package: booktabs 2020/01/12 v1.61803398 Publication quality tables
\heavyrulewidth=\dimen342
\lightrulewidth=\dimen343
\cmidrulewidth=\dimen344
\belowrulesep=\dimen345
\belowbottomsep=\dimen346
\aboverulesep=\dimen347
\abovetopsep=\dimen348
\cmidrulesep=\dimen349
\cmidrulekern=\dimen350
\defaultaddspace=\dimen351
\@cmidla=\count505
\@cmidlb=\count506
\@aboverulesep=\dimen352
\@belowrulesep=\dimen353
\@thisruleclass=\count507
\@lastruleclass=\count508
\@thisrulewidth=\dimen354
)
(D:\Program Files\MikTex\tex/latex/ccicons\ccicons.sty
Package: ccicons 2017/10/30 v1.6 LaTeX support for Creative Commons icons

(D:\Program Files\MikTex\tex/latex/xkeyval\xkeyval.sty
Package: xkeyval 2020/11/20 v2.8 package option processing (HA)

(D:\Program Files\MikTex\tex/generic/xkeyval\xkeyval.tex
(D:\Program Files\MikTex\tex/generic/xkeyval\xkvutils.tex
\XKV@toks=\toks59
\XKV@tempa@toks=\toks60
)
\XKV@depth=\count509
File: xkeyval.tex 2014/12/03 v2.7a key=value parser (HA)
)))
(D:\Program Files\MikTex\tex/latex/pgfplots\pgfplots.sty
(D:\Program Files\MikTex\tex/generic/pgfplots\pgfplots.revision.tex)
Package: pgfplots 2020/02/29 v1.17 Data Visualization (1.17)

(D:\Program Files\MikTex\tex/generic/pgfplots\pgfplots.code.tex
(D:\Program Files\MikTex\tex/generic/pgfplots\pgfplotscore.code.tex
\t@pgfplots@toka=\toks61
\t@pgfplots@tokb=\toks62
\t@pgfplots@tokc=\toks63
\pgfplots@tmpa=\dimen355
\c@pgfplots@coordindex=\count510
\c@pgfplots@scanlineindex=\count511

(D:\Program Files\MikTex\tex/generic/pgfplots/sys\pgfplotssysgeneric.code.tex))
(D:\Program Files\MikTex\tex/generic/pgfplots/libs\pgfplotslibrary.code.tex)
(D:\Program Files\MikTex\tex/generic/pgfplots/oldpgfcompatib\pgfplotsoldpgfsupp
_loader.code.tex
(D:\Program Files\MikTex\tex/generic/pgf/libraries\pgflibraryfpu.code.tex))
(D:\Program Files\MikTex\tex/generic/pgfplots/util\pgfplotsutil.code.tex
(D:\Program Files\MikTex\tex/generic/pgfplots/liststructure\pgfplotsliststructu
re.code.tex)
(D:\Program Files\MikTex\tex/generic/pgfplots/liststructure\pgfplotsliststructu
reext.code.tex)
(D:\Program Files\MikTex\tex/generic/pgfplots/liststructure\pgfplotsarray.code.
tex
\c@pgfplotsarray@tmp=\count512
)
(D:\Program Files\MikTex\tex/generic/pgfplots/liststructure\pgfplotsmatrix.code
.tex)
(D:\Program Files\MikTex\tex/generic/pgfplots/numtable\pgfplotstableshared.code
.tex
\c@pgfplotstable@counta=\count513
\t@pgfplotstable@a=\toks64
)
(D:\Program Files\MikTex\tex/generic/pgfplots/liststructure\pgfplotsdeque.code.
tex) (D:\Program Files\MikTex\tex/generic/pgfplots/util\pgfplotsbinary.code.tex

(D:\Program Files\MikTex\tex/generic/pgfplots/util\pgfplotsbinary.data.code.tex
))
(D:\Program Files\MikTex\tex/generic/pgfplots/util\pgfplotsutil.verb.code.tex)
(D:\Program Files\MikTex\tex/generic/pgfplots/libs\pgflibrarypgfplots.surfshadi
ng.code.tex
\c@pgfplotslibrarysurf@no=\count514

(D:\Program Files\MikTex\tex/generic/pgfplots/sys\pgflibrarypgfplots.surfshadin
g.pgfsys-pdftex.def)))
(D:\Program Files\MikTex\tex/generic/pgfplots/util\pgfplotscolormap.code.tex
(D:\Program Files\MikTex\tex/generic/pgfplots/util\pgfplotscolor.code.tex))
(D:\Program Files\MikTex\tex/generic/pgfplots\pgfplotsstackedplots.code.tex)
(D:\Program Files\MikTex\tex/generic/pgfplots\pgfplotsplothandlers.code.tex
(D:\Program Files\MikTex\tex/generic/pgfplots\pgfplotsmeshplothandler.code.tex
(D:\Program Files\MikTex\tex/generic/pgfplots\pgfplotsmeshplotimage.code.tex)))
(D:\Program Files\MikTex\tex/generic/pgfplots\pgfplots.scaling.code.tex)
(D:\Program Files\MikTex\tex/generic/pgfplots\pgfplotscoordprocessing.code.tex)
(D:\Program Files\MikTex\tex/generic/pgfplots\pgfplots.errorbars.code.tex)
(D:\Program Files\MikTex\tex/generic/pgfplots\pgfplots.markers.code.tex)
(D:\Program Files\MikTex\tex/generic/pgfplots\pgfplotsticks.code.tex)
(D:\Program Files\MikTex\tex/generic/pgfplots\pgfplots.paths.code.tex)
(D:\Program Files\MikTex\tex/generic/pgf/frontendlayer/tikz/libraries\tikzlibra
rydecorations.code.tex
(D:\Program Files\MikTex\tex/generic/pgf/modules\pgfmoduledecorations.code.tex
\pgfdecoratedcompleteddistance=\dimen356
\pgfdecoratedremainingdistance=\dimen357
\pgfdecoratedinputsegmentcompleteddistance=\dimen358
\pgfdecoratedinputsegmentremainingdistance=\dimen359
\pgf@decorate@distancetomove=\dimen360
\pgf@decorate@repeatstate=\count515
\pgfdecorationsegmentamplitude=\dimen361
\pgfdecorationsegmentlength=\dimen362
)
\tikz@lib@dec@box=\box153
)
(D:\Program Files\MikTex\tex/generic/pgf/frontendlayer/tikz/libraries\tikzlibra
rydecorations.pathmorphing.code.tex
(D:\Program Files\MikTex\tex/generic/pgf/libraries/decorations\pgflibrarydecora
tions.pathmorphing.code.tex))
(D:\Program Files\MikTex\tex/generic/pgf/frontendlayer/tikz/libraries\tikzlibra
rydecorations.pathreplacing.code.tex
(D:\Program Files\MikTex\tex/generic/pgf/libraries/decorations\pgflibrarydecora
tions.pathreplacing.code.tex))
\pgfplots@numplots=\count516
\pgfplots@xmin@reg=\dimen363
\pgfplots@xmax@reg=\dimen364
\pgfplots@ymin@reg=\dimen365
\pgfplots@ymax@reg=\dimen366
\pgfplots@zmin@reg=\dimen367
\pgfplots@zmax@reg=\dimen368
)
(D:\Program Files\MikTex\tex/generic/pgf/frontendlayer/tikz/libraries\tikzlibra
ryplotmarks.code.tex
File: tikzlibraryplotmarks.code.tex 2020/12/27 v3.1.8b (3.1.8b)

(D:\Program Files\MikTex\tex/generic/pgf/libraries\pgflibraryplotmarks.code.tex
File: pgflibraryplotmarks.code.tex 2020/12/27 v3.1.8b (3.1.8b)
)))
(D:\Program Files\MikTex\tex/generic/pgfplots/libs\tikzlibrarypgfplots.dateplot
.code.tex (D:\Program Files\MikTex\tex/latex/pgf/utilities\pgfcalendar.sty
(D:\Program Files\MikTex\tex/generic/pgf/utilities\pgfcalendar.code.tex
File: pgfcalendar.code.tex 2020/12/27 v3.1.8b (3.1.8b)

(D:\Program Files\MikTex\tex/generic/pgf/math\pgfint.code.tex)
\pgfcalendarcurrentjulian=\count517
\pgf@cal@easter@Y=\count518
\pgf@cal@easter@G=\count519
\pgf@cal@easter@C=\count520
\pgf@cal@easter@X=\count521
\pgf@cal@easter@Z=\count522
\pgf@cal@easter@D=\count523
\pgf@cal@easter@E=\count524
\pgf@cal@easter@N=\count525
\pgf@cal@easter@M=\count526
\pgf@cal@easter@julianday=\count527
)))
   defining Unicode char U+221E (decimal 8734)

(D:\Program Files\MikTex\tex/generic/babel\babel.sty
Package: babel 2021/04/26 3.58 The Babel package

(D:\Program Files\MikTex\tex/generic/babel\babel.def
File: babel.def 2021/04/26 3.58 Babel common definitions
\babel@savecnt=\count528
\U@D=\dimen369
\l@unhyphenated=\language80

(D:\Program Files\MikTex\tex/generic/babel\txtbabel.def)
\bbl@readstream=\read4
)
LaTeX Info: Redefining \textlatin on input line 717.
\bbl@dirlevel=\count529

*************************************
* Local config file bblopts.cfg used
*
(D:\Program Files\MikTex\tex/latex/arabi\bblopts.cfg
File: bblopts.cfg 2005/09/08 v0.1 add Arabic and Farsi to "declared" options of
 babel
)
(D:\Program Files\MikTex\tex/latex/babel-english\english.ldf
Language: english 2017/06/06 v3.3r English support from the babel system
))

Package biblatex Warning: 'babel/polyglossia' detected but 'csquotes' missing.
(biblatex)                Loading 'csquotes' recommended.

\@quotelevel=\count530
\@quotereset=\count531
(D:\Program Files\MikTex\tex/latex/beamertheme-metropolis\pgfplotsthemetol.sty
Package: pgfplotsthemetol 2017/01/23 PGFplots colors based on Paul Tol's SRON t
echnical note
) (D:\Program Files\MikTex\tex/latex/l3backend\l3backend-pdftex.def
File: l3backend-pdftex.def 2021-03-18 L3 backend support: PDF output (pdfTeX)
\l__color_backend_stack_int=\count532
\l__pdf_internal_box=\box154
)
(presentation_V2.aux)
\openout1 = `presentation_V2.aux'.

LaTeX Font Info:    Checking defaults for OML/cmm/m/it on input line 50.
LaTeX Font Info:    ... okay on input line 50.
LaTeX Font Info:    Checking defaults for OMS/cmsy/m/n on input line 50.
LaTeX Font Info:    ... okay on input line 50.
LaTeX Font Info:    Checking defaults for OT1/cmr/m/n on input line 50.
LaTeX Font Info:    ... okay on input line 50.
LaTeX Font Info:    Checking defaults for T1/cmr/m/n on input line 50.
LaTeX Font Info:    ... okay on input line 50.
LaTeX Font Info:    Checking defaults for TS1/cmr/m/n on input line 50.
LaTeX Font Info:    ... okay on input line 50.
LaTeX Font Info:    Checking defaults for OMX/cmex/m/n on input line 50.
LaTeX Font Info:    ... okay on input line 50.
LaTeX Font Info:    Checking defaults for U/cmr/m/n on input line 50.
LaTeX Font Info:    ... okay on input line 50.
LaTeX Font Info:    Checking defaults for PD1/pdf/m/n on input line 50.
LaTeX Font Info:    ... okay on input line 50.
LaTeX Font Info:    Checking defaults for PU/pdf/m/n on input line 50.
LaTeX Font Info:    ... okay on input line 50.
LaTeX Font Info:    Checking defaults for T5/cmr/m/n on input line 50.
LaTeX Font Info:    Trying to load font information for T5+cmr on input line 50
.
 (D:\Program Files\MikTex\tex/latex/vntex\t5cmr.fd
File: t5cmr.fd 1999/05/25 v2.5h Standard LaTeX font definitions
)
LaTeX Font Info:    ... okay on input line 50.

*geometry* driver: auto-detecting
*geometry* detected driver: pdftex
*geometry* verbose mode - [ preamble ] result:
* driver: pdftex
* paper: custom
* layout: <same size as paper>
* layoutoffset:(h,v)=(0.0pt,0.0pt)
* modes: includehead includefoot 
* h-part:(L,W,R)=(28.45274pt, 307.28987pt, 28.45274pt)
* v-part:(T,H,B)=(0.0pt, 273.14662pt, 0.0pt)
* \paperwidth=364.19536pt
* \paperheight=273.14662pt
* \textwidth=307.28987pt
* \textheight=244.6939pt
* \oddsidemargin=-43.81725pt
* \evensidemargin=-43.81725pt
* \topmargin=-72.26999pt
* \headheight=14.22636pt
* \headsep=0.0pt
* \topskip=10.0pt
* \footskip=14.22636pt
* \marginparwidth=3.0pt
* \marginparsep=11.0pt
* \columnsep=10.0pt
* \skip\footins=9.0pt plus 4.0pt minus 2.0pt
* \hoffset=0.0pt
* \voffset=0.0pt
* \mag=1000
* \@twocolumnfalse
* \@twosidefalse
* \@mparswitchfalse
* \@reversemarginfalse
* (1in=72.27pt=25.4mm, 1cm=28.453pt)

(D:\Program Files\MikTex\tex/context/base/mkii\supp-pdf.mkii
[Loading MPS to PDF converter (version 2006.09.02).]
\scratchcounter=\count533
\scratchdimen=\dimen370
\scratchbox=\box155
\nofMPsegments=\count534
\nofMParguments=\count535
\everyMPshowfont=\toks65
\MPscratchCnt=\count536
\MPscratchDim=\dimen371
\MPnumerator=\count537
\makeMPintoPDFobject=\count538
\everyMPtoPDFconversion=\toks66
) (D:\Program Files\MikTex\tex/latex/epstopdf-pkg\epstopdf-base.sty
Package: epstopdf-base 2020-01-24 v2.11 Base part for package epstopdf
Package epstopdf-base Info: Redefining graphics rule for `.eps' on input line 4
85.

(D:\Program Files\MikTex\tex/latex/00miktex\epstopdf-sys.cfg
File: epstopdf-sys.cfg 2021/03/18 v2.0 Configuration of epstopdf for MiKTeX
))
Package hyperref Info: Link coloring OFF on input line 50.

(D:\Program Files\MikTex\tex/latex/hyperref\nameref.sty
Package: nameref 2021-04-02 v2.47 Cross-referencing by name of section

(D:\Program Files\MikTex\tex/latex/refcount\refcount.sty
Package: refcount 2019/12/15 v3.6 Data extraction from label references (HO)
)
(D:\Program Files\MikTex\tex/generic/gettitlestring\gettitlestring.sty
Package: gettitlestring 2019/12/15 v1.6 Cleanup title references (HO)
)
\c@section@level=\count539
)
LaTeX Info: Redefining \ref on input line 50.
LaTeX Info: Redefining \pageref on input line 50.
LaTeX Info: Redefining \nameref on input line 50.

(presentation_V2.out) (presentation_V2.out)
\@outlinefile=\write6
\openout6 = `presentation_V2.out'.

LaTeX Font Info:    Overwriting symbol font `operators' in version `normal'
(Font)                  OT1/cmr/m/n --> OT1/cmss/m/n on input line 50.
LaTeX Font Info:    Overwriting symbol font `operators' in version `bold'
(Font)                  OT1/cmr/bx/n --> OT1/cmss/b/n on input line 50.
\symnumbers=\mathgroup7
\sympureletters=\mathgroup8
LaTeX Font Info:    Overwriting math alphabet `\mathrm' in version `normal'
(Font)                  OT1/cmss/m/n --> T5/cmr/m/n on input line 50.
LaTeX Font Info:    Redeclaring math alphabet \mathbf on input line 50.
LaTeX Font Info:    Overwriting math alphabet `\mathbf' in version `normal'
(Font)                  OT1/cmr/bx/n --> T5/cmss/b/n on input line 50.
LaTeX Font Info:    Overwriting math alphabet `\mathbf' in version `bold'
(Font)                  OT1/cmr/bx/n --> T5/cmss/b/n on input line 50.
LaTeX Font Info:    Redeclaring math alphabet \mathsf on input line 50.
LaTeX Font Info:    Overwriting math alphabet `\mathsf' in version `normal'
(Font)                  OT1/cmss/m/n --> T5/cmss/m/n on input line 50.
LaTeX Font Info:    Overwriting math alphabet `\mathsf' in version `bold'
(Font)                  OT1/cmss/bx/n --> T5/cmss/m/n on input line 50.
LaTeX Font Info:    Redeclaring math alphabet \mathit on input line 50.
LaTeX Font Info:    Overwriting math alphabet `\mathit' in version `normal'
(Font)                  OT1/cmr/m/it --> T5/cmss/m/it on input line 50.
LaTeX Font Info:    Overwriting math alphabet `\mathit' in version `bold'
(Font)                  OT1/cmr/bx/it --> T5/cmss/m/it on input line 50.
LaTeX Font Info:    Redeclaring math alphabet \mathtt on input line 50.
LaTeX Font Info:    Overwriting math alphabet `\mathtt' in version `normal'
(Font)                  OT1/cmtt/m/n --> T5/cmtt/m/n on input line 50.
LaTeX Font Info:    Overwriting math alphabet `\mathtt' in version `bold'
(Font)                  OT1/cmtt/m/n --> T5/cmtt/m/n on input line 50.
LaTeX Font Info:    Overwriting symbol font `numbers' in version `bold'
(Font)                  T5/cmss/m/n --> T5/cmss/b/n on input line 50.
LaTeX Font Info:    Overwriting symbol font `pureletters' in version `bold'
(Font)                  T5/cmss/m/it --> T5/cmss/b/it on input line 50.
LaTeX Font Info:    Overwriting math alphabet `\mathrm' in version `bold'
(Font)                  OT1/cmss/b/n --> T5/cmr/b/n on input line 50.
LaTeX Font Info:    Overwriting math alphabet `\mathbf' in version `bold'
(Font)                  T5/cmss/b/n --> T5/cmss/b/n on input line 50.
LaTeX Font Info:    Overwriting math alphabet `\mathsf' in version `bold'
(Font)                  T5/cmss/m/n --> T5/cmss/b/n on input line 50.
LaTeX Font Info:    Overwriting math alphabet `\mathit' in version `bold'
(Font)                  T5/cmss/m/it --> T5/cmss/b/it on input line 50.
LaTeX Font Info:    Overwriting math alphabet `\mathtt' in version `bold'
(Font)                  T5/cmtt/m/n --> T5/cmtt/b/n on input line 50.
LaTeX Font Info:    Redeclaring symbol font `pureletters' on input line 50.
LaTeX Font Info:    Encoding `T5' has changed to `OT1' for symbol font
(Font)              `pureletters' in the math version `normal' on input line 50
.
LaTeX Font Info:    Overwriting symbol font `pureletters' in version `normal'
(Font)                  T5/cmss/m/it --> OT1/mathkerncmss/m/sl on input line 50
.
LaTeX Font Info:    Encoding `T5' has changed to `OT1' for symbol font
(Font)              `pureletters' in the math version `bold' on input line 50.
LaTeX Font Info:    Overwriting symbol font `pureletters' in version `bold'
(Font)                  T5/cmss/b/it --> OT1/mathkerncmss/m/sl on input line 50
.
LaTeX Font Info:    Overwriting symbol font `pureletters' in version `bold'
(Font)                  OT1/mathkerncmss/m/sl --> OT1/mathkerncmss/bx/sl on inp
ut line 50.

(D:\Program Files\MikTex\tex/latex/translator\translator-basic-dictionary-Engli
sh.dict
Dictionary: translator-basic-dictionary, Language: English 
)
(D:\Program Files\MikTex\tex/latex/translator\translator-bibliography-dictionar
y-English.dict
Dictionary: translator-bibliography-dictionary, Language: English 
)
(D:\Program Files\MikTex\tex/latex/translator\translator-environment-dictionary
-English.dict
Dictionary: translator-environment-dictionary, Language: English 
)
(D:\Program Files\MikTex\tex/latex/translator\translator-months-dictionary-Engl
ish.dict
Dictionary: translator-months-dictionary, Language: English 
)
(D:\Program Files\MikTex\tex/latex/translator\translator-numbers-dictionary-Eng
lish.dict
Dictionary: translator-numbers-dictionary, Language: English 
)
(D:\Program Files\MikTex\tex/latex/translator\translator-theorem-dictionary-Eng
lish.dict
Dictionary: translator-theorem-dictionary, Language: English 
)
\c@lstlisting=\count540
Package biblatex Info: Trying to load language 'english'...
Package biblatex Info: ... file 'english.lbx' found.
 (D:\Program Files\MikTex\tex/latex/biblatex/lbx\english.lbx
File: english.lbx 2020/12/31 v3.16 biblatex localization (PK/MW)
)
Package biblatex Info: Input encoding 'utf8' detected.
Package biblatex Info: Automatic encoding selection.
(biblatex)             Assuming data encoding 'utf8'.
Package biblatex Info: Document encoding is UTF8 ....

(D:\Program Files\MikTex\tex/latex/l3kernel\expl3.sty
Package: expl3 2021-02-18 L3 programming layer (loader) 
)
Package biblatex Info: ... and expl3
(biblatex)             2021-02-18 L3 programming layer (loader) 
(biblatex)             is new enough (at least 2020/04/06),
(biblatex)             setting 'casechanger=expl3'.

(D:\Program Files\MikTex\tex/latex/biblatex\blx-case-expl3.sty
(D:\Program Files\MikTex\tex/latex/l3packages/xparse\xparse.sty
(D:\Program Files\MikTex\tex/latex/l3packages/xparse\xparse-2020-10-01.sty
(D:\Program Files\MikTex\tex/latex/l3packages/xparse\xparse-generic.tex)))
Package: blx-case-expl3 2020/12/31 v3.16 expl3 case changing code for biblatex
)
\openout5 = `presentation_V2.bcf'.

Package biblatex Info: Trying to load bibliographic data...
Package biblatex Info: ... file 'presentation_V2.bbl' found.

(presentation_V2.bbl)
Package biblatex Info: Reference section=0 on input line 50.
Package biblatex Info: Reference segment=0 on input line 50.

Package pgfplots notification 'compat/show suggested version=true': you might b
enefit from \pgfplotsset{compat=1.17} (current compat level: 1.9).

(presentation_V2.nav)
Overfull \vbox (13.79993pt too high) detected at line 52
 []

[1




{C:/Users/DELL/AppData/Local/MiKTeX/pdftex/config/pdftex.map}]
(presentation_V2.toc) [2

]
LaTeX Font Info:    Trying to load font information for U+msa on input line 66.

 (D:\Program Files\MikTex\tex/latex/amsfonts\umsa.fd
File: umsa.fd 2013/01/14 v3.01 AMS symbols A
)
LaTeX Font Info:    Trying to load font information for U+msb on input line 66.


(D:\Program Files\MikTex\tex/latex/amsfonts\umsb.fd
File: umsb.fd 2013/01/14 v3.01 AMS symbols B
)
LaTeX Font Info:    Trying to load font information for U+lasy on input line 66
.

(D:\Program Files\MikTex\tex/latex/base\ulasy.fd
File: ulasy.fd 1998/08/17 v2.2e LaTeX symbol font definitions
)
LaTeX Font Info:    Trying to load font information for OT1+mathkerncmss on inp
ut line 66.

(D:\Program Files\MikTex\tex/latex/sansmathaccent\ot1mathkerncmss.fd
File: ot1mathkerncmss.fd 2020/01/31 Fontinst v1.933 font definitions for OT1/ma
thkerncmss.
) [3

]
LaTeX Font Info:    Trying to load font information for TS1+cmss on input line 
88.

(D:\Program Files\MikTex\tex/latex/base\ts1cmss.fd
File: ts1cmss.fd 2019/12/16 v2.5j Standard LaTeX font definitions
) [4

] [5

] [6

] [7

] [8

]
Overfull \hbox (40.35835pt too wide) in paragraph at lines 179--179
[]\T5/cmss/m/n/7 ll  
 []

[9

]
Overfull \vbox (9.25664pt too high) detected at line 203
 []

[10

] [11

]
Overfull \hbox (10.00949pt too wide) in paragraph at lines 267--267
 [] 
 []

[12

]
<../Hinh/DCmotor.png, id=140, 730.52925pt x 288.47775pt>
File: ../Hinh/DCmotor.png Graphic file (type png)
<use ../Hinh/DCmotor.png>
Package pdftex.def Info: ../Hinh/DCmotor.png  used on input line 293.
(pdftex.def)             Requested size: 182.63187pt x 72.11925pt.

Overfull \vbox (20.51515pt too high) detected at line 293
 []

[13

 <../Hinh/DCmotor.png>]

Package hyperref Warning: Token not allowed in a PDF string (Unicode):
(hyperref)                removing `\kernel@ifnextchar' on input line 296.

[14

] [15

] [16

] [17

]
<../Hinh/Hinh 2.png, id=178, 397.485pt x 306.39468pt>
File: ../Hinh/Hinh 2.png Graphic file (type png)
<use ../Hinh/Hinh 2.png>
Package pdftex.def Info: ../Hinh/Hinh 2.png  used on input line 405.
(pdftex.def)             Requested size: 158.99118pt x 122.5557pt.

Overfull \vbox (28.43839pt too high) detected at line 405
 []

[18

 <../Hinh/Hinh 2.png>] [19

] [20

]
Overfull \vbox (9.50545pt too high) detected at line 523
 []

[21

]
<../Hinh/Hinh 3.png, id=211, 383.93437pt x 284.56313pt>
File: ../Hinh/Hinh 3.png Graphic file (type png)
<use ../Hinh/Hinh 3.png>
Package pdftex.def Info: ../Hinh/Hinh 3.png  used on input line 546.
(pdftex.def)             Requested size: 134.37903pt x 99.59857pt.
 [22

 <../Hinh/Hinh 3.png>] [23

]

LaTeX Font Warning: Font shape `T5/cmss/m/it' in size <9> not available
(Font)              Font shape `T5/cmss/m/sl' tried instead on input line 579.

[24

] [25

]
\tf@nav=\write7
\openout7 = `presentation_V2.nav'.

\tf@toc=\write8
\openout8 = `presentation_V2.toc'.

\tf@snm=\write9
\openout9 = `presentation_V2.snm'.

 (presentation_V2.aux)
Package rerunfilecheck Info: File `presentation_V2.out' has not changed.
(rerunfilecheck)             Checksum: AF12F8DCCE5B38234D2833F5E5EB7B89;1050.
Package logreq Info: Writing requests to 'presentation_V2.run.xml'.
\openout1 = `presentation_V2.run.xml'.

 ) 
Here is how much of TeX's memory you used:
 45558 strings out of 479321
 1006950 string characters out of 2866504
 1845217 words of memory out of 3000000
 62057 multiletter control sequences out of 15000+600000
 429858 words of font info for 81 fonts, out of 8000000 for 9000
 1141 hyphenation exceptions out of 8191
 131i,20n,132p,1840b,1878s stack positions out of 5000i,500n,10000p,200000b,80000s
 <C:\Users\DELL\AppData\Local\MiKTeX\fonts/pk/ljfour/jknappen/ec/dpi600\tcss0
900.pk> <C:\Users\DELL\AppData\Local\MiKTeX\fonts/pk/ljfour/jknappen/ec/dpi600\
tcss0700.pk> <C:\Users\DELL\AppData\Local\MiKTeX\fonts/pk/ljfour/jknappen/ec/dp
i600\tcss1000.pk><D:/Program Files/MikTex/fonts/type1/public/amsfonts/cm/cmex10
.pfb><D:/Program Files/MikTex/fonts/type1/public/amsfonts/cmextra/cmex7.pfb><D:
/Program Files/MikTex/fonts/type1/public/amsfonts/cmextra/cmex9.pfb><D:/Program
 Files/MikTex/fonts/type1/public/amsfonts/cm/cmmi10.pfb><D:/Program Files/MikTe
x/fonts/type1/public/amsfonts/cm/cmmi5.pfb><D:/Program Files/MikTex/fonts/type1
/public/amsfonts/cm/cmmi6.pfb><D:/Program Files/MikTex/fonts/type1/public/amsfo
nts/cm/cmmi7.pfb><D:/Program Files/MikTex/fonts/type1/public/amsfonts/cm/cmmi9.
pfb><D:/Program Files/MikTex/fonts/type1/public/amsfonts/cm/cmss10.pfb><D:/Prog
ram Files/MikTex/fonts/type1/public/amsfonts/cm/cmss8.pfb><D:/Program Files/Mik
Tex/fonts/type1/public/amsfonts/cm/cmss9.pfb><D:/Program Files/MikTex/fonts/typ
e1/public/amsfonts/cm/cmssi10.pfb><D:/Program Files/MikTex/fonts/type1/public/a
msfonts/cm/cmssi8.pfb><D:/Program Files/MikTex/fonts/type1/public/amsfonts/cm/c
mssi9.pfb><D:/Program Files/MikTex/fonts/type1/public/amsfonts/cm/cmsy10.pfb><D
:/Program Files/MikTex/fonts/type1/public/amsfonts/cm/cmsy5.pfb><D:/Program Fil
es/MikTex/fonts/type1/public/amsfonts/cm/cmsy6.pfb><D:/Program Files/MikTex/fon
ts/type1/public/amsfonts/cm/cmsy7.pfb><D:/Program Files/MikTex/fonts/type1/publ
ic/amsfonts/cm/cmsy9.pfb><D:/Program Files/MikTex/fonts/type1/public/amsfonts/s
ymbols/msbm10.pfb><D:/Program Files/MikTex/fonts/type1/public/amsfonts/symbols/
msbm7.pfb><D:/Program Files/MikTex/fonts/type1/vntex/vnr/vnr10.pfb><D:/Program 
Files/MikTex/fonts/type1/vntex/vnr/vnr7.pfb><D:/Program Files/MikTex/fonts/type
1/vntex/vnr/vnr9.pfb><D:/Program Files/MikTex/fonts/type1/vntex/vnr/vnss10.pfb>
<D:/Program Files/MikTex/fonts/type1/vntex/vnr/vnss12.pfb><D:/Program Files/Mik
Tex/fonts/type1/vntex/vnr/vnss8.pfb><D:/Program Files/MikTex/fonts/type1/vntex/
vnr/vnss9.pfb><D:/Program Files/MikTex/fonts/type1/vntex/vnr/vnssbx10.pfb><D:/P
rogram Files/MikTex/fonts/type1/vntex/vnr/vnssi9.pfb>
Output written on presentation_V2.pdf (25 pages, 786395 bytes).
PDF statistics:
 361 PDF objects out of 1000 (max. 8388607)
 80 named destinations out of 1000 (max. 500000)
 88 words of extra memory for PDF output out of 10000 (max. 10000000)

