This is pdfTeX, Version 3.1415926-2.5-1.40.14 (MiKTeX 2.9) (preloaded format=pdflatex 2020.6.3)  9 JUL 2020 22:37
entering extended mode
**trinh*chieu.tex
("C:\Users\DELL\Desktop\Trình Chiếu bảo vệ\trinh chieu.tex"
LaTeX2e <2020-02-02> patch level 5
L3 programming layer <2020-05-15>
("C:\Program Files (x86)\MiKTeX 2.9\tex\latex\beamer\base\beamer.cls"
("C:\Program Files (x86)\MiKTeX 2.9\tex\latex\beamer\base\beamerbasercs.sty"
Package: beamerbasercs 2010/06/12 (rcs-revision c3821710bb40)
)
Document Class: beamer 2010/06/21 development version 3.10 A class for typesett
ing presentations (rcs-revision a6b1a8434d30)
("C:\Program Files (x86)\MiKTeX 2.9\tex\latex\beamer\base\beamerbasemodes.sty"
Package: beamerbasemodes 2010/05/01 (rcs-revision efa082c6111d)
\beamer@tempbox=\box45
\beamer@tempcount=\count167
\c@beamerpauses=\count168

("C:\Program Files (x86)\MiKTeX 2.9\tex\latex\beamer\base\beamerbasedecode.sty"
Package: beamerbasedecode 2010/05/01 (rcs-revision efa082c6111d)
\beamer@slideinframe=\count169
\beamer@minimum=\count170
)
\beamer@commentbox=\box46
\beamer@modecount=\count171
)
\headheight=\dimen134
\headdp=\dimen135
\footheight=\dimen136
\sidebarheight=\dimen137
\beamer@tempdim=\dimen138
\beamer@finalheight=\dimen139
\beamer@animht=\dimen140
\beamer@animdp=\dimen141
\beamer@animwd=\dimen142
\beamer@leftmargin=\dimen143
\beamer@rightmargin=\dimen144
\beamer@leftsidebar=\dimen145
\beamer@rightsidebar=\dimen146
\beamer@boxsize=\dimen147
\beamer@vboxoffset=\dimen148
\beamer@descdefault=\dimen149
\beamer@descriptionwidth=\dimen150
\beamer@lastskip=\skip47
\beamer@areabox=\box47
\beamer@animcurrent=\box48
\beamer@animshowbox=\box49
\beamer@sectionbox=\box50
\beamer@logobox=\box51
\beamer@linebox=\box52
\beamer@sectioncount=\count172
\beamer@subsubsectionmax=\count173
\beamer@subsectionmax=\count174
\beamer@sectionmax=\count175
\beamer@totalheads=\count176
\beamer@headcounter=\count177
\beamer@partstartpage=\count178
\beamer@sectionstartpage=\count179
\beamer@subsectionstartpage=\count180
\beamer@animationtempa=\count181
\beamer@animationtempb=\count182
\beamer@xpos=\count183
\beamer@ypos=\count184
\beamer@showpartnumber=\count185
\beamer@currentsubsection=\count186
\beamer@coveringdepth=\count187
\beamer@sectionadjust=\count188
\beamer@tocsectionnumber=\count189

("C:\Program Files (x86)\MiKTeX 2.9\tex\latex\beamer\base\beamerbaseoptions.sty
"
Package: beamerbaseoptions 2010/04/27 (rcs-revision 982469101dd6)

("C:\Users\DELL\AppData\Local\Programs\MiKTeX 2.9\tex\latex\graphics\keyval.sty
"
Package: keyval 2014/10/28 v1.15 key=value parser (DPC)
\KV@toks@=\toks15
))
\beamer@paperwidth=\skip48
\beamer@paperheight=\skip49
 ("C:\Program Files (x86)\MiKTeX 2.9\tex\latex\geometry\geometry.sty"
Package: geometry 2010/09/12 v5.6 Page Geometry

(C:\vntex\tex\latex\math\ifpdf.sty
Package: ifpdf 2001/06/14 v1.0 Providing \ifpdf (HO)
Package ifpdf Info: pdfTeX in pdf mode detected on input line 140.
) (C:\vntex\tex\latex\math\ifvtex.sty
Package: ifvtex 2001/06/14 v1.0 *TEST* Providing \ifvtex switches (HO)
Package ifvtex Info: VTeX not detected.
)
("C:\Users\DELL\AppData\Local\Programs\MiKTeX 2.9\tex\generic\iftex\ifxetex.sty
"
Package: ifxetex 2019/10/25 v0.7 ifxetex legacy package. Use iftex instead.
 ("C:\Users\DELL\AppData\Local\Programs\MiKTeX 2.9\tex\generic\iftex\iftex.sty"
Package: iftex 2020/03/06 v1.0d TeX engine tests
))
\Gm@cnth=\count190
\Gm@cntv=\count191
\c@Gm@tempcnt=\count192
\Gm@bindingoffset=\dimen151
\Gm@wd@mp=\dimen152
\Gm@odd@mp=\dimen153
\Gm@even@mp=\dimen154
\Gm@layoutwidth=\dimen155
\Gm@layoutheight=\dimen156
\Gm@layouthoffset=\dimen157
\Gm@layoutvoffset=\dimen158
\Gm@dimlist=\toks16
 ("C:\Program Files (x86)\MiKTeX 2.9\tex\latex\geometry\geometry.cfg"))
("C:\Users\DELL\AppData\Local\Programs\MiKTeX 2.9\tex\latex\base\size10.clo"
File: size10.clo 2019/12/20 v1.4l Standard LaTeX file (size option)
)
("C:\Users\DELL\AppData\Local\Programs\MiKTeX 2.9\tex\latex\pgf\basiclayer\pgfc
ore.sty"
("C:\Users\DELL\AppData\Local\Programs\MiKTeX 2.9\tex\latex\graphics\graphicx.s
ty"
Package: graphicx 2019/11/30 v1.2a Enhanced LaTeX Graphics (DPC,SPQR)

("C:\Users\DELL\AppData\Local\Programs\MiKTeX 2.9\tex\latex\graphics\graphics.s
ty"
Package: graphics 2019/11/30 v1.4a Standard LaTeX Graphics (DPC,SPQR)

("C:\Users\DELL\AppData\Local\Programs\MiKTeX 2.9\tex\latex\graphics\trig.sty"
Package: trig 2016/01/03 v1.10 sin cos tan (DPC)
)
("C:\Users\DELL\AppData\Local\Programs\MiKTeX 2.9\tex\latex\graphics-cfg\graphi
cs.cfg"
File: graphics.cfg 2016/06/04 v1.11 sample graphics configuration
)
Package graphics Info: Driver file: pdftex.def on input line 105.

("C:\Users\DELL\AppData\Local\Programs\MiKTeX 2.9\tex\latex\graphics-def\pdftex
.def"
File: pdftex.def 2018/01/08 v1.0l Graphics/color driver for pdftex
))
\Gin@req@height=\dimen159
\Gin@req@width=\dimen160
)
("C:\Users\DELL\AppData\Local\Programs\MiKTeX 2.9\tex\latex\pgf\systemlayer\pgf
sys.sty"
("C:\Users\DELL\AppData\Local\Programs\MiKTeX 2.9\tex\latex\pgf\utilities\pgfrc
s.sty"
("C:\Users\DELL\AppData\Local\Programs\MiKTeX 2.9\tex\generic\pgf\utilities\pgf
util-common.tex"
\pgfutil@everybye=\toks17
\pgfutil@tempdima=\dimen161
\pgfutil@tempdimb=\dimen162

("C:\Users\DELL\AppData\Local\Programs\MiKTeX 2.9\tex\generic\pgf\utilities\pgf
util-common-lists.tex"))
("C:\Users\DELL\AppData\Local\Programs\MiKTeX 2.9\tex\generic\pgf\utilities\pgf
util-latex.def"
\pgfutil@abb=\box53

("C:\Users\DELL\AppData\Local\Programs\MiKTeX 2.9\tex\latex\ms\everyshi.sty"
Package: everyshi 2001/05/15 v3.00 EveryShipout Package (MS)
))
("C:\Users\DELL\AppData\Local\Programs\MiKTeX 2.9\tex\generic\pgf\utilities\pgf
rcs.code.tex"
("C:\Users\DELL\AppData\Local\Programs\MiKTeX 2.9\tex\generic\pgf\pgf.revision.
tex")
Package: pgfrcs 2020/01/08 v3.1.5b (3.1.5b)
))
("C:\Users\DELL\AppData\Local\Programs\MiKTeX 2.9\tex\generic\pgf\systemlayer\p
gfsys.code.tex"
Package: pgfsys 2020/01/08 v3.1.5b (3.1.5b)

("C:\Users\DELL\AppData\Local\Programs\MiKTeX 2.9\tex\generic\pgf\utilities\pgf
keys.code.tex"
\pgfkeys@pathtoks=\toks18
\pgfkeys@temptoks=\toks19

("C:\Users\DELL\AppData\Local\Programs\MiKTeX 2.9\tex\generic\pgf\utilities\pgf
keysfiltered.code.tex"
\pgfkeys@tmptoks=\toks20
))
\pgf@x=\dimen163
\pgf@y=\dimen164
\pgf@xa=\dimen165
\pgf@ya=\dimen166
\pgf@xb=\dimen167
\pgf@yb=\dimen168
\pgf@xc=\dimen169
\pgf@yc=\dimen170
\pgf@xd=\dimen171
\pgf@yd=\dimen172
\w@pgf@writea=\write3
\r@pgf@reada=\read2
\c@pgf@counta=\count193
\c@pgf@countb=\count194
\c@pgf@countc=\count195
\c@pgf@countd=\count196
\t@pgf@toka=\toks21
\t@pgf@tokb=\toks22
\t@pgf@tokc=\toks23
\pgf@sys@id@count=\count197

("C:\Users\DELL\AppData\Local\Programs\MiKTeX 2.9\tex\generic\pgf\systemlayer\p
gf.cfg"
File: pgf.cfg 2020/01/08 v3.1.5b (3.1.5b)
)
Driver file for pgf: pgfsys-pdftex.def

("C:\Users\DELL\AppData\Local\Programs\MiKTeX 2.9\tex\generic\pgf\systemlayer\p
gfsys-pdftex.def"
File: pgfsys-pdftex.def 2020/01/08 v3.1.5b (3.1.5b)

("C:\Users\DELL\AppData\Local\Programs\MiKTeX 2.9\tex\generic\pgf\systemlayer\p
gfsys-common-pdf.def"
File: pgfsys-common-pdf.def 2020/01/08 v3.1.5b (3.1.5b)
)))
("C:\Users\DELL\AppData\Local\Programs\MiKTeX 2.9\tex\generic\pgf\systemlayer\p
gfsyssoftpath.code.tex"
File: pgfsyssoftpath.code.tex 2020/01/08 v3.1.5b (3.1.5b)
\pgfsyssoftpath@smallbuffer@items=\count198
\pgfsyssoftpath@bigbuffer@items=\count199
)
("C:\Users\DELL\AppData\Local\Programs\MiKTeX 2.9\tex\generic\pgf\systemlayer\p
gfsysprotocol.code.tex"
File: pgfsysprotocol.code.tex 2020/01/08 v3.1.5b (3.1.5b)
))
("C:\Users\DELL\AppData\Local\Programs\MiKTeX 2.9\tex\latex\xcolor\xcolor.sty"
Package: xcolor 2016/05/11 v2.12 LaTeX color extensions (UK)

("C:\Users\DELL\AppData\Local\Programs\MiKTeX 2.9\tex\latex\graphics-cfg\color.
cfg"
File: color.cfg 2016/01/02 v1.6 sample color configuration
)
Package xcolor Info: Driver file: pdftex.def on input line 225.
Package xcolor Info: Model `cmy' substituted by `cmy0' on input line 1348.
Package xcolor Info: Model `hsb' substituted by `rgb' on input line 1352.
Package xcolor Info: Model `RGB' extended on input line 1364.
Package xcolor Info: Model `HTML' substituted by `rgb' on input line 1366.
Package xcolor Info: Model `Hsb' substituted by `hsb' on input line 1367.
Package xcolor Info: Model `tHsb' substituted by `hsb' on input line 1368.
Package xcolor Info: Model `HSB' substituted by `hsb' on input line 1369.
Package xcolor Info: Model `Gray' substituted by `gray' on input line 1370.
Package xcolor Info: Model `wave' substituted by `hsb' on input line 1371.
)
("C:\Users\DELL\AppData\Local\Programs\MiKTeX 2.9\tex\generic\pgf\basiclayer\pg
fcore.code.tex"
Package: pgfcore 2020/01/08 v3.1.5b (3.1.5b)

("C:\Users\DELL\AppData\Local\Programs\MiKTeX 2.9\tex\generic\pgf\math\pgfmath.
code.tex"
("C:\Users\DELL\AppData\Local\Programs\MiKTeX 2.9\tex\generic\pgf\math\pgfmathc
alc.code.tex"
("C:\Users\DELL\AppData\Local\Programs\MiKTeX 2.9\tex\generic\pgf\math\pgfmathu
til.code.tex")
("C:\Users\DELL\AppData\Local\Programs\MiKTeX 2.9\tex\generic\pgf\math\pgfmathp
arser.code.tex"
\pgfmath@dimen=\dimen173
\pgfmath@count=\count266
\pgfmath@box=\box54
\pgfmath@toks=\toks24
\pgfmath@stack@operand=\toks25
\pgfmath@stack@operation=\toks26
)
("C:\Users\DELL\AppData\Local\Programs\MiKTeX 2.9\tex\generic\pgf\math\pgfmathf
unctions.code.tex"
("C:\Users\DELL\AppData\Local\Programs\MiKTeX 2.9\tex\generic\pgf\math\pgfmathf
unctions.basic.code.tex")
("C:\Users\DELL\AppData\Local\Programs\MiKTeX 2.9\tex\generic\pgf\math\pgfmathf
unctions.trigonometric.code.tex")
("C:\Users\DELL\AppData\Local\Programs\MiKTeX 2.9\tex\generic\pgf\math\pgfmathf
unctions.random.code.tex")
("C:\Users\DELL\AppData\Local\Programs\MiKTeX 2.9\tex\generic\pgf\math\pgfmathf
unctions.comparison.code.tex")
("C:\Users\DELL\AppData\Local\Programs\MiKTeX 2.9\tex\generic\pgf\math\pgfmathf
unctions.base.code.tex")
("C:\Users\DELL\AppData\Local\Programs\MiKTeX 2.9\tex\generic\pgf\math\pgfmathf
unctions.round.code.tex")
("C:\Users\DELL\AppData\Local\Programs\MiKTeX 2.9\tex\generic\pgf\math\pgfmathf
unctions.misc.code.tex")
("C:\Users\DELL\AppData\Local\Programs\MiKTeX 2.9\tex\generic\pgf\math\pgfmathf
unctions.integerarithmetics.code.tex")))
("C:\Users\DELL\AppData\Local\Programs\MiKTeX 2.9\tex\generic\pgf\math\pgfmathf
loat.code.tex"
\c@pgfmathroundto@lastzeros=\count267
))
("C:\Users\DELL\AppData\Local\Programs\MiKTeX 2.9\tex\generic\pgf\math\pgfint.c
ode.tex")
("C:\Users\DELL\AppData\Local\Programs\MiKTeX 2.9\tex\generic\pgf\basiclayer\pg
fcorepoints.code.tex"
File: pgfcorepoints.code.tex 2020/01/08 v3.1.5b (3.1.5b)
\pgf@picminx=\dimen174
\pgf@picmaxx=\dimen175
\pgf@picminy=\dimen176
\pgf@picmaxy=\dimen177
\pgf@pathminx=\dimen178
\pgf@pathmaxx=\dimen179
\pgf@pathminy=\dimen180
\pgf@pathmaxy=\dimen181
\pgf@xx=\dimen182
\pgf@xy=\dimen183
\pgf@yx=\dimen184
\pgf@yy=\dimen185
\pgf@zx=\dimen186
\pgf@zy=\dimen187
)
("C:\Users\DELL\AppData\Local\Programs\MiKTeX 2.9\tex\generic\pgf\basiclayer\pg
fcorepathconstruct.code.tex"
File: pgfcorepathconstruct.code.tex 2020/01/08 v3.1.5b (3.1.5b)
\pgf@path@lastx=\dimen188
\pgf@path@lasty=\dimen189
)
("C:\Users\DELL\AppData\Local\Programs\MiKTeX 2.9\tex\generic\pgf\basiclayer\pg
fcorepathusage.code.tex"
File: pgfcorepathusage.code.tex 2020/01/08 v3.1.5b (3.1.5b)
\pgf@shorten@end@additional=\dimen190
\pgf@shorten@start@additional=\dimen191
)
("C:\Users\DELL\AppData\Local\Programs\MiKTeX 2.9\tex\generic\pgf\basiclayer\pg
fcorescopes.code.tex"
File: pgfcorescopes.code.tex 2020/01/08 v3.1.5b (3.1.5b)
\pgfpic=\box55
\pgf@hbox=\box56
\pgf@layerbox@main=\box57
\pgf@picture@serial@count=\count268
)
("C:\Users\DELL\AppData\Local\Programs\MiKTeX 2.9\tex\generic\pgf\basiclayer\pg
fcoregraphicstate.code.tex"
File: pgfcoregraphicstate.code.tex 2020/01/08 v3.1.5b (3.1.5b)
\pgflinewidth=\dimen192
)
("C:\Users\DELL\AppData\Local\Programs\MiKTeX 2.9\tex\generic\pgf\basiclayer\pg
fcoretransformations.code.tex"
File: pgfcoretransformations.code.tex 2020/01/08 v3.1.5b (3.1.5b)
\pgf@pt@x=\dimen193
\pgf@pt@y=\dimen194
\pgf@pt@temp=\dimen195
)
("C:\Users\DELL\AppData\Local\Programs\MiKTeX 2.9\tex\generic\pgf\basiclayer\pg
fcorequick.code.tex"
File: pgfcorequick.code.tex 2020/01/08 v3.1.5b (3.1.5b)
)
("C:\Users\DELL\AppData\Local\Programs\MiKTeX 2.9\tex\generic\pgf\basiclayer\pg
fcoreobjects.code.tex"
File: pgfcoreobjects.code.tex 2020/01/08 v3.1.5b (3.1.5b)
)
("C:\Users\DELL\AppData\Local\Programs\MiKTeX 2.9\tex\generic\pgf\basiclayer\pg
fcorepathprocessing.code.tex"
File: pgfcorepathprocessing.code.tex 2020/01/08 v3.1.5b (3.1.5b)
)
("C:\Users\DELL\AppData\Local\Programs\MiKTeX 2.9\tex\generic\pgf\basiclayer\pg
fcorearrows.code.tex"
File: pgfcorearrows.code.tex 2020/01/08 v3.1.5b (3.1.5b)
\pgfarrowsep=\dimen196
)
("C:\Users\DELL\AppData\Local\Programs\MiKTeX 2.9\tex\generic\pgf\basiclayer\pg
fcoreshade.code.tex"
File: pgfcoreshade.code.tex 2020/01/08 v3.1.5b (3.1.5b)
\pgf@max=\dimen197
\pgf@sys@shading@range@num=\count269
\pgf@shadingcount=\count270
)
("C:\Users\DELL\AppData\Local\Programs\MiKTeX 2.9\tex\generic\pgf\basiclayer\pg
fcoreimage.code.tex"
File: pgfcoreimage.code.tex 2020/01/08 v3.1.5b (3.1.5b)

("C:\Users\DELL\AppData\Local\Programs\MiKTeX 2.9\tex\generic\pgf\basiclayer\pg
fcoreexternal.code.tex"
File: pgfcoreexternal.code.tex 2020/01/08 v3.1.5b (3.1.5b)
\pgfexternal@startupbox=\box58
))
("C:\Users\DELL\AppData\Local\Programs\MiKTeX 2.9\tex\generic\pgf\basiclayer\pg
fcorelayers.code.tex"
File: pgfcorelayers.code.tex 2020/01/08 v3.1.5b (3.1.5b)
)
("C:\Users\DELL\AppData\Local\Programs\MiKTeX 2.9\tex\generic\pgf\basiclayer\pg
fcoretransparency.code.tex"
File: pgfcoretransparency.code.tex 2020/01/08 v3.1.5b (3.1.5b)
)
("C:\Users\DELL\AppData\Local\Programs\MiKTeX 2.9\tex\generic\pgf\basiclayer\pg
fcorepatterns.code.tex"
File: pgfcorepatterns.code.tex 2020/01/08 v3.1.5b (3.1.5b)
)
("C:\Users\DELL\AppData\Local\Programs\MiKTeX 2.9\tex\generic\pgf\basiclayer\pg
fcorerdf.code.tex"
File: pgfcorerdf.code.tex 2020/01/08 v3.1.5b (3.1.5b)
)))
("C:\Users\DELL\AppData\Local\Programs\MiKTeX 2.9\tex\latex\pgf\utilities\xxcol
or.sty"
Package: xxcolor 2003/10/24 ver 0.1
\XC@nummixins=\count271
\XC@countmixins=\count272
)
("C:\Users\DELL\AppData\Local\Programs\MiKTeX 2.9\tex\latex\hyperref\hyperref.s
ty"
Package: hyperref 2020-05-15 v7.00e Hypertext links for LaTeX
 ("C:\Program Files (x86)\MiKTeX 2.9\tex\generic\oberdiek\ltxcmds.sty"
Package: ltxcmds 2011/11/09 v1.22 LaTeX kernel commands for general use (HO)
)
("C:\Users\DELL\AppData\Local\Programs\MiKTeX 2.9\tex\latex\pdftexcmds\pdftexcm
ds.sty"
Package: pdftexcmds 2019/11/24 v0.31 Utility functions of pdfTeX for LuaTeX (HO
)
 ("C:\Program Files (x86)\MiKTeX 2.9\tex\generic\oberdiek\infwarerr.sty"
Package: infwarerr 2010/04/08 v1.3 Providing info/warning/error messages (HO)
)
Package pdftexcmds Info: \pdf@primitive is available.
Package pdftexcmds Info: \pdf@ifprimitive is available.
Package pdftexcmds Info: \pdfdraftmode found.
) ("C:\Program Files (x86)\MiKTeX 2.9\tex\generic\oberdiek\kvsetkeys.sty"
Package: kvsetkeys 2012/04/25 v1.16 Key value parser (HO)

("C:\Program Files (x86)\MiKTeX 2.9\tex\generic\oberdiek\etexcmds.sty"
Package: etexcmds 2011/02/16 v1.5 Avoid name clashes with e-TeX commands (HO)

("C:\Users\DELL\AppData\Local\Programs\MiKTeX 2.9\tex\generic\iftex\ifluatex.st
y"
Package: ifluatex 2019/10/25 v1.5 ifluatex legacy package. Use iftex instead.
)
Package etexcmds Info: Could not find \expanded.
(etexcmds)             That can mean that you are not using pdfTeX 1.50 or
(etexcmds)             that some package has redefined \expanded.
(etexcmds)             In the latter case, load this package earlier.
)) ("C:\Program Files (x86)\MiKTeX 2.9\tex\generic\oberdiek\kvdefinekeys.sty"
Package: kvdefinekeys 2011/04/07 v1.3 Define keys (HO)
) ("C:\Program Files (x86)\MiKTeX 2.9\tex\generic\oberdiek\pdfescape.sty"
Package: pdfescape 2011/11/25 v1.13 Implements pdfTeX's escape features (HO)
)
("C:\Program Files (x86)\MiKTeX 2.9\tex\latex\oberdiek\hycolor.sty"
Package: hycolor 2011/01/30 v1.7 Color options for hyperref/bookmark (HO)

("C:\Program Files (x86)\MiKTeX 2.9\tex\latex\oberdiek\xcolor-patch.sty"
Package: xcolor-patch 2011/01/30 xcolor patch

("C:\Users\DELL\AppData\Local\Programs\MiKTeX 2.9\tex\latex\oberdiek\hopatch.st
y"
Package: hopatch 2016/05/16 v1.3 Wrapper for package hooks (HO)
))) ("C:\Program Files (x86)\MiKTeX 2.9\tex\latex\oberdiek\letltxmacro.sty"
Package: letltxmacro 2010/09/02 v1.4 Let assignment for LaTeX macros (HO)
)
("C:\Program Files (x86)\MiKTeX 2.9\tex\latex\oberdiek\auxhook.sty"
Package: auxhook 2011/03/04 v1.3 Hooks for auxiliary files (HO)
)
("C:\Program Files (x86)\MiKTeX 2.9\tex\latex\oberdiek\kvoptions.sty"
Package: kvoptions 2011/06/30 v3.11 Key value format for package options (HO)
)
\@linkdim=\dimen198
\Hy@linkcounter=\count273
\Hy@pagecounter=\count274

("C:\Users\DELL\AppData\Local\Programs\MiKTeX 2.9\tex\latex\hyperref\pd1enc.def
"
File: pd1enc.def 2020-05-15 v7.00e Hyperref: PDFDocEncoding definition (HO)
) ("C:\Program Files (x86)\MiKTeX 2.9\tex\generic\oberdiek\intcalc.sty"
Package: intcalc 2007/09/27 v1.1 Expandable calculations with integers (HO)
)
\Hy@SavedSpaceFactor=\count275
\pdfmajorversion=\count276

("C:\Program Files (x86)\MiKTeX 2.9\tex\latex\00miktex\hyperref.cfg"
File: hyperref.cfg 2002/06/06 v1.2 hyperref configuration of TeXLive
)
Package hyperref Info: Option `bookmarks' set `true' on input line 4338.
Package hyperref Info: Option `bookmarksopen' set `true' on input line 4338.
Package hyperref Info: Option `implicit' set `false' on input line 4338.
Package hyperref Info: Hyper figures OFF on input line 4464.
Package hyperref Info: Link nesting OFF on input line 4469.
Package hyperref Info: Hyper index ON on input line 4472.
Package hyperref Info: Plain pages OFF on input line 4479.
Package hyperref Info: Backreferencing OFF on input line 4484.
Package hyperref Info: Implicit mode OFF; no redefinition of LaTeX internals.
Package hyperref Info: Bookmarks ON on input line 4717.
\c@Hy@tempcnt=\count277

(C:\vntex\tex\latex\mystyle\url.sty
\Urlmuskip=\muskip16
Package: url 1999/03/28  ver 1.5x  Verb mode for urls, etc.
)
LaTeX Info: Redefining \url on input line 5076.
\XeTeXLinkMargin=\dimen199

("C:\Program Files (x86)\MiKTeX 2.9\tex\generic\oberdiek\bitset.sty"
Package: bitset 2011/01/30 v1.1 Handle bit-vector datatype (HO)

("C:\Program Files (x86)\MiKTeX 2.9\tex\generic\oberdiek\bigintcalc.sty"
Package: bigintcalc 2012/04/08 v1.3 Expandable calculations on big integers (HO
)
))
\Fld@menulength=\count278
\Field@Width=\dimen256
\Fld@charsize=\dimen257
Package hyperref Info: Hyper figures OFF on input line 6347.
Package hyperref Info: Link nesting OFF on input line 6352.
Package hyperref Info: Hyper index ON on input line 6355.
Package hyperref Info: backreferencing OFF on input line 6362.
Package hyperref Info: Link coloring OFF on input line 6367.
Package hyperref Info: Link coloring with OCG OFF on input line 6372.
Package hyperref Info: PDF/A mode OFF on input line 6377.
LaTeX Info: Redefining \ref on input line 6417.
LaTeX Info: Redefining \pageref on input line 6421.

("C:\Program Files (x86)\MiKTeX 2.9\tex\generic\oberdiek\atbegshi.sty"
Package: atbegshi 2011/10/05 v1.16 At begin shipout hook (HO)


LaTeX Warning: You have requested, on input line 470, version
               `2011/01/30' of package ifpdf,
               but only version
               `2001/06/14 v1.0 Providing \ifpdf (HO)'
               is available.

)
\Hy@abspage=\count279


Package hyperref Message: Stopped early.

)
Package hyperref Info: Driver (autodetected): hpdftex.

("C:\Users\DELL\AppData\Local\Programs\MiKTeX 2.9\tex\latex\hyperref\hpdftex.de
f"
File: hpdftex.def 2020-05-15 v7.00e Hyperref driver for pdfTeX
 ("C:\Program Files (x86)\MiKTeX 2.9\tex\latex\oberdiek\atveryend.sty"
Package: atveryend 2011/06/30 v1.8 Hooks at the very end of document (HO)
Package atveryend Info: \enddocument detected (standard20110627).
)
\Fld@listcount=\count280
\c@bookmark@seq@number=\count281

("C:\Program Files (x86)\MiKTeX 2.9\tex\latex\oberdiek\rerunfilecheck.sty"
Package: rerunfilecheck 2011/04/15 v1.7 Rerun checks for auxiliary files (HO)

("C:\Program Files (x86)\MiKTeX 2.9\tex\generic\oberdiek\uniquecounter.sty"
Package: uniquecounter 2011/01/30 v1.2 Provide unlimited unique counter (HO)
)
Package uniquecounter Info: New unique counter `rerunfilecheck' on input line 2
82.
))
("C:\Program Files (x86)\MiKTeX 2.9\tex\latex\beamer\base\beamerbaserequires.st
y"
Package: beamerbaserequires 2020/01/08 v3.1.5b (3.1.5b)

("C:\Program Files (x86)\MiKTeX 2.9\tex\latex\beamer\base\beamerbasecompatibili
ty.sty"
Package: beamerbasecompatibility 2020/01/08 v3.1.5b (3.1.5b)
)
("C:\Program Files (x86)\MiKTeX 2.9\tex\latex\beamer\base\beamerbasefont.sty"
Package: beamerbasefont 2020/01/08 v3.1.5b (3.1.5b)

("C:\Users\DELL\AppData\Local\Programs\MiKTeX 2.9\tex\latex\amsfonts\amssymb.st
y"
Package: amssymb 2013/01/14 v3.01 AMS font symbols

("C:\Users\DELL\AppData\Local\Programs\MiKTeX 2.9\tex\latex\amsfonts\amsfonts.s
ty"
Package: amsfonts 2013/01/14 v3.01 Basic AMSFonts support
\@emptytoks=\toks27
\symAMSa=\mathgroup4
\symAMSb=\mathgroup5
LaTeX Font Info:    Redeclaring math symbol \hbar on input line 98.
LaTeX Font Info:    Overwriting math alphabet `\mathfrak' in version `bold'
(Font)                  U/euf/m/n --> U/euf/b/n on input line 106.
)))
("C:\Program Files (x86)\MiKTeX 2.9\tex\latex\beamer\base\beamerbasetranslator.
sty"
Package: beamerbasetranslator 2020/01/08 v3.1.5b (3.1.5b)

("C:\Program Files (x86)\MiKTeX 2.9\tex\latex\beamer\base\translator\translator
.sty"
Package: translator 2010/06/12 ver 1.10

("C:\Program Files (x86)\MiKTeX 2.9\tex\latex\beamer\base\translator\translator
-language-mappings.tex")))
("C:\Program Files (x86)\MiKTeX 2.9\tex\latex\beamer\base\beamerbasemisc.sty"
Package: beamerbasemisc 2020/01/08 v3.1.5b (3.1.5b)
)
("C:\Program Files (x86)\MiKTeX 2.9\tex\latex\beamer\base\beamerbasetwoscreens.
sty"
Package: beamerbasetwoscreens 2020/01/08 v3.1.5b (3.1.5b)
)
("C:\Program Files (x86)\MiKTeX 2.9\tex\latex\beamer\base\beamerbaseoverlay.sty
"
Package: beamerbaseoverlay 2020/01/08 v3.1.5b (3.1.5b)
\beamer@argscount=\count282
\beamer@lastskipcover=\skip50
\beamer@trivlistdepth=\count283
) ("C:\Program Files (x86)\MiKTeX 2.9\tex\latex\beamer\base\beamerbasetitle.sty
"
Package: beamerbasetitle 2020/01/08 v3.1.5b (3.1.5b)
)
("C:\Program Files (x86)\MiKTeX 2.9\tex\latex\beamer\base\beamerbasesection.sty
"
Package: beamerbasesection 2020/01/08 v3.1.5b (3.1.5b)
\c@lecture=\count284
\c@part=\count285
\c@section=\count286
\c@subsection=\count287
\c@subsubsection=\count288
) ("C:\Program Files (x86)\MiKTeX 2.9\tex\latex\beamer\base\beamerbaseframe.sty
"
Package: beamerbaseframe 2020/01/08 v3.1.5b (3.1.5b)
\beamer@framebox=\box59
\beamer@frametitlebox=\box60
\beamer@zoombox=\box61
\beamer@zoomcount=\count289
\beamer@zoomframecount=\count290
\beamer@frametextheight=\dimen258
\c@subsectionslide=\count291
\beamer@frametopskip=\skip51
\beamer@framebottomskip=\skip52
\beamer@frametopskipautobreak=\skip53
\beamer@framebottomskipautobreak=\skip54
\beamer@envbody=\toks28
\c@framenumber=\count292
)
("C:\Program Files (x86)\MiKTeX 2.9\tex\latex\beamer\base\beamerbaseverbatim.st
y"
Package: beamerbaseverbatim 2020/01/08 v3.1.5b (3.1.5b)
\beamer@verbatimfileout=\write4
)
("C:\Program Files (x86)\MiKTeX 2.9\tex\latex\beamer\base\beamerbaseframesize.s
ty"
Package: beamerbaseframesize 2020/01/08 v3.1.5b (3.1.5b)
\beamer@splitbox=\box62
\beamer@autobreakcount=\count293
\beamer@autobreaklastheight=\dimen259
\beamer@frametitletoks=\toks29
\beamer@framesubtitletoks=\toks30
)
("C:\Program Files (x86)\MiKTeX 2.9\tex\latex\beamer\base\beamerbaseframecompon
ents.sty"
Package: beamerbaseframecomponents 2020/01/08 v3.1.5b (3.1.5b)
\beamer@footins=\box63
)
("C:\Program Files (x86)\MiKTeX 2.9\tex\latex\beamer\base\beamerbasecolor.sty"
Package: beamerbasecolor 2020/01/08 v3.1.5b (3.1.5b)
) ("C:\Program Files (x86)\MiKTeX 2.9\tex\latex\beamer\base\beamerbasenotes.sty
"
Package: beamerbasenotes 2020/01/08 v3.1.5b (3.1.5b)
\beamer@frameboxcopy=\box64
) ("C:\Program Files (x86)\MiKTeX 2.9\tex\latex\beamer\base\beamerbasetoc.sty"
Package: beamerbasetoc 2020/01/08 v3.1.5b (3.1.5b)
)
("C:\Program Files (x86)\MiKTeX 2.9\tex\latex\beamer\base\beamerbasetemplates.s
ty"
Package: beamerbasetemplates 2020/01/08 v3.1.5b (3.1.5b)
\beamer@sbttoks=\toks31

("C:\Program Files (x86)\MiKTeX 2.9\tex\latex\beamer\base\beamerbaseauxtemplate
s.sty"
Package: beamerbaseauxtemplates 2020/01/08 v3.1.5b (3.1.5b)

("C:\Program Files (x86)\MiKTeX 2.9\tex\latex\beamer\base\beamerbaseboxes.sty"
Package: beamerbaseboxes 2020/01/08 v3.1.5b (3.1.5b)
\bmb@box=\box65
\bmb@colorbox=\box66
\bmb@boxshadow=\box67
\bmb@boxshadowball=\box68
\bmb@boxshadowballlarge=\box69
\bmb@temp=\dimen260
\bmb@dima=\dimen261
\bmb@dimb=\dimen262
\bmb@prevheight=\dimen263
)
\beamer@blockheadheight=\dimen264
))
("C:\Program Files (x86)\MiKTeX 2.9\tex\latex\beamer\base\beamerbaselocalstruct
ure.sty"
Package: beamerbaselocalstructure 2020/01/08 v3.1.5b (3.1.5b)
 (C:\vntex\tex\latex\mystyle\enumerate.sty
Package: enumerate 1999/03/05 v3.00 enumerate extensions (DPC)
\@enLab=\toks32
)
\c@figure=\count294
\c@table=\count295
\abovecaptionskip=\skip55
\belowcaptionskip=\skip56
)
("C:\Program Files (x86)\MiKTeX 2.9\tex\latex\beamer\base\beamerbasenavigation.
sty"
Package: beamerbasenavigation 2020/01/08 v3.1.5b (3.1.5b)
)
("C:\Program Files (x86)\MiKTeX 2.9\tex\latex\beamer\base\beamerbasetheorems.st
y"
Package: beamerbasetheorems 2020/01/08 v3.1.5b (3.1.5b)

("C:\Users\DELL\AppData\Local\Programs\MiKTeX 2.9\tex\latex\amsmath\amsmath.sty
"
Package: amsmath 2020/01/20 v2.17e AMS math features
\@mathmargin=\skip57

For additional information on amsmath, use the `?' option.
("C:\Users\DELL\AppData\Local\Programs\MiKTeX 2.9\tex\latex\amsmath\amstext.sty
"
Package: amstext 2000/06/29 v2.01 AMS text
 ("C:\Users\DELL\AppData\Local\Programs\MiKTeX 2.9\tex\latex\amsmath\amsgen.sty
"
File: amsgen.sty 1999/11/30 v2.0 generic functions
\@emptytoks=\toks33
\ex@=\dimen265
))
("C:\Users\DELL\AppData\Local\Programs\MiKTeX 2.9\tex\latex\amsmath\amsbsy.sty"
Package: amsbsy 1999/11/29 v1.2d Bold Symbols
\pmbraise@=\dimen266
) ("C:\Users\DELL\AppData\Local\Programs\MiKTeX 2.9\tex\latex\amsmath\amsopn.st
y"
Package: amsopn 2016/03/08 v2.02 operator names
)
\inf@bad=\count296
LaTeX Info: Redefining \frac on input line 227.
\uproot@=\count297
\leftroot@=\count298
LaTeX Info: Redefining \overline on input line 389.
\classnum@=\count299
\DOTSCASE@=\count300
LaTeX Info: Redefining \ldots on input line 486.
LaTeX Info: Redefining \dots on input line 489.
LaTeX Info: Redefining \cdots on input line 610.
\Mathstrutbox@=\box70
\strutbox@=\box71
\big@size=\dimen267
LaTeX Font Info:    Redeclaring font encoding OML on input line 733.
LaTeX Font Info:    Redeclaring font encoding OMS on input line 734.
\macc@depth=\count301
\c@MaxMatrixCols=\count302
\dotsspace@=\muskip17
\c@parentequation=\count303
\dspbrk@lvl=\count304
\tag@help=\toks34
\row@=\count305
\column@=\count306
\maxfields@=\count307
\andhelp@=\toks35
\eqnshift@=\dimen268
\alignsep@=\dimen269
\tagshift@=\dimen270
\tagwidth@=\dimen271
\totwidth@=\dimen272
\lineht@=\dimen273
\@envbody=\toks36
\multlinegap=\skip58
\multlinetaggap=\skip59
\mathdisplay@stack=\toks37
LaTeX Info: Redefining \[ on input line 2859.
LaTeX Info: Redefining \] on input line 2860.
) ("C:\Program Files (x86)\MiKTeX 2.9\tex\latex\amscls\amsthm.sty"
Package: amsthm 2004/08/06 v2.20
\thm@style=\toks38
\thm@bodyfont=\toks39
\thm@headfont=\toks40
\thm@notefont=\toks41
\thm@headpunct=\toks42
\thm@preskip=\skip60
\thm@postskip=\skip61
\thm@headsep=\skip62
\dth@everypar=\toks43
))
("C:\Program Files (x86)\MiKTeX 2.9\tex\latex\beamer\base\beamerbasethemes.sty"
Package: beamerbasethemes 2020/01/08 v3.1.5b (3.1.5b)
))
("C:\Program Files (x86)\MiKTeX 2.9\tex\latex\beamer\base\themes\theme\beamerth
emedefault.sty"
Package: beamerthemedefault 2020/01/08 v3.1.5b (3.1.5b)

("C:\Program Files (x86)\MiKTeX 2.9\tex\latex\beamer\base\themes\font\beamerfon
tthemedefault.sty"
Package: beamerfontthemedefault 2020/01/08 v3.1.5b (3.1.5b)
)
("C:\Program Files (x86)\MiKTeX 2.9\tex\latex\beamer\base\themes\color\beamerco
lorthemedefault.sty"
Package: beamercolorthemedefault 2020/01/08 v3.1.5b (3.1.5b)
)
("C:\Program Files (x86)\MiKTeX 2.9\tex\latex\beamer\base\themes\inner\beamerin
nerthemedefault.sty"
Package: beamerinnerthemedefault 2020/01/08 v3.1.5b (3.1.5b)
\beamer@dima=\dimen274
\beamer@dimb=\dimen275
)
("C:\Program Files (x86)\MiKTeX 2.9\tex\latex\beamer\base\themes\outer\beamerou
terthemedefault.sty"
Package: beamerouterthemedefault 2020/01/08 v3.1.5b (3.1.5b)
)))
("C:\Users\DELL\AppData\Local\Programs\MiKTeX 2.9\tex\latex\amsmath\amsxtra.sty
"
Package: amsxtra 1999/11/15 v1.2c AMS extra commands
LaTeX Info: Redefining \nobreakspace on input line 54.
) ("C:\Users\DELL\AppData\Local\Programs\MiKTeX 2.9\tex\latex\base\latexsym.sty
"
Package: latexsym 1998/08/17 v2.2e Standard LaTeX package (lasy symbols)
\symlasy=\mathgroup6
LaTeX Font Info:    Overwriting symbol font `lasy' in version `bold'
(Font)                  U/lasy/m/n --> U/lasy/b/n on input line 52.
)
("C:\Users\DELL\AppData\Local\Programs\MiKTeX 2.9\tex\latex\amsmath\amscd.sty"
Package: amscd 2017/04/14 v2.1 AMS Commutative Diagrams
\athelp@=\toks44
\minaw@=\dimen276
\bigaw@=\dimen277
\minCDarrowwidth=\dimen278
)
("C:\Users\DELL\AppData\Local\Programs\MiKTeX 2.9\tex\latex\tools\indentfirst.s
ty"
Package: indentfirst 1995/11/23 v1.03 Indent first paragraph (DPC)
)
("C:\Users\DELL\AppData\Local\Programs\MiKTeX 2.9\tex\latex\amsfonts\eucal.sty"
Package: eucal 2009/06/22 v3.00 Euler Script fonts
LaTeX Font Info:    Overwriting math alphabet `\EuScript' in version `bold'
(Font)                  U/eus/m/n --> U/eus/b/n on input line 33.
) (C:\vntex\tex\latex\vietnam\vietnam.sty
Package: vietnam 2000/01/27 v1.0 Vietnamese captions

("C:\Users\DELL\AppData\Local\Programs\MiKTeX 2.9\tex\latex\base\ifthen.sty"
Package: ifthen 2014/09/29 v1.1c Standard LaTeX ifthen package (DPC)
)
("C:\Users\DELL\AppData\Local\Programs\MiKTeX 2.9\tex\latex\base\fontenc.sty"
Package: fontenc 2020/02/11 v2.0o Standard LaTeX package

(C:\vntex\tex\latex\vietnam\t5enc.def
File: t5enc.def 2001/09/21 v1.1 Vietnamese T5 encoding
)
LaTeX Font Info:    Trying to load font information for T5+cmss on input line 1
12.
 (C:\vntex\tex\latex\vietnam\t5cmss.fd
File: t5cmss.fd 1999/05/25 v2.5h Standard LaTeX font definitions
))
("C:\Users\DELL\AppData\Local\Programs\MiKTeX 2.9\tex\latex\base\inputenc.sty"
Package: inputenc 2018/08/11 v1.3c Input encoding file
\inpenc@prehook=\toks45
\inpenc@posthook=\toks46
) (C:\vntex\tex\latex\vietnam\vncaps.tex)) (C:\vntex\tex\latex\vietnam\ucs.sty
Package: ucs 2002/06/22 UCS: Unicode input support

(C:\vntex\tex\latex\vietnam\uni-global.def
File: uni-global.def 2002/07/04 UCS: Unicode global data
)
\uc@secondtry=\count308
\uc@combtoks=\toks47
\uc@combtoksb=\toks48
\uc@temptokena=\toks49
)
(C:\vntex\tex\latex\mystyle\picinpar.sty
Pictures in Paragraphs. Version 1.2a, July 13, 1993
\br=\count309
\bl=\count310
\na=\count311
\nb=\count312
\tcdsav=\count313
\tcl=\count314
\tcd=\count315
\tcn=\count316
\cumtcl=\count317
\cumpartcl=\count318
\lftside=\dimen279
\rtside=\dimen280
\hpic=\dimen281
\vpic=\dimen282
\strutilg=\dimen283
\picwd=\dimen284
\topheight=\dimen285
\ilg=\dimen286
\lpic=\dimen287
\lwindowsep=\dimen288
\rwindowsep=\dimen289
\cumpar=\dimen290
\twa=\toks50
\la=\toks51
\ra=\toks52
\ha=\toks53
\pictoc=\toks54
\rawtext=\box72
\holder=\box73
\windowbox=\box74
\wartext=\box75
\finaltext=\box76
\aslice=\box77
\bslice=\box78
\wbox=\box79
\wstrutbox=\box80
\picbox=\box81
\waslice=\box82
\wbslice=\box83
\fslice=\box84
) (C:\vntex\tex\latex\mystyle\floatflt.sty
Package: floatflt 1997/07/16 v. 1.31
\c@OptionTest=\count319
\figbox=\box85
\tabbox=\box86
\pagebox=\box87
\ffigcount=\count320
\ftabcount=\count321
\fftest=\count322
\hangcount=\count323
\nosuccesstryfig=\count324
\nosuccesstrytab=\count325
\figgutter=\dimen291
\tabgutter=\dimen292
\htdone=\dimen293
\pageht=\dimen294
\startpageht=\dimen295
\tabbredd=\dimen296
\floatfltwidth=\dimen297
\fltitemwidth=\dimen298
\outputpretest=\toks55
)
("C:\Program Files (x86)\MiKTeX 2.9\tex\latex\commath\commath.sty")
("C:\Users\DELL\AppData\Local\Programs\MiKTeX 2.9\tex\latex\base\makeidx.sty"
Package: makeidx 2014/09/29 v1.0m Standard LaTeX package
)
("C:\Users\DELL\AppData\Local\Programs\MiKTeX 2.9\tex\latex\tools\longtable.sty
"
Package: longtable 2020/01/07 v4.13 Multi-page Table package (DPC)
\LTleft=\skip63
\LTright=\skip64
\LTpre=\skip65
\LTpost=\skip66
\LTchunksize=\count326
\LTcapwidth=\dimen299
\LT@head=\box88
\LT@firsthead=\box89
\LT@foot=\box90
\LT@lastfoot=\box91
\LT@cols=\count327
\LT@rows=\count328
\c@LT@tables=\count329
\c@LT@chunks=\count330
\LT@p@ftn=\toks56
)
("C:\Users\DELL\AppData\Local\Programs\MiKTeX 2.9\tex\latex\tools\multicol.sty"
Package: multicol 2019/12/09 v1.8y multicolumn formatting (FMi)
\c@tracingmulticols=\count331
\mult@box=\box92
\multicol@leftmargin=\dimen300
\c@unbalance=\count332
\c@collectmore=\count333
\doublecol@number=\count334
\multicoltolerance=\count335
\multicolpretolerance=\count336
\full@width=\dimen301
\page@free=\dimen302
\premulticols=\dimen303
\postmulticols=\dimen304
\multicolsep=\skip67
\multicolbaselineskip=\skip68
\partial@page=\box93
\last@line=\box94
\maxbalancingoverflow=\dimen305
\mult@rightbox=\box95
\mult@grightbox=\box96
\mult@gfirstbox=\box97
\mult@firstbox=\box98
\@tempa=\box99
\@tempa=\box100
\@tempa=\box101
\@tempa=\box102
\@tempa=\box103
\@tempa=\box104
\@tempa=\box105
\@tempa=\box106
\@tempa=\box107
\@tempa=\box108
\@tempa=\box109
\@tempa=\box110
\@tempa=\box111
\@tempa=\box112
\@tempa=\box113
\@tempa=\box114
\@tempa=\box115
\@tempa=\box116
\@tempa=\box117
\@tempa=\box118
\@tempa=\box119
\@tempa=\box120
\@tempa=\box121
\@tempa=\box122
\@tempa=\box123
\@tempa=\box124
\@tempa=\box125
\@tempa=\box126
\@tempa=\box127
\@tempa=\box128
\@tempa=\box129
\@tempa=\box130
\@tempa=\box131
\@tempa=\box132
\@tempa=\box133
\@tempa=\box134
\@tempa=\box135
\c@minrows=\count337
\c@columnbadness=\count338
\c@finalcolumnbadness=\count339
\last@try=\dimen306
\multicolovershoot=\dimen307
\multicolundershoot=\dimen308
\mult@nat@firstbox=\box136
\colbreak@box=\box137
\mc@col@check@num=\count340
)
("C:\Program Files (x86)\MiKTeX 2.9\tex\latex\beamer\base\themes\theme\beamerth
emeMadrid.sty"
Package: beamerthemeMadrid 2020/01/08 v3.1.5b (3.1.5b)

("C:\Program Files (x86)\MiKTeX 2.9\tex\latex\beamer\base\themes\color\beamerco
lorthemewhale.sty"
Package: beamercolorthemewhale 2020/01/08 v3.1.5b (3.1.5b)
)
("C:\Program Files (x86)\MiKTeX 2.9\tex\latex\beamer\base\themes\color\beamerco
lorthemeorchid.sty"
Package: beamercolorthemeorchid 2020/01/08 v3.1.5b (3.1.5b)
)
("C:\Program Files (x86)\MiKTeX 2.9\tex\latex\beamer\base\themes\inner\beamerin
nerthemerounded.sty"
Package: beamerinnerthemerounded 2020/01/08 v3.1.5b (3.1.5b)
)
("C:\Program Files (x86)\MiKTeX 2.9\tex\latex\beamer\base\themes\outer\beamerou
terthemeinfolines.sty"
Package: beamerouterthemeinfolines 2020/01/08 v3.1.5b (3.1.5b)
))
("C:\Users\DELL\AppData\Local\Programs\MiKTeX 2.9\tex\generic\babel\babel.sty"
Package: babel 2020/05/13 3.44 The Babel package

("C:\Users\DELL\AppData\Local\Programs\MiKTeX 2.9\tex\generic\babel\babel.def"
File: babel.def 2020/05/13 3.44 Babel common definitions
\babel@savecnt=\count341
\U@D=\dimen309
\l@babelnohyphens=\language83

("C:\Users\DELL\AppData\Local\Programs\MiKTeX 2.9\tex\generic\babel\txtbabel.de
f")
\bbl@readstream=\read3
)
LaTeX Info: Redefining \textlatin on input line 674.
\bbl@dirlevel=\count342

*************************************
* Local config file bblopts.cfg used
*
("C:\Users\DELL\AppData\Local\Programs\MiKTeX 2.9\tex\latex\arabi\bblopts.cfg"
File: bblopts.cfg 2005/09/08 v0.1 add Arabic and Farsi to "declared" options of
 babel
)
("C:\Users\DELL\AppData\Local\Programs\MiKTeX 2.9\tex\latex\babel-english\engli
sh.ldf"
Language: english 2017/06/06 v3.3r English support from the babel system
))
("C:\Users\DELL\AppData\Local\Programs\MiKTeX 2.9\tex\latex\listings\listings.s
ty"
\lst@mode=\count343
\lst@gtempboxa=\box138
\lst@token=\toks57
\lst@length=\count344
\lst@currlwidth=\dimen310
\lst@column=\count345
\lst@pos=\count346
\lst@lostspace=\dimen311
\lst@width=\dimen312
\lst@newlines=\count347
\lst@lineno=\count348
\lst@maxwidth=\dimen313

("C:\Users\DELL\AppData\Local\Programs\MiKTeX 2.9\tex\latex\listings\lstmisc.st
y"
File: lstmisc.sty 2020/03/24 1.8d (Carsten Heinz)
\c@lstnumber=\count349
\lst@skipnumbers=\count350
\lst@framebox=\box139
)
("C:\Users\DELL\AppData\Local\Programs\MiKTeX 2.9\tex\latex\listings\listings.c
fg"
File: listings.cfg 2020/03/24 1.8d listings configuration
))
Package: listings 2020/03/24 1.8d (Carsten Heinz)
\c@dly=\count351
\c@dng=\count352
\c@nx=\count353
 (C:\vntex\tex\latex\vietnam\uni-30.def
File: uni-30.def 2002/07/04 UCS: Unicode data U+1E00..U+1EFF
)
(C:\vntex\tex\latex\vietnam\uni-0.def
File: uni-0.def 2002/07/04 UCS: Unicode data U+0000..U+00FF
)

Package hyperref Warning: Composite letter `\textdotbelow+O'
(hyperref)                not defined in PD1 encoding,
(hyperref)                removing `\textdotbelow' on input line 86.


Package hyperref Warning: Composite letter `\textdotbelow+\ECIRCUMFLEX'
(hyperref)                not defined in PD1 encoding,
(hyperref)                removing `\textdotbelow' on input line 86.


Package hyperref Warning: Glyph not defined in PD1 encoding,
(hyperref)                removing `\ECIRCUMFLEX' on input line 86.

(C:\vntex\tex\latex\vietnam\uni-1.def
File: uni-1.def 2002/07/04 UCS: Unicode data U+0100..U+01FF
)

Package hyperref Warning: Composite letter `\textacute+\ECIRCUMFLEX'
(hyperref)                not defined in PD1 encoding,
(hyperref)                removing `\textacute' on input line 99.


Package hyperref Warning: Glyph not defined in PD1 encoding,
(hyperref)                removing `\ECIRCUMFLEX' on input line 99.


Package hyperref Warning: Composite letter `\textasciigrave+\ECIRCUMFLEX'
(hyperref)                not defined in PD1 encoding,
(hyperref)                removing `\textasciigrave' on input line 99.


Package hyperref Warning: Glyph not defined in PD1 encoding,
(hyperref)                removing `\ECIRCUMFLEX' on input line 99.


Package hyperref Warning: Glyph not defined in PD1 encoding,
(hyperref)                removing `\h' on input line 99.


Package hyperref Warning: Glyph not defined in PD1 encoding,
(hyperref)                removing `\ECIRCUMFLEX' on input line 99.


Package hyperref Warning: Glyph not defined in PD1 encoding,
(hyperref)                removing `\h' on input line 99.


Package hyperref Warning: Composite letter `\textdotbelow+\ECIRCUMFLEX'
(hyperref)                not defined in PD1 encoding,
(hyperref)                removing `\textdotbelow' on input line 99.


Package hyperref Warning: Glyph not defined in PD1 encoding,
(hyperref)                removing `\ECIRCUMFLEX' on input line 99.


Package hyperref Warning: Composite letter `\textdotbelow+\OCIRCUMFLEX'
(hyperref)                not defined in PD1 encoding,
(hyperref)                removing `\textdotbelow' on input line 99.


Package hyperref Warning: Glyph not defined in PD1 encoding,
(hyperref)                removing `\OCIRCUMFLEX' on input line 99.


Package hyperref Warning: Composite letter `\textdotbelow+\UHORN'
(hyperref)                not defined in PD1 encoding,
(hyperref)                removing `\textdotbelow' on input line 99.


Package hyperref Warning: Glyph not defined in PD1 encoding,
(hyperref)                removing `\UHORN' on input line 99.


Package hyperref Warning: Composite letter `\texttilde+\ECIRCUMFLEX'
(hyperref)                not defined in PD1 encoding,
(hyperref)                removing `\texttilde' on input line 99.


Package hyperref Warning: Glyph not defined in PD1 encoding,
(hyperref)                removing `\ECIRCUMFLEX' on input line 99.


Package hyperref Warning: Glyph not defined in PD1 encoding,
(hyperref)                removing `\h' on input line 99.


Package hyperref Warning: Glyph not defined in PD1 encoding,
(hyperref)                removing `\UHORN' on input line 99.


Package hyperref Warning: Composite letter `\textdotbelow+U'
(hyperref)                not defined in PD1 encoding,
(hyperref)                removing `\textdotbelow' on input line 99.


Package hyperref Warning: Glyph not defined in PD1 encoding,
(hyperref)                removing `\horn' on input line 99.


Package hyperref Warning: Glyph not defined in PD1 encoding,
(hyperref)                removing `\horn' on input line 99.


Package hyperref Warning: Composite letter `\textacute+\UHORN'
(hyperref)                not defined in PD1 encoding,
(hyperref)                removing `\textacute' on input line 99.


Package hyperref Warning: Glyph not defined in PD1 encoding,
(hyperref)                removing `\UHORN' on input line 99.


Package hyperref Warning: Composite letter `\textdotbelow+U'
(hyperref)                not defined in PD1 encoding,
(hyperref)                removing `\textdotbelow' on input line 99.


("C:\Users\DELL\AppData\Local\Programs\MiKTeX 2.9\tex\latex\l3backend\l3backend
-pdfmode.def"
File: l3backend-pdfmode.def 2020-05-05 L3 backend support: PDF mode
\l__kernel_color_stack_int=\count354
\l__pdf_internal_box=\box140
) ("C:\Users\DELL\Desktop\Trình Chiếu bảo vệ\trinh chieu.aux")
LaTeX Font Info:    Checking defaults for OML/cmm/m/it on input line 99.
LaTeX Font Info:    ... okay on input line 99.
LaTeX Font Info:    Checking defaults for OMS/cmsy/m/n on input line 99.
LaTeX Font Info:    ... okay on input line 99.
LaTeX Font Info:    Checking defaults for OT1/cmr/m/n on input line 99.
LaTeX Font Info:    ... okay on input line 99.
LaTeX Font Info:    Checking defaults for T1/cmr/m/n on input line 99.
LaTeX Font Info:    ... okay on input line 99.
LaTeX Font Info:    Checking defaults for TS1/cmr/m/n on input line 99.
LaTeX Font Info:    ... okay on input line 99.
LaTeX Font Info:    Checking defaults for OMX/cmex/m/n on input line 99.
LaTeX Font Info:    ... okay on input line 99.
LaTeX Font Info:    Checking defaults for U/cmr/m/n on input line 99.
LaTeX Font Info:    ... okay on input line 99.
LaTeX Font Info:    Checking defaults for PD1/pdf/m/n on input line 99.
LaTeX Font Info:    ... okay on input line 99.
LaTeX Font Info:    Checking defaults for T5/cmr/m/n on input line 99.
LaTeX Font Info:    Trying to load font information for T5+cmr on input line 99
.
 (C:\vntex\tex\latex\vietnam\t5cmr.fd
File: t5cmr.fd 1999/05/25 v2.5h Standard LaTeX font definitions
)
LaTeX Font Info:    ... okay on input line 99.


Package utf8.def Warning: Character(s) 191 etc. got redefined somewhere.
(utf8.def)                Restoring to its utf8-meaning on input line 99.

*geometry* driver: auto-detecting
*geometry* detected driver: pdftex
*geometry* verbose mode - [ preamble ] result:
* driver: pdftex
* paper: custom
* layout: <same size as paper>
* layoutoffset:(h,v)=(0.0pt,0.0pt)
* modes: includehead includefoot 
* h-part:(L,W,R)=(9.99756pt, 344.20024pt, 9.99756pt)
* v-part:(T,H,B)=(0.0pt, 273.14662pt, 0.0pt)
* \paperwidth=364.19536pt
* \paperheight=273.14662pt
* \textwidth=344.20024pt
* \textheight=244.6939pt
* \oddsidemargin=-62.27243pt
* \evensidemargin=-62.27243pt
* \topmargin=-72.26999pt
* \headheight=14.22636pt
* \headsep=0.0pt
* \topskip=10.0pt
* \footskip=14.22636pt
* \marginparwidth=3.0pt
* \marginparsep=11.0pt
* \columnsep=10.0pt
* \skip\footins=9.0pt plus 4.0pt minus 2.0pt
* \hoffset=0.0pt
* \voffset=0.0pt
* \mag=1000
* \@twocolumnfalse
* \@twosidefalse
* \@mparswitchfalse
* \@reversemarginfalse
* (1in=72.27pt=25.4mm, 1cm=28.453pt)


("C:\Users\DELL\AppData\Local\Programs\MiKTeX 2.9\tex\context\base\mkii\supp-pd
f.mkii"
[Loading MPS to PDF converter (version 2006.09.02).]
\scratchcounter=\count355
\scratchdimen=\dimen314
\scratchbox=\box141
\nofMPsegments=\count356
\nofMParguments=\count357
\everyMPshowfont=\toks58
\MPscratchCnt=\count358
\MPscratchDim=\dimen315
\MPnumerator=\count359
\makeMPintoPDFobject=\count360
\everyMPtoPDFconversion=\toks59
)
("C:\Users\DELL\AppData\Local\Programs\MiKTeX 2.9\tex\latex\epstopdf-pkg\epstop
df-base.sty"
Package: epstopdf-base 2020-01-24 v2.11 Base part for package epstopdf
Package epstopdf-base Info: Redefining graphics rule for `.eps' on input line 4
85.
) ABD: EveryShipout initializing macros
\AtBeginShipoutBox=\box142
Package hyperref Info: Link coloring OFF on input line 99.

("C:\Users\DELL\AppData\Local\Programs\MiKTeX 2.9\tex\latex\hyperref\nameref.st
y"
Package: nameref 2019/09/16 v2.46 Cross-referencing by name of section
 (C:\vntex\tex\latex\math\refcount.sty
Package: refcount 2000/09/07 v2.0 Converting references to numbers (HO)
)

LaTeX Warning: You have requested, on input line 37, version
               `2006/02/12' of package refcount,
               but only version
               `2000/09/07 v2.0 Converting references to numbers (HO)'
               is available.

("C:\Program Files (x86)\MiKTeX 2.9\tex\generic\oberdiek\gettitlestring.sty"
Package: gettitlestring 2010/12/03 v1.4 Cleanup title references (HO)
)
\c@section@level=\count361
)
LaTeX Info: Redefining \ref on input line 99.
LaTeX Info: Redefining \pageref on input line 99.
LaTeX Info: Redefining \nameref on input line 99.

("C:\Users\DELL\Desktop\Trình Chiếu bảo vệ\trinh chieu.out")
("C:\Users\DELL\Desktop\Trình Chiếu bảo vệ\trinh chieu.out")
\@outlinefile=\write5
LaTeX Font Info:    Overwriting symbol font `operators' in version `normal'
(Font)                  OT1/cmr/m/n --> OT1/cmss/m/n on input line 99.
LaTeX Font Info:    Overwriting symbol font `operators' in version `bold'
(Font)                  OT1/cmr/bx/n --> OT1/cmss/bx/n on input line 99.
\symnumbers=\mathgroup7
\sympureletters=\mathgroup8
LaTeX Font Info:    Overwriting math alphabet `\mathrm' in version `normal'
(Font)                  OT1/cmss/m/n --> T5/cmr/m/n on input line 99.
LaTeX Font Info:    Redeclaring math alphabet \mathbf on input line 99.
LaTeX Font Info:    Overwriting math alphabet `\mathbf' in version `normal'
(Font)                  OT1/cmr/bx/n --> T5/cmss/bx/n on input line 99.
LaTeX Font Info:    Overwriting math alphabet `\mathbf' in version `bold'
(Font)                  OT1/cmr/bx/n --> T5/cmss/bx/n on input line 99.
LaTeX Font Info:    Redeclaring math alphabet \mathsf on input line 99.
LaTeX Font Info:    Overwriting math alphabet `\mathsf' in version `normal'
(Font)                  OT1/cmss/m/n --> T5/cmss/m/n on input line 99.
LaTeX Font Info:    Overwriting math alphabet `\mathsf' in version `bold'
(Font)                  OT1/cmss/bx/n --> T5/cmss/m/n on input line 99.
LaTeX Font Info:    Redeclaring math alphabet \mathit on input line 99.
LaTeX Font Info:    Overwriting math alphabet `\mathit' in version `normal'
(Font)                  OT1/cmr/m/it --> T5/cmss/m/it on input line 99.
LaTeX Font Info:    Overwriting math alphabet `\mathit' in version `bold'
(Font)                  OT1/cmr/bx/it --> T5/cmss/m/it on input line 99.
LaTeX Font Info:    Redeclaring math alphabet \mathtt on input line 99.
LaTeX Font Info:    Overwriting math alphabet `\mathtt' in version `normal'
(Font)                  OT1/cmtt/m/n --> T5/cmtt/m/n on input line 99.
LaTeX Font Info:    Overwriting math alphabet `\mathtt' in version `bold'
(Font)                  OT1/cmtt/m/n --> T5/cmtt/m/n on input line 99.
LaTeX Font Info:    Overwriting symbol font `numbers' in version `bold'
(Font)                  T5/cmss/m/n --> T5/cmss/bx/n on input line 99.
LaTeX Font Info:    Overwriting symbol font `pureletters' in version `bold'
(Font)                  T5/cmss/m/it --> T5/cmss/bx/it on input line 99.
LaTeX Font Info:    Overwriting math alphabet `\mathrm' in version `bold'
(Font)                  OT1/cmss/bx/n --> T5/cmr/bx/n on input line 99.
LaTeX Font Info:    Overwriting math alphabet `\mathbf' in version `bold'
(Font)                  T5/cmss/bx/n --> T5/cmss/bx/n on input line 99.
LaTeX Font Info:    Overwriting math alphabet `\mathsf' in version `bold'
(Font)                  T5/cmss/m/n --> T5/cmss/bx/n on input line 99.
LaTeX Font Info:    Overwriting math alphabet `\mathit' in version `bold'
(Font)                  T5/cmss/m/it --> T5/cmss/bx/it on input line 99.
LaTeX Font Info:    Overwriting math alphabet `\mathtt' in version `bold'
(Font)                  T5/cmtt/m/n --> T5/cmtt/bx/n on input line 99.

("C:\Program Files (x86)\MiKTeX 2.9\tex\latex\beamer\base\translator\dicts\tran
slator-basic-dictionary\translator-basic-dictionary-English.dict"
Dictionary: translator-basic-dictionary, Language: English 
)
("C:\Program Files (x86)\MiKTeX 2.9\tex\latex\beamer\base\translator\dicts\tran
slator-bibliography-dictionary\translator-bibliography-dictionary-English.dict"
Dictionary: translator-bibliography-dictionary, Language: English 
)
("C:\Program Files (x86)\MiKTeX 2.9\tex\latex\beamer\base\translator\dicts\tran
slator-environment-dictionary\translator-environment-dictionary-English.dict"
Dictionary: translator-environment-dictionary, Language: English 
)
("C:\Program Files (x86)\MiKTeX 2.9\tex\latex\beamer\base\translator\dicts\tran
slator-months-dictionary\translator-months-dictionary-English.dict"
Dictionary: translator-months-dictionary, Language: English 
)
("C:\Program Files (x86)\MiKTeX 2.9\tex\latex\beamer\base\translator\dicts\tran
slator-numbers-dictionary\translator-numbers-dictionary-English.dict"
Dictionary: translator-numbers-dictionary, Language: English 
)
("C:\Program Files (x86)\MiKTeX 2.9\tex\latex\beamer\base\translator\dicts\tran
slator-theorem-dictionary\translator-theorem-dictionary-English.dict"
Dictionary: translator-theorem-dictionary, Language: English 
)
(C:\vntex\tex\latex\vietnam\uni-0.def
File: uni-0.def 2002/07/04 UCS: Unicode data U+0000..U+00FF
) (C:\vntex\tex\latex\vietnam\uni-1.def
File: uni-1.def 2002/07/04 UCS: Unicode data U+0100..U+01FF
)
(C:\vntex\tex\latex\vietnam\uni-30.def
File: uni-30.def 2002/07/04 UCS: Unicode data U+1E00..U+1EFF
) (C:\vntex\tex\latex\vietnam\ucsencs.def
File: ucsencs.def 2002/06/15 Fixes to fontencodings LGR, LHE, T3
)
\c@lstlisting=\count362
 ("C:\Users\DELL\Desktop\Trình Chiếu bảo vệ\trinh chieu.nav")
Overfull \hbox (169.70398pt too wide) in paragraph at lines 99--99
 [][][][]  
 []


LaTeX Font Warning: Font shape `T5/cmss/m/n' in size <4> not available
(Font)              size <5> substituted on input line 108.


Overfull \hbox (169.70398pt too wide) has occurred while \output is active
 [][][][]  
 []

[1

{C:/Users/DELL/AppData/Local/MiKTeX/2.9/pdftex/config/pdftex.map}]
LaTeX Font Info:    Trying to load font information for U+msa on input line 128
.

("C:\Users\DELL\AppData\Local\Programs\MiKTeX 2.9\tex\latex\amsfonts\umsa.fd"
File: umsa.fd 2013/01/14 v3.01 AMS symbols A
)
LaTeX Font Info:    Trying to load font information for U+msb on input line 128
.

("C:\Users\DELL\AppData\Local\Programs\MiKTeX 2.9\tex\latex\amsfonts\umsb.fd"
File: umsb.fd 2013/01/14 v3.01 AMS symbols B
)
LaTeX Font Info:    Trying to load font information for U+lasy on input line 12
8.

("C:\Users\DELL\AppData\Local\Programs\MiKTeX 2.9\tex\latex\base\ulasy.fd"
File: ulasy.fd 1998/08/17 v2.2e LaTeX symbol font definitions
)

LaTeX Font Warning: Font shape `T5/cmss/m/it' in size <10> not available
(Font)              Font shape `T5/cmss/m/sl' tried instead on input line 128.


LaTeX Font Warning: Font shape `T5/cmss/m/it' in size <7> not available
(Font)              Font shape `T5/cmss/m/sl' tried instead on input line 128.


LaTeX Font Warning: Font shape `T5/cmss/m/it' in size <5> not available
(Font)              Font shape `T5/cmss/m/sl' tried instead on input line 128.


Overfull \hbox (169.70398pt too wide) has occurred while \output is active
 [][][][]  
 []

[2

] ("C:\Users\DELL\Desktop\Trình Chiếu bảo vệ\trinh chieu.toc")
Overfull \hbox (17.07181pt too wide) in paragraph at lines 133--133
 []|[]|  
 []


Overfull \hbox (169.70398pt too wide) has occurred while \output is active
 [][][][]  
 []

[3

]

Package hyperref Warning: Composite letter `\textdotbelow+\ocircumflex'
(hyperref)                not defined in PD1 encoding,
(hyperref)                removing `\textdotbelow' on input line 135.


Package hyperref Warning: Glyph not defined in PD1 encoding,
(hyperref)                removing `\ocircumflex' on input line 135.


Package hyperref Warning: Composite letter `\textacute+\ocircumflex'
(hyperref)                not defined in PD1 encoding,
(hyperref)                removing `\textacute' on input line 135.


Package hyperref Warning: Glyph not defined in PD1 encoding,
(hyperref)                removing `\ocircumflex' on input line 135.


Package hyperref Warning: Composite letter `\textacute+\ecircumflex'
(hyperref)                not defined in PD1 encoding,
(hyperref)                removing `\textacute' on input line 135.


Package hyperref Warning: Glyph not defined in PD1 encoding,
(hyperref)                removing `\ecircumflex' on input line 135.


Package hyperref Warning: Composite letter `\textacute+\uhorn'
(hyperref)                not defined in PD1 encoding,
(hyperref)                removing `\textacute' on input line 135.


Package hyperref Warning: Glyph not defined in PD1 encoding,
(hyperref)                removing `\uhorn' on input line 135.


Package hyperref Warning: Glyph not defined in PD1 encoding,
(hyperref)                removing `\horn' on input line 135.


Package hyperref Warning: Glyph not defined in PD1 encoding,
(hyperref)                removing `\h' on input line 135.


Package hyperref Warning: Glyph not defined in PD1 encoding,
(hyperref)                removing `\ohorn' on input line 135.

("C:\Users\DELL\Desktop\Trình Chiếu bảo vệ\trinh chieu.toc")
Overfull \hbox (169.70398pt too wide) has occurred while \output is active
 [][][][]  
 []

[4

]

Package hyperref Warning: Glyph not defined in PD1 encoding,
(hyperref)                removing `\horn' on input line 138.


Package hyperref Warning: Glyph not defined in PD1 encoding,
(hyperref)                removing `\horn' on input line 138.


Package hyperref Warning: Composite letter `\textdotbelow+\ohorn'
(hyperref)                not defined in PD1 encoding,
(hyperref)                removing `\textdotbelow' on input line 138.


Package hyperref Warning: Glyph not defined in PD1 encoding,
(hyperref)                removing `\ohorn' on input line 138.


Package hyperref Warning: Composite letter `\textasciigrave+\ecircumflex'
(hyperref)                not defined in PD1 encoding,
(hyperref)                removing `\textasciigrave' on input line 138.


Package hyperref Warning: Glyph not defined in PD1 encoding,
(hyperref)                removing `\ecircumflex' on input line 138.


Overfull \hbox (169.70398pt too wide) has occurred while \output is active
 [][][][]  
 []

[5

]
<hinh/Screenshot_1.png, id=272, 452.4403pt x 286.06876pt>
File: hinh/Screenshot_1.png Graphic file (type png)
<use hinh/Screenshot_1.png>
Package pdftex.def Info: hinh/Screenshot_1.png  used on input line 171.
(pdftex.def)             Requested size: 135.73314pt x 85.82129pt.

Overfull \hbox (169.70398pt too wide) has occurred while \output is active
 [][][][]  
 []

[6

 <C:/Users/DELL/Desktop/Trình Chiếu bảo vệ/hinh/Screenshot_1.png>]
File: hinh/Screenshot_1.png Graphic file (type png)
<use hinh/Screenshot_1.png>
Package pdftex.def Info: hinh/Screenshot_1.png  used on input line 171.
(pdftex.def)             Requested size: 135.73314pt x 85.82129pt.

Overfull \hbox (169.70398pt too wide) has occurred while \output is active
 [][][][]  
 []

[7

]
File: hinh/Screenshot_1.png Graphic file (type png)
<use hinh/Screenshot_1.png>
Package pdftex.def Info: hinh/Screenshot_1.png  used on input line 171.
(pdftex.def)             Requested size: 135.73314pt x 85.82129pt.

Overfull \hbox (169.70398pt too wide) has occurred while \output is active
 [][][][]  
 []

[8

]
File: hinh/Screenshot_1.png Graphic file (type png)
<use hinh/Screenshot_1.png>
Package pdftex.def Info: hinh/Screenshot_1.png  used on input line 171.
(pdftex.def)             Requested size: 135.73314pt x 85.82129pt.

Overfull \hbox (169.70398pt too wide) has occurred while \output is active
 [][][][]  
 []

[9

]
File: hinh/Screenshot_1.png Graphic file (type png)
<use hinh/Screenshot_1.png>
Package pdftex.def Info: hinh/Screenshot_1.png  used on input line 171.
(pdftex.def)             Requested size: 135.73314pt x 85.82129pt.

Overfull \hbox (169.70398pt too wide) has occurred while \output is active
 [][][][]  
 []

[10

]
File: hinh/Screenshot_1.png Graphic file (type png)
<use hinh/Screenshot_1.png>
Package pdftex.def Info: hinh/Screenshot_1.png  used on input line 171.
(pdftex.def)             Requested size: 135.73314pt x 85.82129pt.

Overfull \hbox (169.70398pt too wide) has occurred while \output is active
 [][][][]  
 []

[11

]
Overfull \hbox (169.70398pt too wide) has occurred while \output is active
 [][][][]  
 []

[12

]
Overfull \hbox (169.70398pt too wide) has occurred while \output is active
 [][][][]  
 []

[13

]
Overfull \hbox (169.70398pt too wide) has occurred while \output is active
 [][][][]  
 []

[14

]
Overfull \hbox (169.70398pt too wide) has occurred while \output is active
 [][][][]  
 []

[15

]
Overfull \hbox (169.70398pt too wide) has occurred while \output is active
 [][][][]  
 []

[16

]

Package hyperref Warning: Composite letter `\textdotbelow+\ocircumflex'
(hyperref)                not defined in PD1 encoding,
(hyperref)                removing `\textdotbelow' on input line 230.


Package hyperref Warning: Glyph not defined in PD1 encoding,
(hyperref)                removing `\ocircumflex' on input line 230.


Package hyperref Warning: Composite letter `\textacute+\ocircumflex'
(hyperref)                not defined in PD1 encoding,
(hyperref)                removing `\textacute' on input line 230.


Package hyperref Warning: Glyph not defined in PD1 encoding,
(hyperref)                removing `\ocircumflex' on input line 230.


Package hyperref Warning: Composite letter `\textacute+\acircumflex'
(hyperref)                not defined in PD1 encoding,
(hyperref)                removing `\textacute' on input line 230.


Package hyperref Warning: Glyph not defined in PD1 encoding,
(hyperref)                removing `\acircumflex' on input line 230.


Package hyperref Warning: Glyph not defined in PD1 encoding,
(hyperref)                removing `\horn' on input line 230.


Package hyperref Warning: Glyph not defined in PD1 encoding,
(hyperref)                removing `\h' on input line 230.


Package hyperref Warning: Glyph not defined in PD1 encoding,
(hyperref)                removing `\h' on input line 230.


Package hyperref Warning: Composite letter `\textdotbelow+\ecircumflex'
(hyperref)                not defined in PD1 encoding,
(hyperref)                removing `\textdotbelow' on input line 230.


Package hyperref Warning: Glyph not defined in PD1 encoding,
(hyperref)                removing `\ecircumflex' on input line 230.


Package hyperref Warning: Glyph not defined in PD1 encoding,
(hyperref)                removing `\dj' on input line 230.


Package hyperref Warning: Composite letter `\textasciigrave+\ecircumflex'
(hyperref)                not defined in PD1 encoding,
(hyperref)                removing `\textasciigrave' on input line 230.


Package hyperref Warning: Glyph not defined in PD1 encoding,
(hyperref)                removing `\ecircumflex' on input line 230.


Package hyperref Warning: Glyph not defined in PD1 encoding,
(hyperref)                removing `\h' on input line 230.


Package hyperref Warning: Glyph not defined in PD1 encoding,
(hyperref)                removing `\ecircumflex' on input line 230.


Package hyperref Warning: Composite letter `\texttilde+\ecircumflex'
(hyperref)                not defined in PD1 encoding,
(hyperref)                removing `\texttilde' on input line 230.


Package hyperref Warning: Glyph not defined in PD1 encoding,
(hyperref)                removing `\ecircumflex' on input line 230.


Overfull \hbox (169.70398pt too wide) has occurred while \output is active
 [][][][]  
 []

[17

]
Overfull \hbox (169.70398pt too wide) has occurred while \output is active
 [][][][]  
 []

[18

]

Package hyperref Warning: Composite letter `\textacute+\UHORN'
(hyperref)                not defined in PD1 encoding,
(hyperref)                removing `\textacute' on input line 277.


Package hyperref Warning: Glyph not defined in PD1 encoding,
(hyperref)                removing `\UHORN' on input line 277.


Package hyperref Warning: Composite letter `\textdotbelow+u'
(hyperref)                not defined in PD1 encoding,
(hyperref)                removing `\textdotbelow' on input line 277.


Package hyperref Warning: Composite letter `\textacute+\ecircumflex'
(hyperref)                not defined in PD1 encoding,
(hyperref)                removing `\textacute' on input line 277.


Package hyperref Warning: Glyph not defined in PD1 encoding,
(hyperref)                removing `\ecircumflex' on input line 277.


Package hyperref Warning: Glyph not defined in PD1 encoding,
(hyperref)                removing `\horn' on input line 277.


Package hyperref Warning: Glyph not defined in PD1 encoding,
(hyperref)                removing `\horn' on input line 277.


Package hyperref Warning: Composite letter `\texttilde+\ecircumflex'
(hyperref)                not defined in PD1 encoding,
(hyperref)                removing `\texttilde' on input line 277.


Package hyperref Warning: Glyph not defined in PD1 encoding,
(hyperref)                removing `\ecircumflex' on input line 277.

("C:\Users\DELL\Desktop\Trình Chiếu bảo vệ\trinh chieu.toc")
Overfull \hbox (169.70398pt too wide) has occurred while \output is active
 [][][][]  
 []

[19

]

Package hyperref Warning: Glyph not defined in PD1 encoding,
(hyperref)                removing `\horn' on input line 278.


Package hyperref Warning: Composite letter `\textasciigrave+\ohorn'
(hyperref)                not defined in PD1 encoding,
(hyperref)                removing `\textasciigrave' on input line 278.


Package hyperref Warning: Glyph not defined in PD1 encoding,
(hyperref)                removing `\ohorn' on input line 278.


Package hyperref Warning: Composite letter `\textdotbelow+\ohorn'
(hyperref)                not defined in PD1 encoding,
(hyperref)                removing `\textdotbelow' on input line 278.


Package hyperref Warning: Glyph not defined in PD1 encoding,
(hyperref)                removing `\ohorn' on input line 278.


Package hyperref Warning: Glyph not defined in PD1 encoding,
(hyperref)                removing `\horn' on input line 278.


Package hyperref Warning: Composite letter `\textacute+\ohorn'
(hyperref)                not defined in PD1 encoding,
(hyperref)                removing `\textacute' on input line 278.


Package hyperref Warning: Glyph not defined in PD1 encoding,
(hyperref)                removing `\ohorn' on input line 278.


Overfull \hbox (169.70398pt too wide) has occurred while \output is active
 [][][][]  
 []

[20

]
Overfull \hbox (169.70398pt too wide) has occurred while \output is active
 [][][][]  
 []

[21

]
Overfull \hbox (169.70398pt too wide) has occurred while \output is active
 [][][][]  
 []

[22

]
Overfull \hbox (169.70398pt too wide) has occurred while \output is active
 [][][][]  
 []

[23

]
Overfull \hbox (169.70398pt too wide) has occurred while \output is active
 [][][][]  
 []

[24

]
Overfull \hbox (169.70398pt too wide) has occurred while \output is active
 [][][][]  
 []

[25

]
Overfull \hbox (169.70398pt too wide) has occurred while \output is active
 [][][][]  
 []

[26

]
Overfull \hbox (169.70398pt too wide) has occurred while \output is active
 [][][][]  
 []

[27

]
Overfull \hbox (169.70398pt too wide) has occurred while \output is active
 [][][][]  
 []

[28

]
<hinh/hinh1.jpg, id=910, 529.98pt x 393.72093pt>
File: hinh/hinh1.jpg Graphic file (type jpg)
<use hinh/hinh1.jpg>
Package pdftex.def Info: hinh/hinh1.jpg  used on input line 325.
(pdftex.def)             Requested size: 275.36124pt x 204.56784pt.


LaTeX Font Warning: Font shape `T5/cmss/m/it' in size <9> not available
(Font)              Font shape `T5/cmss/m/sl' tried instead on input line 325.


LaTeX Font Warning: Font shape `T5/cmss/m/it' in size <6> not available
(Font)              Font shape `T5/cmss/m/sl' tried instead on input line 325.


Overfull \vbox (2.39168pt too high) detected at line 325
 []


Overfull \hbox (169.70398pt too wide) has occurred while \output is active
 [][][][]  
 []

[29

 <C:/Users/DELL/Desktop/Trình Chiếu bảo vệ/hinh/hinh1.jpg>]
Overfull \hbox (169.70398pt too wide) has occurred while \output is active
 [][][][]  
 []

[30

]
<hinh/hinh2.png, id=972, 800.9925pt x 283.81032pt>
File: hinh/hinh2.png Graphic file (type png)
<use hinh/hinh2.png>
Package pdftex.def Info: hinh/hinh2.png  used on input line 372.
(pdftex.def)             Requested size: 320.39133pt x 113.52211pt.

Overfull \hbox (169.70398pt too wide) has occurred while \output is active
 [][][][]  
 []

[31

 <C:/Users/DELL/Desktop/Trình Chiếu bảo vệ/hinh/hinh2.png>]

Package hyperref Warning: Glyph not defined in PD1 encoding,
(hyperref)                removing `\horn' on input line 375.


Package hyperref Warning: Composite letter `\textasciigrave+\ohorn'
(hyperref)                not defined in PD1 encoding,
(hyperref)                removing `\textasciigrave' on input line 375.


Package hyperref Warning: Glyph not defined in PD1 encoding,
(hyperref)                removing `\ohorn' on input line 375.


Package hyperref Warning: Composite letter `\textdotbelow+\ohorn'
(hyperref)                not defined in PD1 encoding,
(hyperref)                removing `\textdotbelow' on input line 375.


Package hyperref Warning: Glyph not defined in PD1 encoding,
(hyperref)                removing `\ohorn' on input line 375.


Package hyperref Warning: Composite letter `\textdotbelow+\ecircumflex'
(hyperref)                not defined in PD1 encoding,
(hyperref)                removing `\textdotbelow' on input line 375.


Package hyperref Warning: Glyph not defined in PD1 encoding,
(hyperref)                removing `\ecircumflex' on input line 375.


Package hyperref Warning: Glyph not defined in PD1 encoding,
(hyperref)                removing `\horn' on input line 375.


Package hyperref Warning: Glyph not defined in PD1 encoding,
(hyperref)                removing `\horn' on input line 375.


Overfull \vbox (2.08064pt too high) detected at line 400
 []


Overfull \hbox (169.70398pt too wide) has occurred while \output is active
 [][][][]  
 []

[32

]
Overfull \vbox (2.08064pt too high) detected at line 400
 []


Overfull \hbox (169.70398pt too wide) has occurred while \output is active
 [][][][]  
 []

[33

]
Overfull \vbox (2.08064pt too high) detected at line 400
 []


Overfull \hbox (169.70398pt too wide) has occurred while \output is active
 [][][][]  
 []

[34

]
Overfull \vbox (2.08064pt too high) detected at line 400
 []


Overfull \hbox (169.70398pt too wide) has occurred while \output is active
 [][][][]  
 []

[35

]
Overfull \vbox (2.08064pt too high) detected at line 400
 []


Overfull \hbox (169.70398pt too wide) has occurred while \output is active
 [][][][]  
 []

[36

]
Overfull \vbox (2.08064pt too high) detected at line 400
 []


Overfull \hbox (169.70398pt too wide) has occurred while \output is active
 [][][][]  
 []

[37

]
Overfull \vbox (2.08064pt too high) detected at line 400
 []


Overfull \hbox (169.70398pt too wide) has occurred while \output is active
 [][][][]  
 []

[38

]
Overfull \hbox (169.70398pt too wide) has occurred while \output is active
 [][][][]  
 []

[39

]
Overfull \hbox (169.70398pt too wide) has occurred while \output is active
 [][][][]  
 []

[40

]
Overfull \hbox (169.70398pt too wide) has occurred while \output is active
 [][][][]  
 []

[41

]
Overfull \hbox (169.70398pt too wide) has occurred while \output is active
 [][][][]  
 []

[42

]
Overfull \hbox (169.70398pt too wide) has occurred while \output is active
 [][][][]  
 []

[43

]
<hinh/hinh3_new.png, id=1319, 744.53156pt x 268.00125pt>
File: hinh/hinh3_new.png Graphic file (type png)
<use hinh/hinh3_new.png>
Package pdftex.def Info: hinh/hinh3_new.png  used on input line 487.
(pdftex.def)             Requested size: 297.80734pt x 107.1986pt.

Overfull \hbox (169.70398pt too wide) has occurred while \output is active
 [][][][]  
 []

[44

 <C:/Users/DELL/Desktop/Trình Chiếu bảo vệ/hinh/hinh3_new.png>]

Package hyperref Warning: Glyph not defined in PD1 encoding,
(hyperref)                removing `\h' on input line 491.


Package hyperref Warning: Glyph not defined in PD1 encoding,
(hyperref)                removing `\ocircumflex' on input line 491.


Package hyperref Warning: Glyph not defined in PD1 encoding,
(hyperref)                removing `\dj' on input line 491.


Package hyperref Warning: Composite letter `\textdotbelow+i'
(hyperref)                not defined in PD1 encoding,
(hyperref)                removing `\textdotbelow' on input line 491.


Package hyperref Warning: Glyph not defined in PD1 encoding,
(hyperref)                removing `\h' on input line 491.


Package hyperref Warning: Composite letter `\textdotbelow+\ecircumflex'
(hyperref)                not defined in PD1 encoding,
(hyperref)                removing `\textdotbelow' on input line 491.


Package hyperref Warning: Glyph not defined in PD1 encoding,
(hyperref)                removing `\ecircumflex' on input line 491.

("C:\Users\DELL\Desktop\Trình Chiếu bảo vệ\trinh chieu.toc")
Overfull \hbox (169.70398pt too wide) has occurred while \output is active
 [][][][]  
 []

[45

]
Overfull \vbox (17.48422pt too high) detected at line 517
 []


Overfull \hbox (169.70398pt too wide) has occurred while \output is active
 [][][][]  
 []

[46

]
Overfull \vbox (17.48422pt too high) detected at line 517
 []


Overfull \hbox (169.70398pt too wide) has occurred while \output is active
 [][][][]  
 []

[47

]

Package hyperref Warning: Composite letter `\textdotbelow+\ecircumflex'
(hyperref)                not defined in PD1 encoding,
(hyperref)                removing `\textdotbelow' on input line 520.


Package hyperref Warning: Glyph not defined in PD1 encoding,
(hyperref)                removing `\ecircumflex' on input line 520.


Package hyperref Warning: Glyph not defined in PD1 encoding,
(hyperref)                removing `\dj' on input line 520.


Package hyperref Warning: Composite letter `\textasciigrave+\ecircumflex'
(hyperref)                not defined in PD1 encoding,
(hyperref)                removing `\textasciigrave' on input line 520.


Package hyperref Warning: Glyph not defined in PD1 encoding,
(hyperref)                removing `\ecircumflex' on input line 520.


Package hyperref Warning: Glyph not defined in PD1 encoding,
(hyperref)                removing `\h' on input line 520.


Package hyperref Warning: Glyph not defined in PD1 encoding,
(hyperref)                removing `\ecircumflex' on input line 520.


Package hyperref Warning: Composite letter `\texttilde+\ecircumflex'
(hyperref)                not defined in PD1 encoding,
(hyperref)                removing `\texttilde' on input line 520.


Package hyperref Warning: Glyph not defined in PD1 encoding,
(hyperref)                removing `\ecircumflex' on input line 520.

("C:\Users\DELL\Desktop\Trình Chiếu bảo vệ\trinh chieu.toc")
Overfull \hbox (169.70398pt too wide) has occurred while \output is active
 [][][][]  
 []

[48

]
Overfull \hbox (169.70398pt too wide) has occurred while \output is active
 [][][][]  
 []

[49

]

Package hyperref Warning: Glyph not defined in PD1 encoding,
(hyperref)                removing `\dj' on input line 534.


Package hyperref Warning: Composite letter `\textasciigrave+\ecircumflex'
(hyperref)                not defined in PD1 encoding,
(hyperref)                removing `\textasciigrave' on input line 534.


Package hyperref Warning: Glyph not defined in PD1 encoding,
(hyperref)                removing `\ecircumflex' on input line 534.


Package hyperref Warning: Glyph not defined in PD1 encoding,
(hyperref)                removing `\h' on input line 534.


Package hyperref Warning: Glyph not defined in PD1 encoding,
(hyperref)                removing `\ecircumflex' on input line 534.


Package hyperref Warning: Glyph not defined in PD1 encoding,
(hyperref)                removing `\dj' on input line 534.


Package hyperref Warning: Glyph not defined in PD1 encoding,
(hyperref)                removing `\horn' on input line 534.


Package hyperref Warning: Composite letter `\textdotbelow+\ohorn'
(hyperref)                not defined in PD1 encoding,
(hyperref)                removing `\textdotbelow' on input line 534.


Package hyperref Warning: Glyph not defined in PD1 encoding,
(hyperref)                removing `\ohorn' on input line 534.


Package hyperref Warning: Glyph not defined in PD1 encoding,
(hyperref)                removing `\dj' on input line 534.


Package hyperref Warning: Glyph not defined in PD1 encoding,
(hyperref)                removing `\horn' on input line 534.


Package hyperref Warning: Composite letter `\textdotbelow+\ohorn'
(hyperref)                not defined in PD1 encoding,
(hyperref)                removing `\textdotbelow' on input line 534.


Package hyperref Warning: Glyph not defined in PD1 encoding,
(hyperref)                removing `\ohorn' on input line 534.

("C:\Users\DELL\Desktop\Trình Chiếu bảo vệ\trinh chieu.toc")
Overfull \hbox (169.70398pt too wide) has occurred while \output is active
 [][][][]  
 []

[50

]
Overfull \hbox (169.70398pt too wide) has occurred while \output is active
 [][][][]  
 []

[51

]

Package hyperref Warning: Glyph not defined in PD1 encoding,
(hyperref)                removing `\dj' on input line 550.


Package hyperref Warning: Composite letter `\textasciigrave+\ecircumflex'
(hyperref)                not defined in PD1 encoding,
(hyperref)                removing `\textasciigrave' on input line 550.


Package hyperref Warning: Glyph not defined in PD1 encoding,
(hyperref)                removing `\ecircumflex' on input line 550.


Package hyperref Warning: Glyph not defined in PD1 encoding,
(hyperref)                removing `\h' on input line 550.


Package hyperref Warning: Glyph not defined in PD1 encoding,
(hyperref)                removing `\ecircumflex' on input line 550.


Package hyperref Warning: Glyph not defined in PD1 encoding,
(hyperref)                removing `\dj' on input line 550.


Package hyperref Warning: Glyph not defined in PD1 encoding,
(hyperref)                removing `\horn' on input line 550.


Package hyperref Warning: Composite letter `\textdotbelow+\ohorn'
(hyperref)                not defined in PD1 encoding,
(hyperref)                removing `\textdotbelow' on input line 550.


Package hyperref Warning: Glyph not defined in PD1 encoding,
(hyperref)                removing `\ohorn' on input line 550.


Overfull \hbox (169.70398pt too wide) has occurred while \output is active
 [][][][]  
 []

[52

]
Overfull \hbox (169.70398pt too wide) has occurred while \output is active
 [][][][]  
 []

[53

]
Overfull \hbox (169.70398pt too wide) has occurred while \output is active
 [][][][]  
 []

[54

]
Overfull \hbox (169.70398pt too wide) has occurred while \output is active
 [][][][]  
 []

[55

]
Overfull \hbox (169.70398pt too wide) has occurred while \output is active
 [][][][]  
 []

[56

]
Overfull \hbox (169.70398pt too wide) has occurred while \output is active
 [][][][]  
 []

[57

]
Overfull \hbox (169.70398pt too wide) has occurred while \output is active
 [][][][]  
 []

[58

]

Package hyperref Warning: Glyph not defined in PD1 encoding,
(hyperref)                removing `\dj' on input line 629.


Package hyperref Warning: Glyph not defined in PD1 encoding,
(hyperref)                removing `\horn' on input line 629.


Package hyperref Warning: Composite letter `\textdotbelow+\ohorn'
(hyperref)                not defined in PD1 encoding,
(hyperref)                removing `\textdotbelow' on input line 629.


Package hyperref Warning: Glyph not defined in PD1 encoding,
(hyperref)                removing `\ohorn' on input line 629.


Overfull \hbox (2.41975pt too wide) detected at line 651
[][][]\T5/cmss/m/sl/10 rank [] \OT1/cmss/m/n/10 = \T5/cmss/m/sl/10 n\OML/cmm/m/
it/10 ;
 []


Overfull \vbox (8.34068pt too high) detected at line 651
 []


Overfull \hbox (169.70398pt too wide) has occurred while \output is active
 [][][][]  
 []

[59

]
Overfull \hbox (2.41975pt too wide) detected at line 651
[][]\T5/cmss/m/sl/10 rank [] \OT1/cmss/m/n/10 = \T5/cmss/m/sl/10 n\OML/cmm/m/it
/10 ;
 []


Overfull \vbox (8.34068pt too high) detected at line 651
 []


Overfull \hbox (169.70398pt too wide) has occurred while \output is active
 [][][][]  
 []

[60

]
Overfull \hbox (169.70398pt too wide) has occurred while \output is active
 [][][][]  
 []

[61

]
Overfull \hbox (169.70398pt too wide) has occurred while \output is active
 [][][][]  
 []

[62

]
<hinh/hinh2n.png, id=1889, 299.9205pt x 212.59425pt>
File: hinh/hinh2n.png Graphic file (type png)
<use hinh/hinh2n.png>
Package pdftex.def Info: hinh/hinh2n.png  used on input line 716.
(pdftex.def)             Requested size: 129.45946pt x 91.76732pt.
<hinh/hinh3n.png, id=1890, 578.91281pt x 462.22687pt>
File: hinh/hinh3n.png Graphic file (type png)
<use hinh/hinh3n.png>
Package pdftex.def Info: hinh/hinh3n.png  used on input line 716.
(pdftex.def)             Requested size: 85.35913pt x 68.15318pt.

Overfull \hbox (169.70398pt too wide) has occurred while \output is active
 [][][][]  
 []

[63

 <C:/Users/DELL/Desktop/Trình Chiếu bảo vệ/hinh/hinh2n.png (PNG copy)> <
C:/Users/DELL/Desktop/Trình Chiếu bảo vệ/hinh/hinh3n.png>]

Package hyperref Warning: Glyph not defined in PD1 encoding,
(hyperref)                removing `\dj' on input line 720.


Package hyperref Warning: Composite letter `\textasciigrave+\ecircumflex'
(hyperref)                not defined in PD1 encoding,
(hyperref)                removing `\textasciigrave' on input line 720.


Package hyperref Warning: Glyph not defined in PD1 encoding,
(hyperref)                removing `\ecircumflex' on input line 720.


Package hyperref Warning: Glyph not defined in PD1 encoding,
(hyperref)                removing `\h' on input line 720.


Package hyperref Warning: Glyph not defined in PD1 encoding,
(hyperref)                removing `\ecircumflex' on input line 720.


Package hyperref Warning: Composite letter `\textdotbelow+\ecircumflex'
(hyperref)                not defined in PD1 encoding,
(hyperref)                removing `\textdotbelow' on input line 720.


Package hyperref Warning: Glyph not defined in PD1 encoding,
(hyperref)                removing `\ecircumflex' on input line 720.


Package hyperref Warning: Composite letter `\texttilde+\ecircumflex'
(hyperref)                not defined in PD1 encoding,
(hyperref)                removing `\texttilde' on input line 720.


Package hyperref Warning: Glyph not defined in PD1 encoding,
(hyperref)                removing `\ecircumflex' on input line 720.


Package hyperref Warning: Glyph not defined in PD1 encoding,
(hyperref)                removing `\h' on input line 720.


Package hyperref Warning: Glyph not defined in PD1 encoding,
(hyperref)                removing `\uhorn' on input line 720.


Package hyperref Warning: Composite letter `\textdotbelow+u'
(hyperref)                not defined in PD1 encoding,
(hyperref)                removing `\textdotbelow' on input line 720.


Package hyperref Warning: Composite letter `\textdotbelow+u'
(hyperref)                not defined in PD1 encoding,
(hyperref)                removing `\textdotbelow' on input line 720.

("C:\Users\DELL\Desktop\Trình Chiếu bảo vệ\trinh chieu.toc")
Overfull \hbox (169.70398pt too wide) has occurred while \output is active
 [][][][]  
 []

[64

]

Package hyperref Warning: Composite letter `\textdotbelow+\uhorn'
(hyperref)                not defined in PD1 encoding,
(hyperref)                removing `\textdotbelow' on input line 721.


Package hyperref Warning: Glyph not defined in PD1 encoding,
(hyperref)                removing `\uhorn' on input line 721.


Package hyperref Warning: Composite letter `\textacute+\abreve'
(hyperref)                not defined in PD1 encoding,
(hyperref)                removing `\textacute' on input line 721.


Package hyperref Warning: Glyph not defined in PD1 encoding,
(hyperref)                removing `\abreve' on input line 721.


Package hyperref Warning: Glyph not defined in PD1 encoding,
(hyperref)                removing `\h' on input line 721.


Package hyperref Warning: Composite letter `\textdotbelow+u'
(hyperref)                not defined in PD1 encoding,
(hyperref)                removing `\textdotbelow' on input line 721.

<hinh/machine_tool_chatter.png, id=1958, 432.86719pt x 319.1925pt>
File: hinh/machine_tool_chatter.png Graphic file (type png)
<use hinh/machine_tool_chatter.png>
Package pdftex.def Info: hinh/machine_tool_chatter.png  used on input line 730.

(pdftex.def)             Requested size: 240.93912pt x 177.66533pt.

Overfull \hbox (169.70398pt too wide) has occurred while \output is active
 [][][][]  
 []

[65

 <C:/Users/DELL/Desktop/Trình Chiếu bảo vệ/hinh/machine_tool_chatter.png
>]
Overfull \hbox (169.70398pt too wide) has occurred while \output is active
 [][][][]  
 []

[66

]
Overfull \hbox (1.25714pt too wide) in paragraph at lines 777--777
 [] 
 []


Overfull \vbox (15.24632pt too high) detected at line 777
 []


Overfull \hbox (169.70398pt too wide) has occurred while \output is active
 [][][][]  
 []

[67

]
<hinh/spectrum_chatter-2.jpg, id=2045, 377.15906pt x 296.60812pt>
File: hinh/spectrum_chatter-2.jpg Graphic file (type jpg)
<use hinh/spectrum_chatter-2.jpg>
Package pdftex.def Info: hinh/spectrum_chatter-2.jpg  used on input line 788.
(pdftex.def)             Requested size: 240.93912pt x 189.48006pt.

Overfull \hbox (169.70398pt too wide) has occurred while \output is active
 [][][][]  
 []

[68

 <C:/Users/DELL/Desktop/Trình Chiếu bảo vệ/hinh/spectrum_chatter-2.jpg>]
<hinh/stability-lobes.png, id=2074, 344.78813pt x 260.47313pt>
File: hinh/stability-lobes.png Graphic file (type png)
<use hinh/stability-lobes.png>
Package pdftex.def Info: hinh/stability-lobes.png  used on input line 797.
(pdftex.def)             Requested size: 275.36124pt x 208.02505pt.

Overfull \hbox (169.70398pt too wide) has occurred while \output is active
 [][][][]  
 []

[69

 <C:/Users/DELL/Desktop/Trình Chiếu bảo vệ/hinh/stability-lobes.png (PNG
 copy)>]

Package hyperref Warning: Composite letter `\textasciigrave+\ecircumflex'
(hyperref)                not defined in PD1 encoding,
(hyperref)                removing `\textasciigrave' on input line 801.


Package hyperref Warning: Glyph not defined in PD1 encoding,
(hyperref)                removing `\ecircumflex' on input line 801.


Package hyperref Warning: Glyph not defined in PD1 encoding,
(hyperref)                removing `\h' on input line 801.


Package hyperref Warning: Glyph not defined in PD1 encoding,
(hyperref)                removing `\ecircumflex' on input line 801.


Package hyperref Warning: Glyph not defined in PD1 encoding,
(hyperref)                removing `\dj' on input line 801.


Package hyperref Warning: Composite letter `\textdotbelow+\ocircumflex'
(hyperref)                not defined in PD1 encoding,
(hyperref)                removing `\textdotbelow' on input line 801.


Package hyperref Warning: Glyph not defined in PD1 encoding,
(hyperref)                removing `\ocircumflex' on input line 801.


Package hyperref Warning: Glyph not defined in PD1 encoding,
(hyperref)                removing `\horn' on input line 801.

<hinh/diesel_engine_control.png, id=2101, 506.6428pt x 438.13687pt>
File: hinh/diesel_engine_control.png Graphic file (type png)
<use hinh/diesel_engine_control.png>
Package pdftex.def Info: hinh/diesel_engine_control.png  used on input line 810
.
(pdftex.def)             Requested size: 151.994pt x 131.44206pt.

Overfull \hbox (169.70398pt too wide) has occurred while \output is active
 [][][][]  
 []

[70

 <C:/Users/DELL/Desktop/Trình Chiếu bảo vệ/hinh/diesel_engine_control.pn
g>]
Overfull \hbox (169.70398pt too wide) has occurred while \output is active
 [][][][]  
 []

[71

]
<hinh/spectrum_diesel.png, id=2158, 478.78876pt x 344.78813pt>
File: hinh/spectrum_diesel.png Graphic file (type png)
<use hinh/spectrum_diesel.png>
Package pdftex.def Info: hinh/spectrum_diesel.png  used on input line 837.
(pdftex.def)             Requested size: 240.93912pt x 173.50371pt.

Overfull \hbox (169.70398pt too wide) has occurred while \output is active
 [][][][]  
 []

[72

 <C:/Users/DELL/Desktop/Trình Chiếu bảo vệ/hinh/spectrum_diesel.png>]
Overfull \hbox (169.70398pt too wide) has occurred while \output is active
 [][][][]  
 []

[73

]
Overfull \hbox (169.70398pt too wide) has occurred while \output is active
 [][][][]  
 []

[74

]
Overfull \hbox (169.70398pt too wide) has occurred while \output is active
 [][][][]  
 []

[75

]
Overfull \hbox (169.70398pt too wide) has occurred while \output is active
 [][][][]  
 []

[76

]
Overfull \hbox (169.70398pt too wide) has occurred while \output is active
 [][][][]  
 []

[77

 <C:/Program Files (x86)/MiKTeX 2.9/tex/latex/beamer/base/art/beamericonarticle
.pdf>]
\tf@nav=\write6
\tf@toc=\write7
\tf@snm=\write8
Package atveryend Info: Empty hook `BeforeClearDocument' on input line 914.
Package atveryend Info: Empty hook `AfterLastShipout' on input line 914.
 ("C:\Users\DELL\Desktop\Trình Chiếu bảo vệ\trinh chieu.aux")
Package atveryend Info: Executing hook `AtVeryEndDocument' on input line 914.
Package atveryend Info: Executing hook `AtEndAfterFileList' on input line 914.
Package rerunfilecheck Info: File `trinh*chieu.out' has not changed.
(rerunfilecheck)             Checksum: <no file>.


LaTeX Font Warning: Size substitutions with differences
(Font)              up to 1.0pt have occurred.

Package atveryend Info: Empty hook `AtVeryVeryEnd' on input line 914.
 ) 
Here is how much of TeX's memory you used:
 22855 strings out of 481124
 413226 string characters out of 2897328
 684440 words of memory out of 3000000
 37722 multiletter control sequences out of 15000+200000
 556112 words of font info for 71 fonts, out of 3000000 for 9000
 1141 hyphenation exceptions out of 8191
 54i,19n,67p,633b,722s stack positions out of 5000i,500n,10000p,200000b,50000s
 <C:\Users\DELL\AppData\Local\MiKTeX\2.9\fonts\pk\ljfour\public\vnr\dpi864\vn
ssbx10.pk> <C:\Users\DELL\AppData\Local\MiKTeX\2.9\fonts\pk\ljfour\public\vnr\d
pi600\vnssbx10.pk> <C:\Users\DELL\AppData\Local\MiKTeX\2.9\fonts\pk\ljfour\publ
ic\vnr\dpi450\vnss8.pk> <C:\Users\DELL\AppData\Local\MiKTeX\2.9\fonts\pk\ljfour
\public\vnr\dpi450\vnssi8.pk> <C:\Users\DELL\AppData\Local\MiKTeX\2.9\fonts\pk\
ljfour\public\vnr\dpi375\vnssi8.pk> <C:\Users\DELL\AppData\Local\MiKTeX\2.9\fon
ts\pk\ljfour\public\vnr\dpi600\vnss9.pk> <C:\Users\DELL\AppData\Local\MiKTeX\2.
9\fonts\pk\ljfour\public\vnr\dpi600\vnss12.pk> <C:\Users\DELL\AppData\Local\MiK
TeX\2.9\fonts\pk\ljfour\public\vnr\dpi525\vnss8.pk> <C:\Users\DELL\AppData\Loca
l\MiKTeX\2.9\fonts\pk\ljfour\public\vnr\dpi525\vnssi8.pk> <C:\Users\DELL\AppDat
a\Local\MiKTeX\2.9\fonts\pk\ljfour\public\vnr\dpi600\vnssi10.pk> <C:\Users\DELL
\AppData\Local\MiKTeX\2.9\fonts\pk\ljfour\public\vnr\dpi375\vnss8.pk> <C:\Users
\DELL\AppData\Local\MiKTeX\2.9\fonts\pk\ljfour\public\vnr\dpi720\vnssbx10.pk> <
C:\Users\DELL\AppData\Local\MiKTeX\2.9\fonts\pk\ljfour\public\vnr\dpi420\vnssbx
10.pk> <C:\Users\DELL\AppData\Local\MiKTeX\2.9\fonts\pk\ljfour\public\vnr\dpi60
0\vnss10.pk> <C:\Users\DELL\AppData\Local\MiKTeX\2.9\fonts\pk\ljfour\public\vnr
\dpi720\vnss12.pk><C:/Users/DELL/AppData/Local/Programs/MiKTeX 2.9/fonts/type1/
public/amsfonts/cm/cmex10.pfb><C:/Users/DELL/AppData/Local/Programs/MiKTeX 2.9/
fonts/type1/public/amsfonts/cm/cmmi10.pfb><C:/Users/DELL/AppData/Local/Programs
/MiKTeX 2.9/fonts/type1/public/amsfonts/cm/cmmi7.pfb><C:/Users/DELL/AppData/Loc
al/Programs/MiKTeX 2.9/fonts/type1/public/amsfonts/cm/cmmi9.pfb><C:/Users/DELL/
AppData/Local/Programs/MiKTeX 2.9/fonts/type1/public/amsfonts/cm/cmss10.pfb><C:
/Users/DELL/AppData/Local/Programs/MiKTeX 2.9/fonts/type1/public/amsfonts/cm/cm
ss8.pfb><C:/Users/DELL/AppData/Local/Programs/MiKTeX 2.9/fonts/type1/public/ams
fonts/cm/cmss9.pfb><C:/Users/DELL/AppData/Local/Programs/MiKTeX 2.9/fonts/type1
/public/amsfonts/cm/cmssi9.pfb><C:/Users/DELL/AppData/Local/Programs/MiKTeX 2.9
/fonts/type1/public/amsfonts/cm/cmsy10.pfb><C:/Users/DELL/AppData/Local/Program
s/MiKTeX 2.9/fonts/type1/public/amsfonts/cm/cmsy7.pfb><C:/Users/DELL/AppData/Lo
cal/Programs/MiKTeX 2.9/fonts/type1/public/amsfonts/cm/cmsy9.pfb><C:/Users/DELL
/AppData/Local/Programs/MiKTeX 2.9/fonts/type1/public/amsfonts/symbols/msbm10.p
fb>
Output written on "trinh chieu.pdf" (77 pages, 1296476 bytes).
PDF statistics:
 3105 PDF objects out of 3580 (max. 8388607)
 218 named destinations out of 1000 (max. 500000)
 254 words of extra memory for PDF output out of 10000 (max. 10000000)

