\BOOKMARK [0][-]{chapter*.1}{M u}{}% 1
\BOOKMARK [0][-]{chapter.1}{Mt s kin thc c s}{}% 2
\BOOKMARK [1][-]{section.1.1}{S lc v h\340m Lambert W}{chapter.1}% 3
\BOOKMARK [2][-]{subsection.1.1.1}{H\340m Lambert v\364 hng}{section.1.1}% 4
\BOOKMARK [2][-]{subsection.1.1.2}{Dang ma trn cua h\340m Lambert}{section.1.1}% 5
\BOOKMARK [1][-]{section.1.2}{Mt s t\355nh cht c ban cua c\341c h iu khin kh\364ng tr}{chapter.1}% 6
\BOOKMARK [0][-]{chapter.2}{Ph\342n t\355ch c\341c h iu khin c\363 tr s dung phng ph\341p h\340m Lambert W}{}% 7
\BOOKMARK [1][-]{section.2.1}{Gii thiu chung}{chapter.2}% 8
\BOOKMARK [1][-]{section.2.2}{ng dung cua h\340m Lambert W trong l\375 thuyt phng tr\354nh vi ph\342n c\363 tr}{chapter.2}% 9
\BOOKMARK [2][-]{subsection.2.2.1}{Trng hp v\364 hng}{section.2.2}% 10
\BOOKMARK [2][-]{subsection.2.2.2}{Trng hp h phng tr\354nh}{section.2.2}% 11
\BOOKMARK [1][-]{section.2.3}{T\355nh n inh cua h}{chapter.2}% 12
\BOOKMARK [1][-]{section.2.4}{H\340m ph\342n r\343 cho h iu khin c\363 tr}{chapter.2}% 13
\BOOKMARK [1][-]{section.2.5}{T\355nh iu khin c v\340 t\355nh quan s\341t c}{chapter.2}% 14
\BOOKMARK [2][-]{subsection.2.5.1}{T\355nh iu khin c}{section.2.5}% 15
\BOOKMARK [2][-]{subsection.2.5.2}{T\355nh quan s\341t c}{section.2.5}% 16
\BOOKMARK [1][-]{section.2.6}{Ph\342n t\355ch v\340 iu khin c\341c h c\363 tr s dung g\363i c\364ng cu LambertWDDE}{chapter.2}% 17
\BOOKMARK [2][-]{subsection.2.6.1}{Ph\342n t\355ch s rung lc cua m\341y c\364ng cu}{section.2.6}% 18
\BOOKMARK [2][-]{subsection.2.6.2}{\320iu khin ng c Diesel}{section.2.6}% 19
\BOOKMARK [0][-]{chapter.3}{Kt lun}{}% 20
\BOOKMARK [0][-]{chapter.3}{T\340i liu tham khao}{}% 21
