\BOOKMARK [1][-]{section*.1}{\376\377\000M\036\336\000\040\001\020\036\246\000U}{}% 1
\BOOKMARK [1][-]{section*.2}{\376\377\000C\000H\001\257\001\240\000N\000G\000\040\0001\000.\000\040\000K\000I\036\276\000N\000\040\000T\000H\036\350\000C\000\040\000C\000H\000U\036\250\000N\000\040\000B\036\312}{}% 2
\BOOKMARK [2][-]{subsection.1.1}{\376\377\000P\000h\001\260\001\241\000n\000g\000\040\000t\000r\000\354\000n\000h\000\040\000v\000i\000\040\000p\000h\000\342\000n\000\040\000t\000u\000y\036\277\000n\000\040\000t\000\355\000n\000h\000\040\000v\000\340\000\040\000b\000\340\000i\000\040\000t\000o\000\341\000n\000\040\000g\000i\000\341\000\040\000t\000r\036\313\000\040\000b\000a\000n\000\040\001\021\036\247\000u}{section*.2}% 3
\BOOKMARK [2][-]{subsection.1.2}{\376\377\000G\000i\036\243\000i\000\040\000g\036\247\000n\000\040\001\021\000\372\000n\000g\000\040\000b\000\340\000i\000\040\000t\000o\000\341\000n\000\040\000g\000i\000\341\000\040\000t\000r\036\313\000\040\000b\000a\000n\000\040\001\021\036\247\000u\000\040\000b\036\261\000n\000g\000\040\000p\000h\001\260\001\241\000n\000g\000\040\000p\000h\000\341\000p\000\040\000E\000u\000l\000e\000r\000\040\000t\000i\036\277\000n}{section*.2}% 4
\BOOKMARK [1][-]{section*.6}{\376\377\000C\000H\001\257\001\240\000N\000G\000\040\0002\000.\000\040\000P\000H\000\302\000N\000\040\000T\000\315\000C\000H\000\040\000V\000\300\000\040\000M\000\324\000\040\000P\000H\036\316\000N\000G\000\040\000M\036\330\000T\000\040\000S\036\320\000\040\000M\000\324\000\040\000H\000\314\000N\000H\000\040\000T\000H\036\360\000C\000\040\000T\036\276\000\040\000S\036\354\000\040\000D\036\344\000N\000G\000\040\000P\000H\001\257\001\240\000N\000G\000\040\000T\000R\000\314\000N\000H\000\040\000V\000I\000\040\000P\000H\000\302\000N\000\040\000T\000U\000Y\036\276\000N\000\040\000T\000\315\000N\000H}{}% 5
\BOOKMARK [2][-]{subsection.2.1}{\376\377\000M\000\364\000\040\000h\000\354\000n\000h\000\040\000s\036\361\000\040\000t\001\003\000n\000g\000\040\000t\000r\001\260\036\337\000n\000g\000\040\000c\036\347\000a\000\040\000v\000i\000\040\000k\000h\000u\036\251\000n}{section*.6}% 6
\BOOKMARK [3][-]{subsubsection.2.1.1}{\376\377\000X\000\342\000y\000\040\000d\036\361\000n\000g\000\040\000m\000\364\000\040\000h\000\354\000n\000h\000.}{subsection.2.1}% 7
\BOOKMARK [3][-]{subsubsection.2.1.2}{\376\377\000B\000\340\000i\000\040\000t\036\255\000p}{subsection.2.1}% 8
\BOOKMARK [3][-]{subsubsection.2.1.3}{\376\377\000M\000\364\000\040\000p\000h\036\317\000n\000g\000\040\000b\036\261\000n\000g\000\040\000E\000x\000c\000e\000l\000.}{subsection.2.1}% 9
\BOOKMARK [2][-]{subsection.2.2}{\376\377\000S\036\361\000\040\000p\000h\000\342\000n\000\040\000r\000\343\000\040\000c\036\347\000a\000\040\001\021\036\323\000n\000g\000\040\000v\036\313\000\040\000p\000h\000\363\000n\000g\000\040\000x\036\241\000\040\000P\000l\000u\000t\000o\000n\000i\000u\000m\000-\0002\0003\0009}{section*.6}% 10
\BOOKMARK [3][-]{subsubsection.2.2.1}{\376\377\000X\000\342\000y\000\040\000d\036\361\000n\000g\000\040\000m\000\364\000\040\000h\000\354\000n\000h}{subsection.2.2}% 11
\BOOKMARK [3][-]{subsubsection.2.2.2}{\376\377\000B\000\340\000i\000\040\000t\036\255\000p}{subsection.2.2}% 12
\BOOKMARK [3][-]{subsubsection.2.2.3}{\376\377\000M\000\364\000\040\000p\000h\036\317\000n\000g\000\040\000b\036\261\000n\000g\000\040\000E\000x\000c\000e\000l\000.}{subsection.2.2}% 13
\BOOKMARK [2][-]{subsection.2.3}{\376\377\000X\000\341\000c\000\040\001\021\036\313\000n\000h\000\040\000t\000u\036\325\000i\000\040\000c\036\347\000a\000\040\000h\000\363\000a\000\040\000t\000h\036\241\000c\000h}{section*.6}% 14
\BOOKMARK [3][-]{subsubsection.2.3.1}{\376\377\000X\000\342\000y\000\040\000d\036\361\000n\000g\000\040\000m\000\364\000\040\000h\000\354\000n\000h\000\040\000x\000\341\000c\000\040\001\021\036\313\000n\000h\000\040\000n\000i\000\352\000n\000\040\001\021\036\241\000i\000\040\000c\036\347\000a\000\040\000c\000a\000r\000b\000o\000n\000.}{subsection.2.3}% 15
\BOOKMARK [3][-]{subsubsection.2.3.2}{\376\377\000B\000\340\000i\000\040\000t\036\255\000p}{subsection.2.3}% 16
\BOOKMARK [3][-]{subsubsection.2.3.3}{\376\377\000M\000\364\000\040\000p\000h\036\317\000n\000g\000\040\000b\036\261\000n\000g\000\040\000E\000x\000c\000e\000l}{subsection.2.3}% 17
\BOOKMARK [2][-]{subsection.2.4}{\376\377\001\020\036\313\000n\000h\000\040\000l\000u\036\255\000t\000\040\000l\000\340\000m\000\040\000m\000\341\000t\000/\000n\000\363\000n\000g\000\040\000c\036\347\000a\000\040\000N\000e\000w\000t\000o\000n}{section*.6}% 18
\BOOKMARK [3][-]{subsubsection.2.4.1}{\376\377\000X\000\342\000y\000\040\000d\036\361\000n\000g\000\040\000m\000\364\000\040\000h\000\354\000n\000h}{subsection.2.4}% 19
\BOOKMARK [3][-]{subsubsection.2.4.2}{\376\377\000B\000\340\000i\000\040\000t\036\255\000p}{subsection.2.4}% 20
\BOOKMARK [3][-]{subsubsection.2.4.3}{\376\377\000M\000\364\000\040\000p\000h\036\317\000n\000g\000\040\000b\036\261\000n\000g\000\040\000E\000x\000c\000e\000l}{subsection.2.4}% 21
\BOOKMARK [2][-]{subsection.2.5}{\376\377\000M\000\364\000\040\000h\000\354\000n\000h\000\040\000h\036\327\000n\000\040\000h\036\343\000p\000\040\000h\000a\000i\000\040\000d\000u\000n\000g\000\040\000d\036\313\000c\000h\000\040\000m\000u\036\321\000i}{section*.6}% 22
\BOOKMARK [3][-]{subsubsection.2.5.1}{\376\377\000X\000\342\000y\000\040\000d\036\361\000n\000g\000\040\000m\000\364\000\040\000h\000\354\000n\000h}{subsection.2.5}% 23
\BOOKMARK [3][-]{subsubsection.2.5.2}{\376\377\000B\000\340\000i\000\040\000t\036\255\000p}{subsection.2.5}% 24
\BOOKMARK [3][-]{subsubsection.2.5.3}{\376\377\000M\000\364\000\040\000p\000h\036\317\000n\000g\000\040\000b\036\261\000n\000g\000\040\000E\000x\000c\000e\000l\000.}{subsection.2.5}% 25
\BOOKMARK [2][-]{subsection.2.6}{\376\377\000M\000\364\000\040\000h\000\354\000n\000h\000\040\000m\036\241\000c\000h\000\040\001\021\000i\036\307\000n\000\040\000m\036\257\000c\000\040\000n\036\321\000i\000\040\000t\000i\036\277\000p}{section*.6}% 26
\BOOKMARK [3][-]{subsubsection.2.6.1}{\376\377\000X\000\342\000y\000\040\000d\036\361\000n\000g\000\040\000m\000\364\000\040\000h\000\354\000n\000h}{subsection.2.6}% 27
\BOOKMARK [3][-]{subsubsection.2.6.2}{\376\377\000B\000\340\000i\000\040\000t\036\255\000p}{subsection.2.6}% 28
\BOOKMARK [3][-]{subsubsection.2.6.3}{\376\377\000M\000\364\000\040\000p\000h\036\317\000n\000g\000\040\000b\036\261\000n\000g\000\040\000E\000x\000c\000e\000l}{subsection.2.6}% 29
\BOOKMARK [2][-]{subsection.2.7}{\376\377\000M\000\364\000\040\000h\000\354\000n\000h\000\040\000v\036\255\000t\000\040\000r\001\241\000i\000\040\000t\000r\000o\000n\000g\000\040\000k\000h\000\364\000n\000g\000\040\000k\000h\000\355}{section*.6}% 30
\BOOKMARK [3][-]{subsubsection.2.7.1}{\376\377\000X\000\342\000y\000\040\000d\036\361\000n\000g\000\040\000m\000\364\000\040\000h\000\354\000n\000h}{subsection.2.7}% 31
\BOOKMARK [3][-]{subsubsection.2.7.2}{\376\377\000B\000\340\000i\000\040\000t\036\255\000p}{subsection.2.7}% 32
\BOOKMARK [3][-]{subsubsection.2.7.3}{\376\377\000M\000\364\000\040\000p\000h\036\317\000n\000g\000\040\000b\036\261\000n\000g\000\040\000E\000x\000c\000e\000l}{subsection.2.7}% 33
\BOOKMARK [2][-]{subsection.2.8}{\376\377\000M\000\364\000\040\000h\000\354\000n\000h\000\040\000c\000h\000u\000y\036\303\000n\000\040\001\021\036\331\000n\000g\000\040\000c\036\347\000a\000\040\000t\000\352\000n\000\040\000l\036\355\000a}{section*.6}% 34
\BOOKMARK [3][-]{subsubsection.2.8.1}{\376\377\000X\000\342\000y\000\040\000d\036\361\000n\000g\000\040\000m\000\364\000\040\000h\000\354\000n\000h}{subsection.2.8}% 35
\BOOKMARK [3][-]{subsubsection.2.8.2}{\376\377\000B\000\340\000i\000\040\000t\036\255\000p}{subsection.2.8}% 36
\BOOKMARK [3][-]{subsubsection.2.8.3}{\376\377\000M\000\364\000\040\000p\000h\036\317\000n\000g\000\040\000b\036\261\000n\000g\000\040\000E\000x\000c\000e\000l}{subsection.2.8}% 37
\BOOKMARK [2][-]{subsection.2.9}{\376\377\000M\000\364\000\040\000h\000\354\000n\000h\000\040\000h\036\331\000p\000\040\000t\000r\001\260\036\343\000t\000\040\000t\000r\000\352\000n\000\040\000m\036\267\000t\000\040\000p\000h\036\263\000n\000g\000\040\000n\000g\000h\000i\000\352\000n\000g}{section*.6}% 38
\BOOKMARK [3][-]{subsubsection.2.9.1}{\376\377\000X\000\342\000y\000\040\000d\036\361\000n\000g\000\040\000m\000\364\000\040\000h\000\354\000n\000h}{subsection.2.9}% 39
\BOOKMARK [3][-]{subsubsection.2.9.2}{\376\377\000B\000\340\000i\000\040\000t\036\255\000p}{subsection.2.9}% 40
\BOOKMARK [3][-]{subsubsection.2.9.3}{\376\377\000M\000\364\000\040\000p\000h\036\317\000n\000g\000\040\000b\036\261\000n\000g\000\040\000E\000x\000c\000e\000l}{subsection.2.9}% 41
\BOOKMARK [1][-]{section*.44}{\376\377\000K\036\276\000T\000\040\000L\000U\036\254\000N}{}% 42
\BOOKMARK [1][-]{section*.45}{\376\377\000T\000\300\000I\000\040\000L\000I\036\306\000U\000\040\000T\000H\000A\000M\000\040\000K\000H\036\242\000O}{}% 43
