This is pdfTeX, Version 3.141592653-2.6-1.40.22 (MiKTeX 21.3) (preloaded format=pdflatex 2021.4.29)  31 MAR 2023 21:34
entering extended mode
**./main.tex
(main.tex
LaTeX2e <2020-10-01> patch level 4
L3 programming layer <2021-02-18>
(D:\Program Files\MikTex\tex/latex/base\article.cls
Document Class: article 2020/04/10 v1.4m Standard LaTeX document class
(D:\Program Files\MikTex\tex/latex/base\size10.clo
File: size10.clo 2020/04/10 v1.4m Standard LaTeX file (size option)
)
\c@part=\count179
\c@section=\count180
\c@subsection=\count181
\c@subsubsection=\count182
\c@paragraph=\count183
\c@subparagraph=\count184
\c@figure=\count185
\c@table=\count186
\abovecaptionskip=\skip47
\belowcaptionskip=\skip48
\bibindent=\dimen138
)
(D:\Program Files\MikTex\tex/latex/base\inputenc.sty
Package: inputenc 2020/08/01 v1.3d Input encoding file
\inpenc@prehook=\toks15
\inpenc@posthook=\toks16
)
(D:\Program Files\MikTex\tex/latex/base\fontenc.sty
Package: fontenc 2020/08/10 v2.0s Standard LaTeX package

(D:\Program Files\MikTex\tex/latex/vntex\t5enc.def
File: t5enc.def 2006/11/21 v1.4 Vietnamese T5 encoding
Now handling font encoding T5 ...
... processing UTF-8 mapping file for font encoding T5

(D:\Program Files\MikTex\tex/latex/vntex\t5enc.dfu
File: t5enc.dfu 2006/08/19 v1.1 UTF8 support for Vietnamese
   defining Unicode char U+00AB (decimal 171)
   defining Unicode char U+00BB (decimal 187)
   defining Unicode char U+00C0 (decimal 192)
   defining Unicode char U+00C1 (decimal 193)
   defining Unicode char U+00C2 (decimal 194)
   defining Unicode char U+00C3 (decimal 195)
   defining Unicode char U+00C8 (decimal 200)
   defining Unicode char U+00C9 (decimal 201)
   defining Unicode char U+00CA (decimal 202)
   defining Unicode char U+00CC (decimal 204)
   defining Unicode char U+00CD (decimal 205)
   defining Unicode char U+00D2 (decimal 210)
   defining Unicode char U+00D3 (decimal 211)
   defining Unicode char U+00D4 (decimal 212)
   defining Unicode char U+00D5 (decimal 213)
   defining Unicode char U+00D9 (decimal 217)
   defining Unicode char U+00DA (decimal 218)
   defining Unicode char U+00DD (decimal 221)
   defining Unicode char U+00E0 (decimal 224)
   defining Unicode char U+00E1 (decimal 225)
   defining Unicode char U+00E2 (decimal 226)
   defining Unicode char U+00E3 (decimal 227)
   defining Unicode char U+00E8 (decimal 232)
   defining Unicode char U+00E9 (decimal 233)
   defining Unicode char U+00EA (decimal 234)
   defining Unicode char U+00EC (decimal 236)
   defining Unicode char U+00ED (decimal 237)
   defining Unicode char U+00F2 (decimal 242)
   defining Unicode char U+00F3 (decimal 243)
   defining Unicode char U+00F4 (decimal 244)
   defining Unicode char U+00F5 (decimal 245)
   defining Unicode char U+00F9 (decimal 249)
   defining Unicode char U+00FA (decimal 250)
   defining Unicode char U+00FD (decimal 253)
   defining Unicode char U+0102 (decimal 258)
   defining Unicode char U+0103 (decimal 259)
   defining Unicode char U+0110 (decimal 272)
   defining Unicode char U+0111 (decimal 273)
   defining Unicode char U+0128 (decimal 296)
   defining Unicode char U+0129 (decimal 297)
   defining Unicode char U+0131 (decimal 305)
   defining Unicode char U+0168 (decimal 360)
   defining Unicode char U+0169 (decimal 361)
   defining Unicode char U+01A0 (decimal 416)
   defining Unicode char U+01A1 (decimal 417)
   defining Unicode char U+01AF (decimal 431)
   defining Unicode char U+01B0 (decimal 432)
   defining Unicode char U+1EA0 (decimal 7840)
   defining Unicode char U+1EA1 (decimal 7841)
   defining Unicode char U+1EA2 (decimal 7842)
   defining Unicode char U+1EA3 (decimal 7843)
   defining Unicode char U+1EA4 (decimal 7844)
   defining Unicode char U+1EA5 (decimal 7845)
   defining Unicode char U+1EA6 (decimal 7846)
   defining Unicode char U+1EA7 (decimal 7847)
   defining Unicode char U+1EA8 (decimal 7848)
   defining Unicode char U+1EA9 (decimal 7849)
   defining Unicode char U+1EAA (decimal 7850)
   defining Unicode char U+1EAB (decimal 7851)
   defining Unicode char U+1EAC (decimal 7852)
   defining Unicode char U+1EAD (decimal 7853)
   defining Unicode char U+1EAE (decimal 7854)
   defining Unicode char U+1EAF (decimal 7855)
   defining Unicode char U+1EB0 (decimal 7856)
   defining Unicode char U+1EB1 (decimal 7857)
   defining Unicode char U+1EB2 (decimal 7858)
   defining Unicode char U+1EB3 (decimal 7859)
   defining Unicode char U+1EB4 (decimal 7860)
   defining Unicode char U+1EB5 (decimal 7861)
   defining Unicode char U+1EB6 (decimal 7862)
   defining Unicode char U+1EB7 (decimal 7863)
   defining Unicode char U+1EB8 (decimal 7864)
   defining Unicode char U+1EB9 (decimal 7865)
   defining Unicode char U+1EBA (decimal 7866)
   defining Unicode char U+1EBB (decimal 7867)
   defining Unicode char U+1EBC (decimal 7868)
   defining Unicode char U+1EBD (decimal 7869)
   defining Unicode char U+1EBE (decimal 7870)
   defining Unicode char U+1EBF (decimal 7871)
   defining Unicode char U+1EC0 (decimal 7872)
   defining Unicode char U+1EC1 (decimal 7873)
   defining Unicode char U+1EC2 (decimal 7874)
   defining Unicode char U+1EC3 (decimal 7875)
   defining Unicode char U+1EC4 (decimal 7876)
   defining Unicode char U+1EC5 (decimal 7877)
   defining Unicode char U+1EC6 (decimal 7878)
   defining Unicode char U+1EC7 (decimal 7879)
   defining Unicode char U+1EC8 (decimal 7880)
   defining Unicode char U+1EC9 (decimal 7881)
   defining Unicode char U+1ECA (decimal 7882)
   defining Unicode char U+1ECB (decimal 7883)
   defining Unicode char U+1ECC (decimal 7884)
   defining Unicode char U+1ECD (decimal 7885)
   defining Unicode char U+1ECE (decimal 7886)
   defining Unicode char U+1ECF (decimal 7887)
   defining Unicode char U+1ED0 (decimal 7888)
   defining Unicode char U+1ED1 (decimal 7889)
   defining Unicode char U+1ED2 (decimal 7890)
   defining Unicode char U+1ED3 (decimal 7891)
   defining Unicode char U+1ED4 (decimal 7892)
   defining Unicode char U+1ED5 (decimal 7893)
   defining Unicode char U+1ED6 (decimal 7894)
   defining Unicode char U+1ED7 (decimal 7895)
   defining Unicode char U+1ED8 (decimal 7896)
   defining Unicode char U+1ED9 (decimal 7897)
   defining Unicode char U+1EDA (decimal 7898)
   defining Unicode char U+1EDB (decimal 7899)
   defining Unicode char U+1EDC (decimal 7900)
   defining Unicode char U+1EDD (decimal 7901)
   defining Unicode char U+1EDE (decimal 7902)
   defining Unicode char U+1EDF (decimal 7903)
   defining Unicode char U+1EE0 (decimal 7904)
   defining Unicode char U+1EE1 (decimal 7905)
   defining Unicode char U+1EE2 (decimal 7906)
   defining Unicode char U+1EE3 (decimal 7907)
   defining Unicode char U+1EE4 (decimal 7908)
   defining Unicode char U+1EE5 (decimal 7909)
   defining Unicode char U+1EE6 (decimal 7910)
   defining Unicode char U+1EE7 (decimal 7911)
   defining Unicode char U+1EE8 (decimal 7912)
   defining Unicode char U+1EE9 (decimal 7913)
   defining Unicode char U+1EEA (decimal 7914)
   defining Unicode char U+1EEB (decimal 7915)
   defining Unicode char U+1EEC (decimal 7916)
   defining Unicode char U+1EED (decimal 7917)
   defining Unicode char U+1EEE (decimal 7918)
   defining Unicode char U+1EEF (decimal 7919)
   defining Unicode char U+1EF0 (decimal 7920)
   defining Unicode char U+1EF1 (decimal 7921)
   defining Unicode char U+1EF2 (decimal 7922)
   defining Unicode char U+1EF3 (decimal 7923)
   defining Unicode char U+1EF4 (decimal 7924)
   defining Unicode char U+1EF5 (decimal 7925)
   defining Unicode char U+1EF6 (decimal 7926)
   defining Unicode char U+1EF7 (decimal 7927)
   defining Unicode char U+1EF8 (decimal 7928)
   defining Unicode char U+1EF9 (decimal 7929)
   defining Unicode char U+200C (decimal 8204)
   defining Unicode char U+2013 (decimal 8211)
   defining Unicode char U+2014 (decimal 8212)
   defining Unicode char U+2018 (decimal 8216)
   defining Unicode char U+2019 (decimal 8217)
   defining Unicode char U+201A (decimal 8218)
   defining Unicode char U+201C (decimal 8220)
   defining Unicode char U+201D (decimal 8221)
   defining Unicode char U+201E (decimal 8222)
   defining Unicode char U+2030 (decimal 8240)
   defining Unicode char U+2031 (decimal 8241)
   defining Unicode char U+2039 (decimal 8249)
   defining Unicode char U+203A (decimal 8250)
   defining Unicode char U+2423 (decimal 9251)
))
LaTeX Font Info:    Trying to load font information for T5+cmr on input line 11
2.

(D:\Program Files\MikTex\tex/latex/vntex\t5cmr.fd
File: t5cmr.fd 1999/05/25 v2.5h Standard LaTeX font definitions
))
(D:\Program Files\MikTex\tex/latex/koma-script\scrextend.sty
Package: scrextend 2021/06/25 v3.34 KOMA-Script package (extend other classes w
ith features of KOMA-Script classes)

(D:\Program Files\MikTex\tex/latex/koma-script\scrkbase.sty
Package: scrkbase 2021/06/25 v3.34 KOMA-Script package (KOMA-Script-dependent b
asics and keyval usage)

(D:\Program Files\MikTex\tex/latex/koma-script\scrbase.sty
Package: scrbase 2021/06/25 v3.34 KOMA-Script package (KOMA-Script-independent 
basics and keyval usage)

(D:\Program Files\MikTex\tex/latex/koma-script\scrlfile.sty
Package: scrlfile 2021/06/25 v3.34 KOMA-Script package (file load hooks)

(D:\Program Files\MikTex\tex/latex/koma-script\scrlfile-hook.sty
Package: scrlfile-hook 2021/06/25 v3.34 KOMA-Script package (using LaTeX hooks)


LaTeX3 Info: Defining command \BeforeFile with sig. 'm' on line 75.


LaTeX3 Info: Defining command \AfterFile with sig. 'm' on line 79.


LaTeX3 Info: Defining command \BeforeClass with sig. 'm' on line 83.


LaTeX3 Info: Defining command \BeforePackage with sig. 'm' on line 87.


LaTeX3 Info: Defining command \AfterAtEndOfClass with sig. 'smo+m' on line 97.


LaTeX3 Info: Defining command \AfterAtEndOfPackage with sig. 'smo+m' on line
(LaTeX3)     107.


LaTeX3 Info: Defining command \scrlfile@AfterClass with sig. 'smo+m' on line
(LaTeX3)     187.


LaTeX3 Info: Defining command \AfterClass with sig. '' on line 188.


LaTeX3 Info: Defining command \scrlfile@AfterPackage with sig. 'smo+m' on line
(LaTeX3)     205.


LaTeX3 Info: Defining command \AfterPackage with sig. '' on line 206.


LaTeX3 Info: Defining command \ReplaceInput with sig. '' on line 207.


LaTeX3 Info: Defining command \ReplaceClass with sig. 'mm' on line 210.


LaTeX3 Info: Defining command \ReplacePackage with sig. 'mm' on line 213.


LaTeX3 Info: Defining command \UnReplaceInput with sig. '' on line 214.


LaTeX3 Info: Defining command \UnReplaceClass with sig. 'm' on line 217.


LaTeX3 Info: Defining command \UnReplacePackage with sig. 'mm' on line 220.


LaTeX3 Info: Defining command \PreventPackageFromLoading with sig. 's+om' on
(LaTeX3)     line 248.


LaTeX3 Info: Defining command \StorePreventPackageFromLoading with sig. 'm' on
(LaTeX3)     line 256.


LaTeX3 Info: Defining command \ResetPreventPackageFromLoading with sig. '' on
(LaTeX3)     line 261.


LaTeX3 Info: Defining command \UnPreventPackageFromLoading with sig. 'sm' on
(LaTeX3)     line 275.


LaTeX3 Info: Defining command \BeforeClosingMainAux with sig. 'om' on line
(LaTeX3)     288.


LaTeX3 Info: Defining command \AfterReadingMainAux with sig. 'om' on line 301.


LaTeX3 Info: Defining command \protected@immediate@write with sig. 'm+m+m' on
(LaTeX3)     line 312.


(D:\Program Files\MikTex\tex/latex/koma-script\scrlogo.sty
Package: scrlogo 2021/06/25 v3.34 KOMA-Script package (logo)
)))
(D:\Program Files\MikTex\tex/latex/graphics\keyval.sty
Package: keyval 2014/10/28 v1.15 key=value parser (DPC)
\KV@toks@=\toks17
)
Skipping: [2021/05/01] Usage of raw or classic option list on input line 252.
Applying: [0000/00/00] Usage of raw or classic option list on input line 368.
)))
(D:\Program Files\MikTex\tex/latex/geometry\geometry.sty
Package: geometry 2020/01/02 v5.9 Page Geometry

(D:\Program Files\MikTex\tex/generic/iftex\ifvtex.sty
Package: ifvtex 2019/10/25 v1.7 ifvtex legacy package. Use iftex instead.

(D:\Program Files\MikTex\tex/generic/iftex\iftex.sty
Package: iftex 2020/03/06 v1.0d TeX engine tests
))
\Gm@cnth=\count187
\Gm@cntv=\count188
\c@Gm@tempcnt=\count189
\Gm@bindingoffset=\dimen139
\Gm@wd@mp=\dimen140
\Gm@odd@mp=\dimen141
\Gm@even@mp=\dimen142
\Gm@layoutwidth=\dimen143
\Gm@layoutheight=\dimen144
\Gm@layouthoffset=\dimen145
\Gm@layoutvoffset=\dimen146
\Gm@dimlist=\toks18

(D:\Program Files\MikTex\tex/latex/geometry\geometry.cfg))
(D:\Program Files\MikTex\tex/latex/psnfss\mathptmx.sty
Package: mathptmx 2020/03/25 PSNFSS-v9.3 Times w/ Math, improved (SPQR, WaS) 
LaTeX Font Info:    Redeclaring symbol font `operators' on input line 28.
LaTeX Font Info:    Overwriting symbol font `operators' in version `normal'
(Font)                  OT1/cmr/m/n --> OT1/ztmcm/m/n on input line 28.
LaTeX Font Info:    Overwriting symbol font `operators' in version `bold'
(Font)                  OT1/cmr/bx/n --> OT1/ztmcm/m/n on input line 28.
LaTeX Font Info:    Redeclaring symbol font `letters' on input line 29.
LaTeX Font Info:    Overwriting symbol font `letters' in version `normal'
(Font)                  OML/cmm/m/it --> OML/ztmcm/m/it on input line 29.
LaTeX Font Info:    Overwriting symbol font `letters' in version `bold'
(Font)                  OML/cmm/b/it --> OML/ztmcm/m/it on input line 29.
LaTeX Font Info:    Redeclaring symbol font `symbols' on input line 30.
LaTeX Font Info:    Overwriting symbol font `symbols' in version `normal'
(Font)                  OMS/cmsy/m/n --> OMS/ztmcm/m/n on input line 30.
LaTeX Font Info:    Overwriting symbol font `symbols' in version `bold'
(Font)                  OMS/cmsy/b/n --> OMS/ztmcm/m/n on input line 30.
LaTeX Font Info:    Redeclaring symbol font `largesymbols' on input line 31.
LaTeX Font Info:    Overwriting symbol font `largesymbols' in version `normal'
(Font)                  OMX/cmex/m/n --> OMX/ztmcm/m/n on input line 31.
LaTeX Font Info:    Overwriting symbol font `largesymbols' in version `bold'
(Font)                  OMX/cmex/m/n --> OMX/ztmcm/m/n on input line 31.
\symbold=\mathgroup4
\symitalic=\mathgroup5
LaTeX Font Info:    Redeclaring math alphabet \mathbf on input line 34.
LaTeX Font Info:    Overwriting math alphabet `\mathbf' in version `normal'
(Font)                  OT1/cmr/bx/n --> OT1/ptm/bx/n on input line 34.
LaTeX Font Info:    Overwriting math alphabet `\mathbf' in version `bold'
(Font)                  OT1/cmr/bx/n --> OT1/ptm/bx/n on input line 34.
LaTeX Font Info:    Redeclaring math alphabet \mathit on input line 35.
LaTeX Font Info:    Overwriting math alphabet `\mathit' in version `normal'
(Font)                  OT1/cmr/m/it --> OT1/ptm/m/it on input line 35.
LaTeX Font Info:    Overwriting math alphabet `\mathit' in version `bold'
(Font)                  OT1/cmr/bx/it --> OT1/ptm/m/it on input line 35.
LaTeX Info: Redefining \hbar on input line 50.
)
(D:\Program Files\MikTex\tex/latex/graphics\graphicx.sty
Package: graphicx 2020/09/09 v1.2b Enhanced LaTeX Graphics (DPC,SPQR)

(D:\Program Files\MikTex\tex/latex/graphics\graphics.sty
Package: graphics 2020/08/30 v1.4c Standard LaTeX Graphics (DPC,SPQR)

(D:\Program Files\MikTex\tex/latex/graphics\trig.sty
Package: trig 2016/01/03 v1.10 sin cos tan (DPC)
)
(D:\Program Files\MikTex\tex/latex/graphics-cfg\graphics.cfg
File: graphics.cfg 2016/06/04 v1.11 sample graphics configuration
)
Package graphics Info: Driver file: pdftex.def on input line 105.

(D:\Program Files\MikTex\tex/latex/graphics-def\pdftex.def
File: pdftex.def 2020/10/05 v1.2a Graphics/color driver for pdftex
))
\Gin@req@height=\dimen147
\Gin@req@width=\dimen148
)
(D:\Program Files\MikTex\tex/latex/amsfonts\amssymb.sty
Package: amssymb 2013/01/14 v3.01 AMS font symbols

(D:\Program Files\MikTex\tex/latex/amsfonts\amsfonts.sty
Package: amsfonts 2013/01/14 v3.01 Basic AMSFonts support
\@emptytoks=\toks19
\symAMSa=\mathgroup6
\symAMSb=\mathgroup7
LaTeX Font Info:    Overwriting math alphabet `\mathfrak' in version `bold'
(Font)                  U/euf/m/n --> U/euf/b/n on input line 106.
))
(D:\Program Files\MikTex\tex/latex/amsmath\amsmath.sty
Package: amsmath 2020/09/23 v2.17i AMS math features
\@mathmargin=\skip49

For additional information on amsmath, use the `?' option.
(D:\Program Files\MikTex\tex/latex/amsmath\amstext.sty
Package: amstext 2000/06/29 v2.01 AMS text

(D:\Program Files\MikTex\tex/latex/amsmath\amsgen.sty
File: amsgen.sty 1999/11/30 v2.0 generic functions
\@emptytoks=\toks20
\ex@=\dimen149
))
(D:\Program Files\MikTex\tex/latex/amsmath\amsbsy.sty
Package: amsbsy 1999/11/29 v1.2d Bold Symbols
\pmbraise@=\dimen150
)
(D:\Program Files\MikTex\tex/latex/amsmath\amsopn.sty
Package: amsopn 2016/03/08 v2.02 operator names
)
\inf@bad=\count190
LaTeX Info: Redefining \frac on input line 234.
\uproot@=\count191
\leftroot@=\count192
LaTeX Info: Redefining \overline on input line 399.
\classnum@=\count193
\DOTSCASE@=\count194
LaTeX Info: Redefining \ldots on input line 496.
LaTeX Info: Redefining \dots on input line 499.
LaTeX Info: Redefining \cdots on input line 620.
\Mathstrutbox@=\box47
\strutbox@=\box48
\big@size=\dimen151
LaTeX Font Info:    Redeclaring font encoding OML on input line 743.
LaTeX Font Info:    Redeclaring font encoding OMS on input line 744.
\macc@depth=\count195
\c@MaxMatrixCols=\count196
\dotsspace@=\muskip16
\c@parentequation=\count197
\dspbrk@lvl=\count198
\tag@help=\toks21
\row@=\count199
\column@=\count266
\maxfields@=\count267
\andhelp@=\toks22
\eqnshift@=\dimen152
\alignsep@=\dimen153
\tagshift@=\dimen154
\tagwidth@=\dimen155
\totwidth@=\dimen156
\lineht@=\dimen157
\@envbody=\toks23
\multlinegap=\skip50
\multlinetaggap=\skip51
\mathdisplay@stack=\toks24
LaTeX Info: Redefining \[ on input line 2923.
LaTeX Info: Redefining \] on input line 2924.
)
(D:\Program Files\MikTex\tex/latex/float\float.sty
Package: float 2001/11/08 v1.3d Float enhancements (AL)
\c@float@type=\count268
\float@exts=\toks25
\float@box=\box49
\@float@everytoks=\toks26
\@floatcapt=\box50
)
(D:\Program Files\MikTex\tex/latex/pgf/frontendlayer\tikz.sty
(D:\Program Files\MikTex\tex/latex/pgf/basiclayer\pgf.sty
(D:\Program Files\MikTex\tex/latex/pgf/utilities\pgfrcs.sty
(D:\Program Files\MikTex\tex/generic/pgf/utilities\pgfutil-common.tex
\pgfutil@everybye=\toks27
\pgfutil@tempdima=\dimen158
\pgfutil@tempdimb=\dimen159

(D:\Program Files\MikTex\tex/generic/pgf/utilities\pgfutil-common-lists.tex))
(D:\Program Files\MikTex\tex/generic/pgf/utilities\pgfutil-latex.def
\pgfutil@abb=\box51
)
(D:\Program Files\MikTex\tex/generic/pgf/utilities\pgfrcs.code.tex
(D:\Program Files\MikTex\tex/generic/pgf\pgf.revision.tex)
Package: pgfrcs 2020/12/27 v3.1.8b (3.1.8b)
))
Package: pgf 2020/12/27 v3.1.8b (3.1.8b)

(D:\Program Files\MikTex\tex/latex/pgf/basiclayer\pgfcore.sty
(D:\Program Files\MikTex\tex/latex/pgf/systemlayer\pgfsys.sty
(D:\Program Files\MikTex\tex/generic/pgf/systemlayer\pgfsys.code.tex
Package: pgfsys 2020/12/27 v3.1.8b (3.1.8b)

(D:\Program Files\MikTex\tex/generic/pgf/utilities\pgfkeys.code.tex
\pgfkeys@pathtoks=\toks28
\pgfkeys@temptoks=\toks29

(D:\Program Files\MikTex\tex/generic/pgf/utilities\pgfkeysfiltered.code.tex
\pgfkeys@tmptoks=\toks30
))
\pgf@x=\dimen160
\pgf@y=\dimen161
\pgf@xa=\dimen162
\pgf@ya=\dimen163
\pgf@xb=\dimen164
\pgf@yb=\dimen165
\pgf@xc=\dimen166
\pgf@yc=\dimen167
\pgf@xd=\dimen168
\pgf@yd=\dimen169
\w@pgf@writea=\write3
\r@pgf@reada=\read2
\c@pgf@counta=\count269
\c@pgf@countb=\count270
\c@pgf@countc=\count271
\c@pgf@countd=\count272
\t@pgf@toka=\toks31
\t@pgf@tokb=\toks32
\t@pgf@tokc=\toks33
\pgf@sys@id@count=\count273

(D:\Program Files\MikTex\tex/generic/pgf/systemlayer\pgf.cfg
File: pgf.cfg 2020/12/27 v3.1.8b (3.1.8b)
)
Driver file for pgf: pgfsys-pdftex.def

(D:\Program Files\MikTex\tex/generic/pgf/systemlayer\pgfsys-pdftex.def
File: pgfsys-pdftex.def 2020/12/27 v3.1.8b (3.1.8b)

(D:\Program Files\MikTex\tex/generic/pgf/systemlayer\pgfsys-common-pdf.def
File: pgfsys-common-pdf.def 2020/12/27 v3.1.8b (3.1.8b)
)))
(D:\Program Files\MikTex\tex/generic/pgf/systemlayer\pgfsyssoftpath.code.tex
File: pgfsyssoftpath.code.tex 2020/12/27 v3.1.8b (3.1.8b)
\pgfsyssoftpath@smallbuffer@items=\count274
\pgfsyssoftpath@bigbuffer@items=\count275
)
(D:\Program Files\MikTex\tex/generic/pgf/systemlayer\pgfsysprotocol.code.tex
File: pgfsysprotocol.code.tex 2020/12/27 v3.1.8b (3.1.8b)
))
(D:\Program Files\MikTex\tex/latex/xcolor\xcolor.sty
Package: xcolor 2016/05/11 v2.12 LaTeX color extensions (UK)

(D:\Program Files\MikTex\tex/latex/graphics-cfg\color.cfg
File: color.cfg 2016/01/02 v1.6 sample color configuration
)
Package xcolor Info: Driver file: pdftex.def on input line 225.
Package xcolor Info: Model `cmy' substituted by `cmy0' on input line 1348.
Package xcolor Info: Model `hsb' substituted by `rgb' on input line 1352.
Package xcolor Info: Model `RGB' extended on input line 1364.
Package xcolor Info: Model `HTML' substituted by `rgb' on input line 1366.
Package xcolor Info: Model `Hsb' substituted by `hsb' on input line 1367.
Package xcolor Info: Model `tHsb' substituted by `hsb' on input line 1368.
Package xcolor Info: Model `HSB' substituted by `hsb' on input line 1369.
Package xcolor Info: Model `Gray' substituted by `gray' on input line 1370.
Package xcolor Info: Model `wave' substituted by `hsb' on input line 1371.
)
(D:\Program Files\MikTex\tex/generic/pgf/basiclayer\pgfcore.code.tex
Package: pgfcore 2020/12/27 v3.1.8b (3.1.8b)

(D:\Program Files\MikTex\tex/generic/pgf/math\pgfmath.code.tex
(D:\Program Files\MikTex\tex/generic/pgf/math\pgfmathcalc.code.tex
(D:\Program Files\MikTex\tex/generic/pgf/math\pgfmathutil.code.tex)
(D:\Program Files\MikTex\tex/generic/pgf/math\pgfmathparser.code.tex
\pgfmath@dimen=\dimen170
\pgfmath@count=\count276
\pgfmath@box=\box52
\pgfmath@toks=\toks34
\pgfmath@stack@operand=\toks35
\pgfmath@stack@operation=\toks36
)
(D:\Program Files\MikTex\tex/generic/pgf/math\pgfmathfunctions.code.tex
(D:\Program Files\MikTex\tex/generic/pgf/math\pgfmathfunctions.basic.code.tex)
(D:\Program Files\MikTex\tex/generic/pgf/math\pgfmathfunctions.trigonometric.co
de.tex)
(D:\Program Files\MikTex\tex/generic/pgf/math\pgfmathfunctions.random.code.tex)

(D:\Program Files\MikTex\tex/generic/pgf/math\pgfmathfunctions.comparison.code.
tex)
(D:\Program Files\MikTex\tex/generic/pgf/math\pgfmathfunctions.base.code.tex)
(D:\Program Files\MikTex\tex/generic/pgf/math\pgfmathfunctions.round.code.tex)
(D:\Program Files\MikTex\tex/generic/pgf/math\pgfmathfunctions.misc.code.tex)
(D:\Program Files\MikTex\tex/generic/pgf/math\pgfmathfunctions.integerarithmeti
cs.code.tex)))
(D:\Program Files\MikTex\tex/generic/pgf/math\pgfmathfloat.code.tex
\c@pgfmathroundto@lastzeros=\count277
))
(D:\Program Files\MikTex\tex/generic/pgf/math\pgfint.code.tex)
(D:\Program Files\MikTex\tex/generic/pgf/basiclayer\pgfcorepoints.code.tex
File: pgfcorepoints.code.tex 2020/12/27 v3.1.8b (3.1.8b)
\pgf@picminx=\dimen171
\pgf@picmaxx=\dimen172
\pgf@picminy=\dimen173
\pgf@picmaxy=\dimen174
\pgf@pathminx=\dimen175
\pgf@pathmaxx=\dimen176
\pgf@pathminy=\dimen177
\pgf@pathmaxy=\dimen178
\pgf@xx=\dimen179
\pgf@xy=\dimen180
\pgf@yx=\dimen181
\pgf@yy=\dimen182
\pgf@zx=\dimen183
\pgf@zy=\dimen184
)
(D:\Program Files\MikTex\tex/generic/pgf/basiclayer\pgfcorepathconstruct.code.t
ex
File: pgfcorepathconstruct.code.tex 2020/12/27 v3.1.8b (3.1.8b)
\pgf@path@lastx=\dimen185
\pgf@path@lasty=\dimen186
)
(D:\Program Files\MikTex\tex/generic/pgf/basiclayer\pgfcorepathusage.code.tex
File: pgfcorepathusage.code.tex 2020/12/27 v3.1.8b (3.1.8b)
\pgf@shorten@end@additional=\dimen187
\pgf@shorten@start@additional=\dimen188
)
(D:\Program Files\MikTex\tex/generic/pgf/basiclayer\pgfcorescopes.code.tex
File: pgfcorescopes.code.tex 2020/12/27 v3.1.8b (3.1.8b)
\pgfpic=\box53
\pgf@hbox=\box54
\pgf@layerbox@main=\box55
\pgf@picture@serial@count=\count278
)
(D:\Program Files\MikTex\tex/generic/pgf/basiclayer\pgfcoregraphicstate.code.te
x
File: pgfcoregraphicstate.code.tex 2020/12/27 v3.1.8b (3.1.8b)
\pgflinewidth=\dimen189
)
(D:\Program Files\MikTex\tex/generic/pgf/basiclayer\pgfcoretransformations.code
.tex
File: pgfcoretransformations.code.tex 2020/12/27 v3.1.8b (3.1.8b)
\pgf@pt@x=\dimen190
\pgf@pt@y=\dimen191
\pgf@pt@temp=\dimen192
) (D:\Program Files\MikTex\tex/generic/pgf/basiclayer\pgfcorequick.code.tex
File: pgfcorequick.code.tex 2020/12/27 v3.1.8b (3.1.8b)
) (D:\Program Files\MikTex\tex/generic/pgf/basiclayer\pgfcoreobjects.code.tex
File: pgfcoreobjects.code.tex 2020/12/27 v3.1.8b (3.1.8b)
)
(D:\Program Files\MikTex\tex/generic/pgf/basiclayer\pgfcorepathprocessing.code.
tex
File: pgfcorepathprocessing.code.tex 2020/12/27 v3.1.8b (3.1.8b)
) (D:\Program Files\MikTex\tex/generic/pgf/basiclayer\pgfcorearrows.code.tex
File: pgfcorearrows.code.tex 2020/12/27 v3.1.8b (3.1.8b)
\pgfarrowsep=\dimen193
) (D:\Program Files\MikTex\tex/generic/pgf/basiclayer\pgfcoreshade.code.tex
File: pgfcoreshade.code.tex 2020/12/27 v3.1.8b (3.1.8b)
\pgf@max=\dimen194
\pgf@sys@shading@range@num=\count279
\pgf@shadingcount=\count280
)
(D:\Program Files\MikTex\tex/generic/pgf/basiclayer\pgfcoreimage.code.tex
File: pgfcoreimage.code.tex 2020/12/27 v3.1.8b (3.1.8b)

(D:\Program Files\MikTex\tex/generic/pgf/basiclayer\pgfcoreexternal.code.tex
File: pgfcoreexternal.code.tex 2020/12/27 v3.1.8b (3.1.8b)
\pgfexternal@startupbox=\box56
))
(D:\Program Files\MikTex\tex/generic/pgf/basiclayer\pgfcorelayers.code.tex
File: pgfcorelayers.code.tex 2020/12/27 v3.1.8b (3.1.8b)
)
(D:\Program Files\MikTex\tex/generic/pgf/basiclayer\pgfcoretransparency.code.te
x
File: pgfcoretransparency.code.tex 2020/12/27 v3.1.8b (3.1.8b)
) (D:\Program Files\MikTex\tex/generic/pgf/basiclayer\pgfcorepatterns.code.tex
File: pgfcorepatterns.code.tex 2020/12/27 v3.1.8b (3.1.8b)
) (D:\Program Files\MikTex\tex/generic/pgf/basiclayer\pgfcorerdf.code.tex
File: pgfcorerdf.code.tex 2020/12/27 v3.1.8b (3.1.8b)
)))
(D:\Program Files\MikTex\tex/generic/pgf/modules\pgfmoduleshapes.code.tex
File: pgfmoduleshapes.code.tex 2020/12/27 v3.1.8b (3.1.8b)
\pgfnodeparttextbox=\box57
)
(D:\Program Files\MikTex\tex/generic/pgf/modules\pgfmoduleplot.code.tex
File: pgfmoduleplot.code.tex 2020/12/27 v3.1.8b (3.1.8b)
)
(D:\Program Files\MikTex\tex/latex/pgf/compatibility\pgfcomp-version-0-65.sty
Package: pgfcomp-version-0-65 2020/12/27 v3.1.8b (3.1.8b)
\pgf@nodesepstart=\dimen195
\pgf@nodesepend=\dimen196
)
(D:\Program Files\MikTex\tex/latex/pgf/compatibility\pgfcomp-version-1-18.sty
Package: pgfcomp-version-1-18 2020/12/27 v3.1.8b (3.1.8b)
)) (D:\Program Files\MikTex\tex/latex/pgf/utilities\pgffor.sty
(D:\Program Files\MikTex\tex/latex/pgf/utilities\pgfkeys.sty
(D:\Program Files\MikTex\tex/generic/pgf/utilities\pgfkeys.code.tex))
(D:\Program Files\MikTex\tex/latex/pgf/math\pgfmath.sty
(D:\Program Files\MikTex\tex/generic/pgf/math\pgfmath.code.tex))
(D:\Program Files\MikTex\tex/generic/pgf/utilities\pgffor.code.tex
Package: pgffor 2020/12/27 v3.1.8b (3.1.8b)

(D:\Program Files\MikTex\tex/generic/pgf/math\pgfmath.code.tex)
\pgffor@iter=\dimen197
\pgffor@skip=\dimen198
\pgffor@stack=\toks37
\pgffor@toks=\toks38
))
(D:\Program Files\MikTex\tex/generic/pgf/frontendlayer/tikz\tikz.code.tex
Package: tikz 2020/12/27 v3.1.8b (3.1.8b)

(D:\Program Files\MikTex\tex/generic/pgf/libraries\pgflibraryplothandlers.code.
tex
File: pgflibraryplothandlers.code.tex 2020/12/27 v3.1.8b (3.1.8b)
\pgf@plot@mark@count=\count281
\pgfplotmarksize=\dimen199
)
\tikz@lastx=\dimen256
\tikz@lasty=\dimen257
\tikz@lastxsaved=\dimen258
\tikz@lastysaved=\dimen259
\tikz@lastmovetox=\dimen260
\tikz@lastmovetoy=\dimen261
\tikzleveldistance=\dimen262
\tikzsiblingdistance=\dimen263
\tikz@figbox=\box58
\tikz@figbox@bg=\box59
\tikz@tempbox=\box60
\tikz@tempbox@bg=\box61
\tikztreelevel=\count282
\tikznumberofchildren=\count283
\tikznumberofcurrentchild=\count284
\tikz@fig@count=\count285
 (D:\Program Files\MikTex\tex/generic/pgf/modules\pgfmodulematrix.code.tex
File: pgfmodulematrix.code.tex 2020/12/27 v3.1.8b (3.1.8b)
\pgfmatrixcurrentrow=\count286
\pgfmatrixcurrentcolumn=\count287
\pgf@matrix@numberofcolumns=\count288
)
\tikz@expandcount=\count289

(D:\Program Files\MikTex\tex/generic/pgf/frontendlayer/tikz/libraries\tikzlibra
rytopaths.code.tex
File: tikzlibrarytopaths.code.tex 2020/12/27 v3.1.8b (3.1.8b)
)))
(D:\Program Files\MikTex\tex/generic/pgf/frontendlayer/tikz/libraries\tikzlibra
rycalc.code.tex
File: tikzlibrarycalc.code.tex 2020/12/27 v3.1.8b (3.1.8b)
) (D:\Program Files\MikTex\tex/latex/latex-tools\indentfirst.sty
Package: indentfirst 1995/11/23 v1.03 Indent first paragraph (DPC)
) (D:\Program Files\MikTex\tex/latex/titlesec\titlesec.sty
Package: titlesec 2019/10/16 v2.13 Sectioning titles
\ttl@box=\box62
\beforetitleunit=\skip52
\aftertitleunit=\skip53
\ttl@plus=\dimen264
\ttl@minus=\dimen265
\ttl@toksa=\toks39
\titlewidth=\dimen266
\titlewidthlast=\dimen267
\titlewidthfirst=\dimen268
)
(D:\Program Files\MikTex\tex/latex/caption\caption.sty
Package: caption 2020/10/26 v3.5g Customizing captions (AR)

(D:\Program Files\MikTex\tex/latex/caption\caption3.sty
Package: caption3 2020/10/21 v2.2e caption3 kernel (AR)
\captionmargin=\dimen269
\captionmargin@=\dimen270
\captionwidth=\dimen271
\caption@tempdima=\dimen272
\caption@indent=\dimen273
\caption@parindent=\dimen274
\caption@hangindent=\dimen275
Package caption Info: Standard document class detected.
)
\c@caption@flags=\count290
\c@continuedfloat=\count291
Package caption Info: float package is loaded.
)
(D:\Program Files\MikTex\tex/latex/latex-tools\tabularx.sty
Package: tabularx 2020/01/15 v2.11c `tabularx' package (DPC)

(D:\Program Files\MikTex\tex/latex/latex-tools\array.sty
Package: array 2020/10/01 v2.5c Tabular extension package (FMi)
\col@sep=\dimen276
\ar@mcellbox=\box63
\extrarowheight=\dimen277
\NC@list=\toks40
\extratabsurround=\skip54
\backup@length=\skip55
\ar@cellbox=\box64
)
\TX@col@width=\dimen278
\TX@old@table=\dimen279
\TX@old@col=\dimen280
\TX@target=\dimen281
\TX@delta=\dimen282
\TX@cols=\count292
\TX@ftn=\toks41
)
\c@theorem=\count293

(D:\Program Files\MikTex\tex/latex/lipsum\lipsum.sty
(D:\Program Files\MikTex\tex/latex/l3kernel\expl3.sty
Package: expl3 2021-02-18 L3 programming layer (loader) 

(D:\Program Files\MikTex\tex/latex/l3backend\l3backend-pdftex.def
File: l3backend-pdftex.def 2021-03-18 L3 backend support: PDF output (pdfTeX)
\l__color_backend_stack_int=\count294
\l__pdf_internal_box=\box65
))
(D:\Program Files\MikTex\tex/latex/l3packages/xparse\xparse.sty
(D:\Program Files\MikTex\tex/latex/l3packages/xparse\xparse-2020-10-01.sty
(D:\Program Files\MikTex\tex/latex/l3packages/xparse\xparse-generic.tex)))
Package: lipsum 2021-03-03 v2.3 150 paragraphs of Lorem Ipsum dummy text

(D:\Program Files\MikTex\tex/latex/lipsum\lipsum.ltd.tex
File: lipsum.ltd.tex 2021-03-03 v2.3 The Lorem ipsum dummy text
))
(D:\Program Files\MikTex\tex/latex/hyperref\hyperref.sty
Package: hyperref 2021-02-27 v7.00k Hypertext links for LaTeX

(D:\Program Files\MikTex\tex/generic/ltxcmds\ltxcmds.sty
Package: ltxcmds 2020-05-10 v1.25 LaTeX kernel commands for general use (HO)
)
(D:\Program Files\MikTex\tex/generic/pdftexcmds\pdftexcmds.sty
Package: pdftexcmds 2020-06-27 v0.33 Utility functions of pdfTeX for LuaTeX (HO
)

(D:\Program Files\MikTex\tex/generic/infwarerr\infwarerr.sty
Package: infwarerr 2019/12/03 v1.5 Providing info/warning/error messages (HO)
)
Package pdftexcmds Info: \pdf@primitive is available.
Package pdftexcmds Info: \pdf@ifprimitive is available.
Package pdftexcmds Info: \pdfdraftmode found.
)
(D:\Program Files\MikTex\tex/generic/kvsetkeys\kvsetkeys.sty
Package: kvsetkeys 2019/12/15 v1.18 Key value parser (HO)
)
(D:\Program Files\MikTex\tex/generic/kvdefinekeys\kvdefinekeys.sty
Package: kvdefinekeys 2019-12-19 v1.6 Define keys (HO)
)
(D:\Program Files\MikTex\tex/generic/pdfescape\pdfescape.sty
Package: pdfescape 2019/12/09 v1.15 Implements pdfTeX's escape features (HO)
)
(D:\Program Files\MikTex\tex/latex/hycolor\hycolor.sty
Package: hycolor 2020-01-27 v1.10 Color options for hyperref/bookmark (HO)
)
(D:\Program Files\MikTex\tex/latex/letltxmacro\letltxmacro.sty
Package: letltxmacro 2019/12/03 v1.6 Let assignment for LaTeX macros (HO)
)
(D:\Program Files\MikTex\tex/latex/auxhook\auxhook.sty
Package: auxhook 2019-12-17 v1.6 Hooks for auxiliary files (HO)
)
(D:\Program Files\MikTex\tex/latex/kvoptions\kvoptions.sty
Package: kvoptions 2020-10-07 v3.14 Key value format for package options (HO)
)
\@linkdim=\dimen283
\Hy@linkcounter=\count295
\Hy@pagecounter=\count296

(D:\Program Files\MikTex\tex/latex/hyperref\pd1enc.def
File: pd1enc.def 2021-02-27 v7.00k Hyperref: PDFDocEncoding definition (HO)
Now handling font encoding PD1 ...
... no UTF-8 mapping file for font encoding PD1
)
(D:\Program Files\MikTex\tex/latex/hyperref\hyperref-langpatches.def
File: hyperref-langpatches.def 2021-02-27 v7.00k Hyperref: patches for babel la
nguages
)
(D:\Program Files\MikTex\tex/generic/intcalc\intcalc.sty
Package: intcalc 2019/12/15 v1.3 Expandable calculations with integers (HO)
)
(D:\Program Files\MikTex\tex/generic/etexcmds\etexcmds.sty
Package: etexcmds 2019/12/15 v1.7 Avoid name clashes with e-TeX commands (HO)
)
\Hy@SavedSpaceFactor=\count297

(D:\Program Files\MikTex\tex/latex/hyperref\puenc.def
File: puenc.def 2021-02-27 v7.00k Hyperref: PDF Unicode definition (HO)
Now handling font encoding PU ...
... no UTF-8 mapping file for font encoding PU
)
Package hyperref Info: Option `unicode' set `true' on input line 4073.
Package hyperref Info: Hyper figures OFF on input line 4192.
Package hyperref Info: Link nesting OFF on input line 4197.
Package hyperref Info: Hyper index ON on input line 4200.
Package hyperref Info: Plain pages OFF on input line 4207.
Package hyperref Info: Backreferencing OFF on input line 4212.
Package hyperref Info: Implicit mode ON; LaTeX internals redefined.
Package hyperref Info: Bookmarks ON on input line 4445.
\c@Hy@tempcnt=\count298

(D:\Program Files\MikTex\tex/latex/url\url.sty
\Urlmuskip=\muskip17
Package: url 2013/09/16  ver 3.4  Verb mode for urls, etc.
)
LaTeX Info: Redefining \url on input line 4804.
\XeTeXLinkMargin=\dimen284

(D:\Program Files\MikTex\tex/generic/bitset\bitset.sty
Package: bitset 2019/12/09 v1.3 Handle bit-vector datatype (HO)

(D:\Program Files\MikTex\tex/generic/bigintcalc\bigintcalc.sty
Package: bigintcalc 2019/12/15 v1.5 Expandable calculations on big integers (HO
)
))
\Fld@menulength=\count299
\Field@Width=\dimen285
\Fld@charsize=\dimen286
Package hyperref Info: Hyper figures OFF on input line 6075.
Package hyperref Info: Link nesting OFF on input line 6080.
Package hyperref Info: Hyper index ON on input line 6083.
Package hyperref Info: backreferencing OFF on input line 6090.
Package hyperref Info: Link coloring OFF on input line 6095.
Package hyperref Info: Link coloring with OCG OFF on input line 6100.
Package hyperref Info: PDF/A mode OFF on input line 6105.
LaTeX Info: Redefining \ref on input line 6145.
LaTeX Info: Redefining \pageref on input line 6149.

(D:\Program Files\MikTex\tex/latex/base\atbegshi-ltx.sty
Package: atbegshi-ltx 2020/08/17 v1.0a Emulation of the original atbegshi packa
ge
with kernel methods
)
\Hy@abspage=\count300
\c@Item=\count301
\c@Hfootnote=\count302
)
Package hyperref Info: Driver (autodetected): hpdftex.

(D:\Program Files\MikTex\tex/latex/hyperref\hpdftex.def
File: hpdftex.def 2021-02-27 v7.00k Hyperref driver for pdfTeX

(D:\Program Files\MikTex\tex/latex/base\atveryend-ltx.sty
Package: atveryend-ltx 2020/08/19 v1.0a Emulation of the original atvery packag
e
with kernel methods
)
\Fld@listcount=\count303
\c@bookmark@seq@number=\count304

(D:\Program Files\MikTex\tex/latex/rerunfilecheck\rerunfilecheck.sty
Package: rerunfilecheck 2019/12/05 v1.9 Rerun checks for auxiliary files (HO)

(D:\Program Files\MikTex\tex/generic/uniquecounter\uniquecounter.sty
Package: uniquecounter 2019/12/15 v1.4 Provide unlimited unique counter (HO)
)
Package uniquecounter Info: New unique counter `rerunfilecheck' on input line 2
86.
)
\Hy@SectionHShift=\skip56
)
(D:\Program Files\MikTex\tex/latex/colortbl\colortbl.sty
Package: colortbl 2020/01/04 v1.0e Color table columns (DPC)
\everycr=\toks42
\minrowclearance=\skip57
)
(D:\Program Files\MikTex\tex/latex/forloop\forloop.sty
Package: forloop 2006/09/18 v3.0 For Loops for LaTeX

(D:\Program Files\MikTex\tex/latex/base\ifthen.sty
Package: ifthen 2014/09/29 v1.1c Standard LaTeX ifthen package (DPC)
))
\c@loopcntr=\count305

(D:\Program Files\MikTex\tex/latex/enumitem\enumitem.sty
Package: enumitem 2019/06/20 v3.9 Customized lists
\labelindent=\skip58
\enit@outerparindent=\dimen287
\enit@toks=\toks43
\enit@inbox=\box66
\enit@count@id=\count306
\enitdp@description=\count307
)
(D:\Program Files\MikTex\tex/latex/chngcntr\chngcntr.sty
Package: chngcntr 2018/04/09 v1.1a change counter resetting
Package chngcntr Info: \counterwithout already defined.
(chngcntr)             Quitting chngcntr on input line 21.
)
LaTeX Font Info:    Trying to load font information for T5+ptm on input line 61
.

(D:\Program Files\MikTex\tex/latex/vntex\t5ptm.fd
File: t5utm.fd 2005/08/24 Fontinst v1.929 font definitions for T5/ptm.
) (main.aux (tailieu.aux))
\openout1 = `main.aux'.

LaTeX Font Info:    Checking defaults for OML/cmm/m/it on input line 61.
LaTeX Font Info:    ... okay on input line 61.
LaTeX Font Info:    Checking defaults for OMS/cmsy/m/n on input line 61.
LaTeX Font Info:    ... okay on input line 61.
LaTeX Font Info:    Checking defaults for OT1/cmr/m/n on input line 61.
LaTeX Font Info:    ... okay on input line 61.
LaTeX Font Info:    Checking defaults for T1/cmr/m/n on input line 61.
LaTeX Font Info:    ... okay on input line 61.
LaTeX Font Info:    Checking defaults for TS1/cmr/m/n on input line 61.
LaTeX Font Info:    ... okay on input line 61.
LaTeX Font Info:    Checking defaults for OMX/cmex/m/n on input line 61.
LaTeX Font Info:    ... okay on input line 61.
LaTeX Font Info:    Checking defaults for U/cmr/m/n on input line 61.
LaTeX Font Info:    ... okay on input line 61.
LaTeX Font Info:    Checking defaults for T5/cmr/m/n on input line 61.
LaTeX Font Info:    ... okay on input line 61.
LaTeX Font Info:    Checking defaults for PD1/pdf/m/n on input line 61.
LaTeX Font Info:    ... okay on input line 61.
LaTeX Font Info:    Checking defaults for PU/pdf/m/n on input line 61.
LaTeX Font Info:    ... okay on input line 61.

*geometry* driver: auto-detecting
*geometry* detected driver: pdftex
*geometry* verbose mode - [ preamble ] result:
* driver: pdftex
* paper: custom
* layout: <same size as paper>
* layoutoffset:(h,v)=(0.0pt,0.0pt)
* modes: 
* h-part:(L,W,R)=(99.58464pt, 441.01773pt, 56.9055pt)
* v-part:(T,H,B)=(85.35826pt, 660.10385pt, 99.58464pt)
* \paperwidth=597.50787pt
* \paperheight=845.04675pt
* \textwidth=441.01773pt
* \textheight=660.10385pt
* \oddsidemargin=27.31465pt
* \evensidemargin=27.31465pt
* \topmargin=-23.91173pt
* \headheight=12.0pt
* \headsep=25.0pt
* \topskip=10.0pt
* \footskip=30.0pt
* \marginparwidth=65.0pt
* \marginparsep=11.0pt
* \columnsep=10.0pt
* \skip\footins=11.69997pt plus 5.19942pt minus 2.60054pt
* \hoffset=0.0pt
* \voffset=0.0pt
* \mag=1000
* \@twocolumnfalse
* \@twosidefalse
* \@mparswitchfalse
* \@reversemarginfalse
* (1in=72.27pt=25.4mm, 1cm=28.453pt)

(D:\Program Files\MikTex\tex/context/base/mkii\supp-pdf.mkii
[Loading MPS to PDF converter (version 2006.09.02).]
\scratchcounter=\count308
\scratchdimen=\dimen288
\scratchbox=\box67
\nofMPsegments=\count309
\nofMParguments=\count310
\everyMPshowfont=\toks44
\MPscratchCnt=\count311
\MPscratchDim=\dimen289
\MPnumerator=\count312
\makeMPintoPDFobject=\count313
\everyMPtoPDFconversion=\toks45
) (D:\Program Files\MikTex\tex/latex/epstopdf-pkg\epstopdf-base.sty
Package: epstopdf-base 2020-01-24 v2.11 Base part for package epstopdf
Package epstopdf-base Info: Redefining graphics rule for `.eps' on input line 4
85.

(D:\Program Files\MikTex\tex/latex/00miktex\epstopdf-sys.cfg
File: epstopdf-sys.cfg 2021/03/18 v2.0 Configuration of epstopdf for MiKTeX
))
Package caption Info: Begin \AtBeginDocument code.
Package caption Info: hyperref package is loaded.
Package caption Info: End \AtBeginDocument code.
Package hyperref Info: Link coloring OFF on input line 61.

(D:\Program Files\MikTex\tex/latex/hyperref\nameref.sty
Package: nameref 2021-04-02 v2.47 Cross-referencing by name of section

(D:\Program Files\MikTex\tex/latex/refcount\refcount.sty
Package: refcount 2019/12/15 v3.6 Data extraction from label references (HO)
)
(D:\Program Files\MikTex\tex/generic/gettitlestring\gettitlestring.sty
Package: gettitlestring 2019/12/15 v1.6 Cleanup title references (HO)
)
\c@section@level=\count314
)
LaTeX Info: Redefining \ref on input line 61.
LaTeX Info: Redefining \pageref on input line 61.
LaTeX Info: Redefining \nameref on input line 61.

(main.out) (main.out)
\@outlinefile=\write4
\openout4 = `main.out'.

 (coverPage.tex [1

{C:/Users/DELL/AppData/Local/MiKTeX/pdftex/config/pdftex.map}]pdfTeX warning (e
xt4): destination with the same identifier (name{page.1}) has been already used
, duplicate ignored
<to be read again> 
                   \relax 
l.73 \cleardoublepage
                      [1


]) (loi_cam_on.tex
LaTeX Font Info:    Calculating math sizes for size <13> on input line 16.
LaTeX Font Info:    Trying to load font information for OT1+ztmcm on input line
 16.

(D:\Program Files\MikTex\tex/latex/psnfss\ot1ztmcm.fd
File: ot1ztmcm.fd 2000/01/03 Fontinst v1.801 font definitions for OT1/ztmcm.
)
LaTeX Font Info:    Trying to load font information for OML+ztmcm on input line
 16.

(D:\Program Files\MikTex\tex/latex/psnfss\omlztmcm.fd
File: omlztmcm.fd 2000/01/03 Fontinst v1.801 font definitions for OML/ztmcm.
)
LaTeX Font Info:    Trying to load font information for OMS+ztmcm on input line
 16.

(D:\Program Files\MikTex\tex/latex/psnfss\omsztmcm.fd
File: omsztmcm.fd 2000/01/03 Fontinst v1.801 font definitions for OMS/ztmcm.
)
LaTeX Font Info:    Trying to load font information for OMX+ztmcm on input line
 16.

(D:\Program Files\MikTex\tex/latex/psnfss\omxztmcm.fd
File: omxztmcm.fd 2000/01/03 Fontinst v1.801 font definitions for OMX/ztmcm.
)
LaTeX Font Info:    Trying to load font information for OT1+ptm on input line 1
6.

(D:\Program Files\MikTex\tex/latex/psnfss\ot1ptm.fd
File: ot1ptm.fd 2001/06/04 font definitions for OT1/ptm.
)
LaTeX Font Info:    Font shape `OT1/ptm/bx/n' in size <13> not available
(Font)              Font shape `OT1/ptm/b/n' tried instead on input line 16.
LaTeX Font Info:    Font shape `OT1/ptm/bx/n' in size <9.62007> not available
(Font)              Font shape `OT1/ptm/b/n' tried instead on input line 16.
LaTeX Font Info:    Font shape `OT1/ptm/bx/n' in size <7.80008> not available
(Font)              Font shape `OT1/ptm/b/n' tried instead on input line 16.
pdfTeX warning (ext4): destination with the same identifier (name{page.1}) has 
been already used, duplicate ignored
<to be read again> 
                   \relax 
l.180 \cleardoublepage
                       [1


]) (main.toc [2


])
\tf@toc=\write5
\openout5 = `main.toc'.

 [3] (main.lof [4


])
\tf@lof=\write6
\openout6 = `main.lof'.

 [5] (main.lot)
\tf@lot=\write7
\openout7 = `main.lot'.


[6] (mo_dau.tex [7]) [8] (chuong_1.tex [9] [10] [11]
Underfull \hbox (badness 10000) in paragraph at lines 95--96

 []

[12]
<Images/cac_tham_so_trong_vidu_1_4_1.png, id=441, 592.71437pt x 140.525pt>
File: Images/cac_tham_so_trong_vidu_1_4_1.png Graphic file (type png)
<use Images/cac_tham_so_trong_vidu_1_4_1.png>
Package pdftex.def Info: Images/cac_tham_so_trong_vidu_1_4_1.png  used on input
 line 100.
(pdftex.def)             Requested size: 355.63135pt x 84.31564pt.
<Images/cac_tham_so_trong_vidu_1_4_1t.png, id=443, 625.83812pt x 203.25937pt>
File: Images/cac_tham_so_trong_vidu_1_4_1t.png Graphic file (type png)
<use Images/cac_tham_so_trong_vidu_1_4_1t.png>
Package pdftex.def Info: Images/cac_tham_so_trong_vidu_1_4_1t.png  used on inpu
t line 107.
(pdftex.def)             Requested size: 438.0837pt x 142.28058pt.
<Images/cac_tham_so_trong_vidu_1_4_1tt.png, id=444, 632.86438pt x 220.32312pt>
File: Images/cac_tham_so_trong_vidu_1_4_1tt.png Graphic file (type png)
<use Images/cac_tham_so_trong_vidu_1_4_1tt.png>
Package pdftex.def Info: Images/cac_tham_so_trong_vidu_1_4_1tt.png  used on inp
ut line 111.
(pdftex.def)             Requested size: 443.00204pt x 154.22511pt.

Overfull \hbox (1.98431pt too wide) in paragraph at lines 111--112
 [] 
 []

[13 <./Images/cac_tham_so_trong_vidu_1_4_1.png> <./Images/cac_tham_so_trong_vid
u_1_4_1t.png> <./Images/cac_tham_so_trong_vidu_1_4_1tt.png>]
<Images/cac_tham_so_trong_vidu_1_4_1ttt.png, id=452, 628.3475pt x 211.79124pt>
File: Images/cac_tham_so_trong_vidu_1_4_1ttt.png Graphic file (type png)
<use Images/cac_tham_so_trong_vidu_1_4_1ttt.png>
Package pdftex.def Info: Images/cac_tham_so_trong_vidu_1_4_1ttt.png  used on in
put line 115.
(pdftex.def)             Requested size: 439.84026pt x 148.25285pt.
<Images/cac_tham_so_trong_vidu_1_4_1tttt.png, id=453, 626.34pt x 218.31563pt>
File: Images/cac_tham_so_trong_vidu_1_4_1tttt.png Graphic file (type png)
<use Images/cac_tham_so_trong_vidu_1_4_1tttt.png>
Package pdftex.def Info: Images/cac_tham_so_trong_vidu_1_4_1tttt.png  used on i
nput line 119.
(pdftex.def)             Requested size: 438.435pt x 152.81989pt.
<Images/cac_tham_so_trong_vidu_1_4_1t5.png, id=454, 626.34pt x 214.30063pt>
File: Images/cac_tham_so_trong_vidu_1_4_1t5.png Graphic file (type png)
<use Images/cac_tham_so_trong_vidu_1_4_1t5.png>
Package pdftex.def Info: Images/cac_tham_so_trong_vidu_1_4_1t5.png  used on inp
ut line 126.
(pdftex.def)             Requested size: 438.435pt x 150.0094pt.
 [14 <./Images/cac_tham_so_trong_vidu_1_4_1ttt.png> <./Images/cac_tham_so_trong
_vidu_1_4_1tttt.png> <./Images/cac_tham_so_trong_vidu_1_4_1t5.png>]
<Images/cac_tham_so_trong_vidu_1_4_1t6.png, id=462, 618.31pt x 221.32687pt>
File: Images/cac_tham_so_trong_vidu_1_4_1t6.png Graphic file (type png)
<use Images/cac_tham_so_trong_vidu_1_4_1t6.png>
Package pdftex.def Info: Images/cac_tham_so_trong_vidu_1_4_1t6.png  used on inp
ut line 131.
(pdftex.def)             Requested size: 432.81404pt x 154.92773pt.
<Images/cac_tham_so_trong_vidu_1_4_1t7.png, id=463, 791.95876pt x 339.2675pt>
File: Images/cac_tham_so_trong_vidu_1_4_1t7.png Graphic file (type png)
<use Images/cac_tham_so_trong_vidu_1_4_1t7.png>
Package pdftex.def Info: Images/cac_tham_so_trong_vidu_1_4_1t7.png  used on inp
ut line 136.
(pdftex.def)             Requested size: 451.42119pt x 193.38448pt.

Overfull \hbox (10.40346pt too wide) in paragraph at lines 136--137
 [] 
 []

<Images/cac_tham_so_trong_vidu_1_4_1t8.png, id=464, 689.07437pt x 305.14pt>
File: Images/cac_tham_so_trong_vidu_1_4_1t8.png Graphic file (type png)
<use Images/cac_tham_so_trong_vidu_1_4_1t8.png>
Package pdftex.def Info: Images/cac_tham_so_trong_vidu_1_4_1t8.png  used on inp
ut line 141.
(pdftex.def)             Requested size: 447.89302pt x 198.33864pt.

Overfull \hbox (6.87529pt too wide) in paragraph at lines 141--142
 [] 
 []

[15 <./Images/cac_tham_so_trong_vidu_1_4_1t6.png> <./Images/cac_tham_so_trong_v
idu_1_4_1t7.png>]
Underfull \hbox (badness 10000) in alignment at lines 185--185
[][][][][][] 
 []

<Images/hinh_1_1.png, id=472, 628.14674pt x 225.84375pt>
File: Images/hinh_1_1.png Graphic file (type png)
<use Images/hinh_1_1.png>
Package pdftex.def Info: Images/hinh_1_1.png  used on input line 191.
(pdftex.def)             Requested size: 439.69972pt x 158.08954pt.
[16 <./Images/cac_tham_so_trong_vidu_1_4_1t8.png>]
Underfull \hbox (badness 10000) in alignment at lines 221--221
[][][][][][] 
 []

) [17 <./Images/hinh_1_1.png>] (chuong_2.tex [18]
<Images/hinh_2_1.png, id=500, 432.61626pt x 299.61937pt>
File: Images/hinh_2_1.png Graphic file (type png)
<use Images/hinh_2_1.png>
Package pdftex.def Info: Images/hinh_2_1.png  used on input line 46.
(pdftex.def)             Requested size: 237.93968pt x 164.79115pt.
 [19 <./Images/hinh_2_1.png>]
Underfull \hbox (badness 10000) in paragraph at lines 68--68

 []


Underfull \hbox (badness 10000) in alignment at lines 102--102
[][][][][][] 
 []

<Images/hinh_2_2.png, id=511, 558.888pt x 240.9pt>
File: Images/hinh_2_2.png Graphic file (type png)
<use Images/hinh_2_2.png>
Package pdftex.def Info: Images/hinh_2_2.png  used on input line 108.
(pdftex.def)             Requested size: 447.111pt x 192.72025pt.

Overfull \hbox (6.09326pt too wide) in paragraph at lines 108--109
 [][] 
 []

[20] [21 <./Images/hinh_2_2.png>]
Underfull \hbox (badness 10000) in paragraph at lines 126--145

 []

[22]
Underfull \hbox (badness 10000) in paragraph at lines 146--148

 []

[23]
Underfull \hbox (badness 10000) in paragraph at lines 159--160

 []


Underfull \hbox (badness 10000) in alignment at lines 203--203
[][][][][][] 
 []

<Images/hinh_2_3.png, id=543, 497.4585pt x 363.15675pt>
File: Images/hinh_2_3.png Graphic file (type png)
<use Images/hinh_2_3.png>
Package pdftex.def Info: Images/hinh_2_3.png  used on input line 209.
(pdftex.def)             Requested size: 323.3442pt x 236.04909pt.
[24] [25 <./Images/hinh_2_3.png>]
<Images/hinh_2_4.png, id=555, 251.94125pt x 343.78438pt>
File: Images/hinh_2_4.png Graphic file (type png)
<use Images/hinh_2_4.png>
Package pdftex.def Info: Images/hinh_2_4.png  used on input line 222.
(pdftex.def)             Requested size: 125.9703pt x 171.89175pt.
 [26 <./Images/hinh_2_4.png>]
<Images/hinh_2_5.png, id=568, 476.78125pt x 320.19624pt>
File: Images/hinh_2_5.png Graphic file (type png)
<use Images/hinh_2_5.png>
Package pdftex.def Info: Images/hinh_2_5.png  used on input line 242.
(pdftex.def)             Requested size: 190.7091pt x 128.07622pt.
 [27 <./Images/hinh_2_5.png>]
<Images/hinh_2_6.png, id=577, 290.08376pt x 331.2375pt>
File: Images/hinh_2_6.png Graphic file (type png)
<use Images/hinh_2_6.png>
Package pdftex.def Info: Images/hinh_2_6.png  used on input line 255.
(pdftex.def)             Requested size: 116.03143pt x 132.49265pt.
 [28 <./Images/hinh_2_6.png>]
Underfull \hbox (badness 10000) in alignment at lines 302--302
[][][][][][] 
 []

<Images/hinh_2_7.png, id=586, 626.34pt x 217.41225pt>
File: Images/hinh_2_7.png Graphic file (type png)
<use Images/hinh_2_7.png>
Package pdftex.def Info: Images/hinh_2_7.png  used on input line 309.
(pdftex.def)             Requested size: 438.435pt x 152.18752pt.
[29 <./Images/hinh_2_7.png>]
LaTeX Font Info:    Trying to load font information for TS1+ptm on input line 3
36.

(D:\Program Files\MikTex\tex/latex/psnfss\ts1ptm.fd
File: ts1ptm.fd 2001/06/04 font definitions for TS1/ptm.
)
<Images/hinh_2_8.png, id=597, 519.1395pt x 211.992pt>
File: Images/hinh_2_8.png Graphic file (type png)
<use Images/hinh_2_8.png>
Package pdftex.def Info: Images/hinh_2_8.png  used on input line 348.
(pdftex.def)             Requested size: 415.31215pt x 169.59381pt.
 [30]
Overfull \hbox (18.4268pt too wide) in paragraph at lines 360--369
\T5/ptm/m/n/13 Thi gian  nhit  t $\OMS/ztmcm/m/n/13  \OT1/ztmcm/m/n/13 
9[]\OML/ztmcm/m/it/13 C$ \T5/ptm/m/n/13 l nghim ca phng trnh $\OML/ztmcm/
m/it/13 T\OT1/ztmcm/m/n/13 (\OML/ztmcm/m/it/13 t\OT1/ztmcm/m/n/13 ) = \OMS/ztmc
m/m/n/13  \OT1/ztmcm/m/n/13 12 + 33[] =  [] \OMS/ztmcm/m/n/13    []\OT1/ztmcm/m
/n/13 9\OML/ztmcm/m/it/13 :$
 []

[31 <./Images/hinh_2_8.png>]
Underfull \hbox (badness 10000) in paragraph at lines 396--416

 []


Underfull \hbox (badness 10000) in paragraph at lines 396--416

 []

[32] [33] [34]
<Images/hinh_2_9.png, id=629, 659.96562pt x 365.365pt>
File: Images/hinh_2_9.png Graphic file (type png)
<use Images/hinh_2_9.png>
Package pdftex.def Info: Images/hinh_2_9.png  used on input line 457.
(pdftex.def)             Requested size: 329.982pt x 182.68205pt.
 [35 <./Images/hinh_2_9.png>] [36]
Underfull \hbox (badness 10000) in alignment at lines 544--544
[][][][][][] 
 []

<Images/hinh_2_10.png, id=647, 430.60875pt x 278.2395pt>
File: Images/hinh_2_10.png Graphic file (type png)
<use Images/hinh_2_10.png>
Package pdftex.def Info: Images/hinh_2_10.png  used on input line 550.
(pdftex.def)             Requested size: 366.01915pt x 236.50468pt.
[37] [38 <./Images/hinh_2_10.png>]
<Images/hinh_2_11.png, id=659, 252.945pt x 329.23pt>
File: Images/hinh_2_11.png Graphic file (type png)
<use Images/hinh_2_11.png>
Package pdftex.def Info: Images/hinh_2_11.png  used on input line 578.
(pdftex.def)             Requested size: 126.47218pt x 164.6146pt.
 [39 <./Images/hinh_2_11.png>]
<Images/hinh_2_12.png, id=670, 537.207pt x 310.761pt>
File: Images/hinh_2_12.png Graphic file (type png)
<use Images/hinh_2_12.png>
Package pdftex.def Info: Images/hinh_2_12.png  used on input line 608.
(pdftex.def)             Requested size: 349.1804pt x 201.99225pt.
 [40 <./Images/hinh_2_12.png>] [41]
<Images/hinh_2_13.png, id=682, 534.798pt x 333.04425pt>
File: Images/hinh_2_13.png Graphic file (type png)
<use Images/hinh_2_13.png>
Package pdftex.def Info: Images/hinh_2_13.png  used on input line 646.
(pdftex.def)             Requested size: 427.83897pt x 266.43575pt.
 [42 <./Images/hinh_2_13.png>]
Underfull \hbox (badness 10000) in paragraph at lines 660--679

 []

[43]
Underfull \hbox (badness 10000) in alignment at lines 725--725
[][][][][][] 
 []

<Images/hinh_2_14.png, id=696, 521.5485pt x 335.45325pt>
File: Images/hinh_2_14.png Graphic file (type png)
<use Images/hinh_2_14.png>
Package pdftex.def Info: Images/hinh_2_14.png  used on input line 731.
(pdftex.def)             Requested size: 417.23935pt x 268.36295pt.
[44] [45 <./Images/hinh_2_14.png>]
<Images/hinh_2_15.png, id=706, 403.5075pt x 238.39063pt>
File: Images/hinh_2_15.png Graphic file (type png)
<use Images/hinh_2_15.png>
Package pdftex.def Info: Images/hinh_2_15.png  used on input line 752.
(pdftex.def)             Requested size: 242.10637pt x 143.03546pt.
<Images/hinh_2_16.png, id=709, 379.4175pt x 245.41687pt>
File: Images/hinh_2_16.png Graphic file (type png)
<use Images/hinh_2_16.png>
Package pdftex.def Info: Images/hinh_2_16.png  used on input line 766.
(pdftex.def)             Requested size: 227.65225pt x 147.25125pt.
 [46 <./Images/hinh_2_15.png> <./Images/hinh_2_16.png>] [47] [48]
<Images/hinh_2_17.png, id=746, 575.751pt x 332.442pt>
File: Images/hinh_2_17.png Graphic file (type png)
<use Images/hinh_2_17.png>
Package pdftex.def Info: Images/hinh_2_17.png  used on input line 849.
(pdftex.def)             Requested size: 374.23372pt x 216.08473pt.
 [49]
Underfull \hbox (badness 10000) in alignment at lines 890--890
[][][][][][] 
 []

<Images/hinh_2_18.png, id=752, 508.90125pt x 337.86224pt>
File: Images/hinh_2_18.png Graphic file (type png)
<use Images/hinh_2_18.png>
Package pdftex.def Info: Images/hinh_2_18.png  used on input line 896.
(pdftex.def)             Requested size: 381.675pt x 253.39604pt.
[50 <./Images/hinh_2_17.png>] [51 <./Images/hinh_2_18.png>]
<Images/hinh_2_19.png, id=764, 335.2525pt x 306.14375pt>
File: Images/hinh_2_19.png Graphic file (type png)
<use Images/hinh_2_19.png>
Package pdftex.def Info: Images/hinh_2_19.png  used on input line 932.
(pdftex.def)             Requested size: 167.62584pt x 153.07149pt.
<Images/hinh_2_20.png, id=767, 228.35312pt x 271.0125pt>
File: Images/hinh_2_20.png Graphic file (type png)
<use Images/hinh_2_20.png>
Package pdftex.def Info: Images/hinh_2_20.png  used on input line 944.
(pdftex.def)             Requested size: 114.17627pt x 135.5059pt.
 [52 <./Images/hinh_2_19.png>] [53 <./Images/hinh_2_20.png>]
<Images/hinh_2_21.png, id=789, 217.81375pt x 340.27126pt>
File: Images/hinh_2_21.png Graphic file (type png)
<use Images/hinh_2_21.png>
Package pdftex.def Info: Images/hinh_2_21.png  used on input line 982.
(pdftex.def)             Requested size: 130.68924pt x 204.16432pt.

Underfull \hbox (badness 10000) in paragraph at lines 977--986

 []

[54 <./Images/hinh_2_21.png>]
<Images/hinh_2_22.png, id=800, 314.67563pt x 347.2975pt>
File: Images/hinh_2_22.png Graphic file (type png)
<use Images/hinh_2_22.png>
Package pdftex.def Info: Images/hinh_2_22.png  used on input line 1013.
(pdftex.def)             Requested size: 220.27142pt x 243.10658pt.
 [55] [56 <./Images/hinh_2_22.png>]
Underfull \hbox (badness 10000) in alignment at lines 1078--1078
[][][][][][] 
 []

<Images/hinh_2_23.png, id=817, 498.663pt x 249.93375pt>
File: Images/hinh_2_23.png Graphic file (type png)
<use Images/hinh_2_23.png>
Package pdftex.def Info: Images/hinh_2_23.png  used on input line 1084.
(pdftex.def)             Requested size: 398.93094pt x 199.94727pt.
[57]
<Images/hinh_2_24.png, id=822, 275.52937pt x 320.19624pt>
File: Images/hinh_2_24.png Graphic file (type png)
<use Images/hinh_2_24.png>
Package pdftex.def Info: Images/hinh_2_24.png  used on input line 1094.
(pdftex.def)             Requested size: 151.54161pt x 176.10846pt.
 [58 <./Images/hinh_2_23.png> <./Images/hinh_2_24.png>] [59] [60]
Underfull \hbox (badness 10000) in alignment at lines 1211--1211
[][][][][][] 
 []

<Images/hinh_2_25.png, id=847, 501.67426pt x 275.22826pt>
File: Images/hinh_2_25.png Graphic file (type png)
<use Images/hinh_2_25.png>
Package pdftex.def Info: Images/hinh_2_25.png  used on input line 1217.
(pdftex.def)             Requested size: 451.50266pt x 247.70314pt.

Overfull \hbox (10.48492pt too wide) in paragraph at lines 1217--1219
 [][] 
 []

[61]
<Images/hinh_2_26.png, id=852, 376.40625pt x 233.37187pt>
File: Images/hinh_2_26.png Graphic file (type png)
<use Images/hinh_2_26.png>
Package pdftex.def Info: Images/hinh_2_26.png  used on input line 1226.
(pdftex.def)             Requested size: 225.84547pt x 140.02419pt.
 [62 <./Images/hinh_2_25.png> <./Images/hinh_2_26.png>] [63] [64]
<Images/nocaption.png, id=875, 429.10312pt x 248.42813pt>
File: Images/nocaption.png Graphic file (type png)
<use Images/nocaption.png>
Package pdftex.def Info: Images/nocaption.png  used on input line 1287.
(pdftex.def)             Requested size: 257.46385pt x 149.05801pt.
 [65 <./Images/nocaption.png>] [66]
Underfull \hbox (badness 10000) in alignment at lines 1388--1388
[][][][][][] 
 []

<Images/hinh_2_27.png, id=894, 537.207pt x 202.356pt>
File: Images/hinh_2_27.png Graphic file (type png)
<use Images/hinh_2_27.png>
Package pdftex.def Info: Images/hinh_2_27.png  used on input line 1394.
(pdftex.def)             Requested size: 445.8817pt x 167.95543pt.

Overfull \hbox (4.86397pt too wide) in paragraph at lines 1394--1396
 [][] 
 []

[67]) [68 <./Images/hinh_2_27.png>] (ket_luan.tex) [69]
\openout2 = `tailieu.aux'.

 (tailieu.tex
LaTeX Font Info:    Trying to load font information for T5+cmtt on input line 4
4.

(D:\Program Files\MikTex\tex/latex/vntex\t5cmtt.fd
File: t5cmtt.fd 1999/05/25 v2.5h Standard LaTeX font definitions
)
Underfull \hbox (badness 1360) in paragraph at lines 43--45
[]\T5/ptm/m/it/13 American Chem-i-cal So-ci-ety Na-tional His-toric Chem-i-cal 
Land-marks. Dis-
 []

) [70

] (main.aux (tailieu.aux))
Package rerunfilecheck Info: File `main.out' has not changed.
(rerunfilecheck)             Checksum: 444A0D74DC4167EC60353D9020FAA414;8888.
 ) 
Here is how much of TeX's memory you used:
 24282 strings out of 479321
 434670 string characters out of 2866504
 841621 words of memory out of 3000000
 40990 multiletter control sequences out of 15000+600000
 470757 words of font info for 131 fonts, out of 8000000 for 9000
 1141 hyphenation exceptions out of 8191
 111i,15n,116p,1210b,448s stack positions out of 5000i,500n,10000p,200000b,80000s
{D:/Program Files/MikTex/fonts/enc/dvips/vntex/t5.enc}{D:/Program Files/MikTe
x/fonts/enc/dvips/base/8r.enc}<D:/Program Files/MikTex/fonts/type1/public/amsfo
nts/cm/cmex10.pfb><D:/Program Files/MikTex/fonts/type1/public/amsfonts/cm/cmmi1
0.pfb><D:/Program Files/MikTex/fonts/type1/public/amsfonts/cm/cmr10.pfb><D:/Pro
gram Files/MikTex/fonts/type1/public/amsfonts/cm/cmsy10.pfb><D:/Program Files/M
ikTex/fonts/type1/urw/symbol/usyr.pfb><D:/Program Files/MikTex/fonts/type1/urw/
symbol/usyr.pfb><D:/Program Files/MikTex/fonts/type1/urw/times/utmb8a.pfb><D:/P
rogram Files/MikTex/fonts/type1/vntex/urwvn/utmb8v.pfb><D:/Program Files/MikTex
/fonts/type1/urw/times/utmr8a.pfb><D:/Program Files/MikTex/fonts/type1/vntex/ur
wvn/utmr8v.pfb><D:/Program Files/MikTex/fonts/type1/urw/times/utmri8a.pfb><D:/P
rogram Files/MikTex/fonts/type1/vntex/urwvn/utmri8v.pfb><D:/Program Files/MikTe
x/fonts/type1/vntex/vnr/vntt12.pfb>
Output written on main.pdf (72 pages, 6429284 bytes).
PDF statistics:
 1003 PDF objects out of 1200 (max. 8388607)
 193 named destinations out of 1000 (max. 500000)
 547 words of extra memory for PDF output out of 10000 (max. 10000000)

